<?xml version="1.0" encoding="UTF-8"?>
<coverage generated="1781193280318" clover="3.2.0">
  <project timestamp="1781193280318" name="All files">
    <metrics statements="672" coveredstatements="649" conditionals="709" coveredconditionals="622" methods="103" coveredmethods="87" elements="1484" coveredelements="1358" complexity="0" loc="672" ncloc="672" packages="8" files="11" classes="11"/>
    <package name="app.api.rondas">
      <metrics statements="15" coveredstatements="14" conditionals="14" coveredconditionals="12" methods="2" coveredmethods="1"/>
      <file name="route.ts" path="/Users/ftorresbaeza/Codelco/PERSONAL/CBSecurity/app/api/rondas/route.ts">
        <metrics statements="15" coveredstatements="14" conditionals="14" coveredconditionals="12" methods="2" coveredmethods="1"/>
        <line num="1" count="1" type="stmt"/>
        <line num="2" count="1" type="stmt"/>
        <line num="3" count="1" type="stmt"/>
        <line num="5" count="1" type="stmt"/>
        <line num="6" count="3" type="stmt"/>
        <line num="7" count="3" type="cond" truecount="6" falsecount="0"/>
        <line num="8" count="1" type="stmt"/>
        <line num="11" count="2" type="stmt"/>
        <line num="12" count="2" type="stmt"/>
        <line num="14" count="2" type="cond" truecount="1" falsecount="1"/>
        <line num="15" count="0" type="stmt"/>
        <line num="18" count="2" type="stmt"/>
        <line num="20" count="2" type="cond" truecount="2" falsecount="0"/>
        <line num="21" count="1" type="cond" truecount="3" falsecount="1"/>
        <line num="24" count="1" type="stmt"/>
      </file>
    </package>
    <package name="app.api.rondas.[id].complete">
      <metrics statements="12" coveredstatements="12" conditionals="8" coveredconditionals="8" methods="1" coveredmethods="1"/>
      <file name="route.ts" path="/Users/ftorresbaeza/Codelco/PERSONAL/CBSecurity/app/api/rondas/[id]/complete/route.ts">
        <metrics statements="12" coveredstatements="12" conditionals="8" coveredconditionals="8" methods="1" coveredmethods="1"/>
        <line num="1" count="1" type="stmt"/>
        <line num="2" count="1" type="stmt"/>
        <line num="3" count="1" type="stmt"/>
        <line num="5" count="1" type="stmt"/>
        <line num="9" count="3" type="stmt"/>
        <line num="10" count="3" type="stmt"/>
        <line num="11" count="3" type="cond" truecount="6" falsecount="0"/>
        <line num="12" count="1" type="stmt"/>
        <line num="15" count="2" type="stmt"/>
        <line num="16" count="2" type="cond" truecount="2" falsecount="0"/>
        <line num="17" count="1" type="stmt"/>
        <line num="20" count="1" type="stmt"/>
      </file>
    </package>
    <package name="app.api.rondas.[id].manual-checkin">
      <metrics statements="87" coveredstatements="87" conditionals="86" coveredconditionals="80" methods="1" coveredmethods="1"/>
      <file name="route.ts" path="/Users/ftorresbaeza/Codelco/PERSONAL/CBSecurity/app/api/rondas/[id]/manual-checkin/route.ts">
        <metrics statements="87" coveredstatements="87" conditionals="86" coveredconditionals="80" methods="1" coveredmethods="1"/>
        <line num="1" count="1" type="stmt"/>
        <line num="2" count="1" type="stmt"/>
        <line num="3" count="1" type="stmt"/>
        <line num="4" count="1" type="stmt"/>
        <line num="5" count="1" type="stmt"/>
        <line num="6" count="1" type="stmt"/>
        <line num="10" count="1" type="stmt"/>
        <line num="14" count="30" type="stmt"/>
        <line num="15" count="30" type="stmt"/>
        <line num="16" count="30" type="cond" truecount="6" falsecount="0"/>
        <line num="17" count="1" type="stmt"/>
        <line num="20" count="29" type="stmt"/>
        <line num="21" count="29" type="stmt"/>
        <line num="22" count="29" type="stmt"/>
        <line num="23" count="29" type="stmt"/>
        <line num="24" count="29" type="stmt"/>
        <line num="25" count="29" type="stmt"/>
        <line num="26" count="29" type="stmt"/>
        <line num="27" count="29" type="stmt"/>
        <line num="29" count="29" type="cond" truecount="2" falsecount="0"/>
        <line num="30" count="1" type="stmt"/>
        <line num="32" count="28" type="cond" truecount="2" falsecount="0"/>
        <line num="33" count="1" type="stmt"/>
        <line num="36" count="27" type="cond" truecount="2" falsecount="0"/>
        <line num="37" count="27" type="cond" truecount="2" falsecount="0"/>
        <line num="38" count="27" type="cond" truecount="2" falsecount="0"/>
        <line num="41" count="27" type="cond" truecount="2" falsecount="0"/>
        <line num="42" count="1" type="stmt"/>
        <line num="44" count="26" type="cond" truecount="2" falsecount="0"/>
        <line num="45" count="1" type="stmt"/>
        <line num="49" count="25" type="cond" truecount="4" falsecount="0"/>
        <line num="50" count="1" type="stmt"/>
        <line num="54" count="24" type="stmt"/>
        <line num="58" count="24" type="cond" truecount="2" falsecount="0"/>
        <line num="59" count="1" type="stmt"/>
        <line num="63" count="23" type="stmt"/>
        <line num="64" count="23" type="cond" truecount="2" falsecount="0"/>
        <line num="65" count="22" type="stmt"/>
        <line num="68" count="22" type="stmt"/>
        <line num="71" count="1" type="stmt"/>
        <line num="74" count="1" type="stmt"/>
        <line num="76" count="23" type="cond" truecount="2" falsecount="0"/>
        <line num="77" count="2" type="stmt"/>
        <line num="81" count="21" type="stmt"/>
        <line num="85" count="21" type="cond" truecount="2" falsecount="0"/>
        <line num="86" count="1" type="stmt"/>
        <line num="89" count="20" type="stmt"/>
        <line num="90" count="20" type="stmt"/>
        <line num="93" count="20" type="stmt"/>
        <line num="94" count="20" type="stmt"/>
        <line num="95" count="20" type="cond" truecount="2" falsecount="0"/>
        <line num="96" count="19" type="cond" truecount="6" falsecount="0"/>
        <line num="97" count="1" type="stmt"/>
        <line num="98" count="1" type="stmt"/>
        <line num="99" count="18" type="cond" truecount="4" falsecount="0"/>
        <line num="100" count="1" type="stmt"/>
        <line num="101" count="1" type="stmt"/>
        <line num="102" count="17" type="cond" truecount="3" falsecount="1"/>
        <line num="103" count="17" type="stmt"/>
        <line num="104" count="17" type="stmt"/>
        <line num="105" count="17" type="cond" truecount="2" falsecount="0"/>
        <line num="106" count="2" type="stmt"/>
        <line num="107" count="2" type="stmt"/>
        <line num="110" count="1" type="cond" truecount="5" falsecount="1"/>
        <line num="111" count="1" type="stmt"/>
        <line num="115" count="20" type="cond" truecount="6" falsecount="2"/>
        <line num="116" count="20" type="stmt"/>
        <line num="117" count="20" type="stmt"/>
        <line num="120" count="20" type="stmt"/>
        <line num="121" count="20" type="stmt"/>
        <line num="125" count="20" type="cond" truecount="1" falsecount="1"/>
        <line num="126" count="20" type="cond" truecount="5" falsecount="1"/>
        <line num="127" count="12" type="stmt"/>
        <line num="131" count="12" type="stmt"/>
        <line num="132" count="12" type="stmt"/>
        <line num="140" count="8" type="cond" truecount="2" falsecount="0"/>
        <line num="141" count="1" type="stmt"/>
        <line num="142" count="1" type="stmt"/>
        <line num="143" count="1" type="stmt"/>
        <line num="144" count="1" type="stmt"/>
        <line num="153" count="7" type="stmt"/>
        <line num="158" count="20" type="stmt"/>
        <line num="162" count="20" type="stmt"/>
        <line num="165" count="20" type="stmt"/>
        <line num="184" count="20" type="stmt"/>
        <line num="185" count="20" type="stmt"/>
        <line num="201" count="20" type="stmt"/>
      </file>
    </package>
    <package name="app.api.rondas.[id].visit">
      <metrics statements="75" coveredstatements="75" conditionals="66" coveredconditionals="65" methods="1" coveredmethods="1"/>
      <file name="route.ts" path="/Users/ftorresbaeza/Codelco/PERSONAL/CBSecurity/app/api/rondas/[id]/visit/route.ts">
        <metrics statements="75" coveredstatements="75" conditionals="66" coveredconditionals="65" methods="1" coveredmethods="1"/>
        <line num="1" count="1" type="stmt"/>
        <line num="2" count="1" type="stmt"/>
        <line num="3" count="1" type="stmt"/>
        <line num="4" count="1" type="stmt"/>
        <line num="5" count="1" type="stmt"/>
        <line num="6" count="1" type="stmt"/>
        <line num="10" count="1" type="stmt"/>
        <line num="14" count="20" type="stmt"/>
        <line num="15" count="20" type="stmt"/>
        <line num="16" count="20" type="cond" truecount="6" falsecount="0"/>
        <line num="17" count="1" type="stmt"/>
        <line num="20" count="19" type="stmt"/>
        <line num="21" count="19" type="stmt"/>
        <line num="29" count="19" type="cond" truecount="2" falsecount="0"/>
        <line num="30" count="1" type="stmt"/>
        <line num="33" count="18" type="stmt"/>
        <line num="37" count="18" type="cond" truecount="2" falsecount="0"/>
        <line num="38" count="1" type="stmt"/>
        <line num="42" count="17" type="stmt"/>
        <line num="43" count="17" type="cond" truecount="6" falsecount="0"/>
        <line num="44" count="1" type="stmt"/>
        <line num="48" count="16" type="stmt"/>
        <line num="61" count="16" type="cond" truecount="2" falsecount="0"/>
        <line num="62" count="1" type="stmt"/>
        <line num="66" count="15" type="stmt"/>
        <line num="67" count="15" type="cond" truecount="2" falsecount="0"/>
        <line num="68" count="1" type="stmt"/>
        <line num="71" count="14" type="stmt"/>
        <line num="72" count="14" type="stmt"/>
        <line num="75" count="14" type="stmt"/>
        <line num="76" count="14" type="cond" truecount="2" falsecount="0"/>
        <line num="77" count="13" type="stmt"/>
        <line num="78" count="13" type="stmt"/>
        <line num="85" count="2" type="cond" truecount="4" falsecount="0"/>
        <line num="86" count="1" type="stmt"/>
        <line num="88" count="1" type="stmt"/>
        <line num="93" count="12" type="stmt"/>
        <line num="94" count="12" type="cond" truecount="2" falsecount="0"/>
        <line num="95" count="11" type="cond" truecount="2" falsecount="0"/>
        <line num="96" count="1" type="stmt"/>
        <line num="101" count="11" type="stmt"/>
        <line num="102" count="11" type="cond" truecount="4" falsecount="0"/>
        <line num="103" count="1" type="stmt"/>
        <line num="105" count="10" type="cond" truecount="2" falsecount="0"/>
        <line num="106" count="8" type="cond" truecount="4" falsecount="0"/>
        <line num="108" count="1" type="stmt"/>
        <line num="109" count="1" type="stmt"/>
        <line num="110" count="7" type="cond" truecount="4" falsecount="0"/>
        <line num="111" count="1" type="stmt"/>
        <line num="112" count="1" type="stmt"/>
        <line num="113" count="6" type="cond" truecount="4" falsecount="0"/>
        <line num="114" count="5" type="stmt"/>
        <line num="115" count="5" type="stmt"/>
        <line num="116" count="5" type="cond" truecount="2" falsecount="0"/>
        <line num="117" count="1" type="stmt"/>
        <line num="118" count="1" type="stmt"/>
        <line num="124" count="10" type="stmt"/>
        <line num="125" count="10" type="stmt"/>
        <line num="130" count="10" type="cond" truecount="2" falsecount="0"/>
        <line num="131" count="7" type="cond" truecount="5" falsecount="1"/>
        <line num="132" count="3" type="stmt"/>
        <line num="136" count="3" type="stmt"/>
        <line num="137" count="3" type="stmt"/>
        <line num="145" count="4" type="cond" truecount="2" falsecount="0"/>
        <line num="146" count="1" type="stmt"/>
        <line num="147" count="1" type="stmt"/>
        <line num="148" count="1" type="stmt"/>
        <line num="149" count="1" type="stmt"/>
        <line num="158" count="3" type="stmt"/>
        <line num="163" count="10" type="stmt"/>
        <line num="167" count="10" type="stmt"/>
        <line num="170" count="10" type="stmt"/>
        <line num="188" count="10" type="stmt"/>
        <line num="189" count="10" type="stmt"/>
        <line num="198" count="10" type="stmt"/>
      </file>
    </package>
    <package name="components.admin">
      <metrics statements="104" coveredstatements="82" conditionals="111" coveredconditionals="67" methods="33" coveredmethods="20"/>
      <file name="CheckpointMapView.tsx" path="/Users/ftorresbaeza/Codelco/PERSONAL/CBSecurity/components/admin/CheckpointMapView.tsx">
        <metrics statements="57" coveredstatements="48" conditionals="80" coveredconditionals="53" methods="18" coveredmethods="14"/>
        <line num="3" count="1" type="stmt"/>
        <line num="4" count="1" type="stmt"/>
        <line num="37" count="16" type="stmt"/>
        <line num="40" count="32" type="cond" truecount="1" falsecount="1"/>
        <line num="41" count="32" type="stmt"/>
        <line num="42" count="32" type="cond" truecount="1" falsecount="1"/>
        <line num="43" count="32" type="stmt"/>
        <line num="55" count="0" type="stmt"/>
        <line num="64" count="1" type="stmt"/>
        <line num="78" count="16" type="cond" truecount="3" falsecount="1"/>
        <line num="79" count="16" type="stmt"/>
        <line num="80" count="16" type="stmt"/>
        <line num="81" count="16" type="stmt"/>
        <line num="82" count="16" type="stmt"/>
        <line num="83" count="16" type="stmt"/>
        <line num="85" count="16" type="stmt"/>
        <line num="86" count="34" type="cond" truecount="2" falsecount="0"/>
        <line num="89" count="16" type="stmt"/>
        <line num="96" count="16" type="stmt"/>
        <line num="97" count="7" type="cond" truecount="2" falsecount="2"/>
        <line num="98" count="0" type="stmt"/>
        <line num="99" count="0" type="stmt"/>
        <line num="104" count="16" type="stmt"/>
        <line num="105" count="16" type="cond" truecount="2" falsecount="0"/>
        <line num="106" count="9" type="stmt"/>
        <line num="107" count="18" type="cond" truecount="2" falsecount="0"/>
        <line num="110" count="9" type="stmt"/>
        <line num="111" count="4" type="cond" truecount="1" falsecount="1"/>
        <line num="112" count="0" type="stmt"/>
        <line num="113" count="0" type="stmt"/>
        <line num="117" count="9" type="stmt"/>
        <line num="118" count="18" type="cond" truecount="3" falsecount="1"/>
        <line num="119" count="18" type="stmt"/>
        <line num="120" count="18" type="cond" truecount="2" falsecount="0"/>
        <line num="121" count="4" type="stmt"/>
        <line num="122" count="4" type="stmt"/>
        <line num="124" count="14" type="stmt"/>
        <line num="134" count="14" type="stmt"/>
        <line num="140" count="16" type="stmt"/>
        <line num="141" count="7" type="stmt"/>
        <line num="142" count="14" type="stmt"/>
        <line num="143" count="7" type="stmt"/>
        <line num="148" count="16" type="stmt"/>
        <line num="150" count="1" type="cond" truecount="3" falsecount="1"/>
        <line num="155" count="16" type="cond" truecount="3" falsecount="1"/>
        <line num="156" count="0" type="stmt"/>
        <line num="163" count="16" type="stmt"/>
        <line num="179" count="7" type="stmt"/>
        <line num="180" count="7" type="stmt"/>
        <line num="181" count="7" type="stmt"/>
        <line num="185" count="32" type="cond" truecount="3" falsecount="1"/>
        <line num="186" count="32" type="stmt"/>
        <line num="197" count="2" type="stmt"/>
        <line num="198" count="2" type="cond" truecount="4" falsecount="0"/>
        <line num="201" count="0" type="cond" truecount="0" falsecount="4"/>
        <line num="219" count="0" type="cond" truecount="0" falsecount="4"/>
        <line num="228" count="0" type="stmt"/>
      </file>
      <file name="GoogleMapPicker.tsx" path="/Users/ftorresbaeza/Codelco/PERSONAL/CBSecurity/components/admin/GoogleMapPicker.tsx">
        <metrics statements="29" coveredstatements="26" conditionals="20" coveredconditionals="11" methods="5" coveredmethods="5"/>
        <line num="3" count="1" type="stmt"/>
        <line num="4" count="1" type="stmt"/>
        <line num="12" count="1" type="stmt"/>
        <line num="17" count="1" type="stmt"/>
        <line num="24" count="1" type="stmt"/>
        <line num="25" count="6" type="cond" truecount="3" falsecount="1"/>
        <line num="26" count="6" type="stmt"/>
        <line num="27" count="6" type="stmt"/>
        <line num="28" count="6" type="stmt"/>
        <line num="31" count="6" type="stmt"/>
        <line num="32" count="4" type="cond" truecount="3" falsecount="1"/>
        <line num="33" count="0" type="stmt"/>
        <line num="34" count="0" type="cond" truecount="0" falsecount="4"/>
        <line num="39" count="6" type="stmt"/>
        <line num="41" count="1" type="cond" truecount="1" falsecount="1"/>
        <line num="42" count="1" type="stmt"/>
        <line num="43" count="1" type="stmt"/>
        <line num="44" count="1" type="stmt"/>
        <line num="45" count="1" type="stmt"/>
        <line num="51" count="6" type="stmt"/>
        <line num="53" count="1" type="cond" truecount="1" falsecount="1"/>
        <line num="54" count="1" type="stmt"/>
        <line num="55" count="1" type="stmt"/>
        <line num="56" count="1" type="stmt"/>
        <line num="57" count="1" type="stmt"/>
        <line num="63" count="6" type="cond" truecount="3" falsecount="1"/>
        <line num="64" count="0" type="stmt"/>
        <line num="71" count="6" type="stmt"/>
        <line num="78" count="4" type="stmt"/>
      </file>
      <file name="MapFallback.tsx" path="/Users/ftorresbaeza/Codelco/PERSONAL/CBSecurity/components/admin/MapFallback.tsx">
        <metrics statements="18" coveredstatements="8" conditionals="11" coveredconditionals="3" methods="10" coveredmethods="1"/>
        <line num="3" count="1" type="stmt"/>
        <line num="4" count="1" type="stmt"/>
        <line num="6" count="1" type="stmt"/>
        <line num="7" count="0" type="stmt"/>
        <line num="8" count="0" type="stmt"/>
        <line num="11" count="1" type="stmt"/>
        <line num="12" count="0" type="stmt"/>
        <line num="16" count="0" type="stmt"/>
        <line num="31" count="0" type="cond" truecount="0" falsecount="4"/>
        <line num="32" count="0" type="stmt"/>
        <line num="34" count="0" type="cond" truecount="0" falsecount="2"/>
        <line num="35" count="0" type="stmt"/>
        <line num="42" count="0" type="stmt"/>
        <line num="49" count="1" type="cond" truecount="0" falsecount="1"/>
        <line num="50" count="2" type="stmt"/>
        <line num="52" count="2" type="cond" truecount="3" falsecount="1"/>
        <line num="53" count="2" type="stmt"/>
        <line num="60" count="0" type="stmt"/>
      </file>
    </package>
    <package name="components.rondas">
      <metrics statements="150" coveredstatements="150" conditionals="170" coveredconditionals="163" methods="35" coveredmethods="33"/>
      <file name="QuickCheckinPanel.tsx" path="/Users/ftorresbaeza/Codelco/PERSONAL/CBSecurity/components/rondas/QuickCheckinPanel.tsx">
        <metrics statements="150" coveredstatements="150" conditionals="170" coveredconditionals="163" methods="35" coveredmethods="33"/>
        <line num="3" count="1" type="stmt"/>
        <line num="4" count="1" type="stmt"/>
        <line num="5" count="1" type="stmt"/>
        <line num="48" count="17" type="stmt"/>
        <line num="49" count="17" type="stmt"/>
        <line num="50" count="17" type="cond" truecount="2" falsecount="0"/>
        <line num="51" count="1" type="stmt"/>
        <line num="52" count="1" type="stmt"/>
        <line num="54" count="17" type="stmt"/>
        <line num="58" count="67" type="stmt"/>
        <line num="59" count="67" type="cond" truecount="2" falsecount="0"/>
        <line num="60" count="66" type="stmt"/>
        <line num="61" count="60" type="stmt"/>
        <line num="62" count="4" type="stmt"/>
        <line num="69" count="58" type="stmt"/>
        <line num="70" count="58" type="stmt"/>
        <line num="71" count="58" type="stmt"/>
        <line num="73" count="58" type="stmt"/>
        <line num="77" count="58" type="stmt"/>
        <line num="81" count="12" type="cond" truecount="2" falsecount="0"/>
        <line num="82" count="11" type="stmt"/>
        <line num="86" count="1" type="stmt"/>
        <line num="87" count="230" type="stmt"/>
        <line num="88" count="230" type="cond" truecount="8" falsecount="0"/>
        <line num="89" count="230" type="stmt"/>
        <line num="90" count="230" type="stmt"/>
        <line num="91" count="230" type="stmt"/>
        <line num="92" count="230" type="stmt"/>
        <line num="93" count="230" type="stmt"/>
        <line num="94" count="230" type="stmt"/>
        <line num="95" count="230" type="stmt"/>
        <line num="96" count="230" type="stmt"/>
        <line num="97" count="230" type="stmt"/>
        <line num="98" count="416" type="cond" truecount="5" falsecount="1"/>
        <line num="100" count="230" type="stmt"/>
        <line num="101" count="67" type="stmt"/>
        <line num="102" count="67" type="stmt"/>
        <line num="103" count="65" type="stmt"/>
        <line num="104" count="65" type="cond" truecount="2" falsecount="0"/>
        <line num="105" count="5" type="stmt"/>
        <line num="106" count="5" type="stmt"/>
        <line num="108" count="60" type="cond" truecount="5" falsecount="0"/>
        <line num="109" count="2" type="stmt"/>
        <line num="110" count="2" type="stmt"/>
        <line num="112" count="58" type="stmt"/>
        <line num="113" count="58" type="cond" truecount="2" falsecount="0"/>
        <line num="114" count="52" type="stmt"/>
        <line num="116" count="6" type="stmt"/>
        <line num="120" count="230" type="stmt"/>
        <line num="121" count="80" type="cond" truecount="4" falsecount="0"/>
        <line num="122" count="67" type="stmt"/>
        <line num="126" count="230" type="stmt"/>
        <line num="127" count="77" type="cond" truecount="4" falsecount="0"/>
        <line num="128" count="10" type="stmt"/>
        <line num="132" count="230" type="stmt"/>
        <line num="133" count="6" type="cond" truecount="3" falsecount="1"/>
        <line num="134" count="6" type="stmt"/>
        <line num="135" count="6" type="stmt"/>
        <line num="136" count="6" type="stmt"/>
        <line num="137" count="6" type="stmt"/>
        <line num="138" count="6" type="stmt"/>
        <line num="139" count="6" type="stmt"/>
        <line num="140" count="6" type="stmt"/>
        <line num="143" count="230" type="stmt"/>
        <line num="144" count="13" type="cond" truecount="1" falsecount="1"/>
        <line num="145" count="13" type="stmt"/>
        <line num="146" count="13" type="stmt"/>
        <line num="147" count="13" type="stmt"/>
        <line num="148" count="13" type="stmt"/>
        <line num="149" count="13" type="stmt"/>
        <line num="150" count="13" type="stmt"/>
        <line num="151" count="13" type="cond" truecount="2" falsecount="0"/>
        <line num="152" count="12" type="stmt"/>
        <line num="153" count="12" type="stmt"/>
        <line num="154" count="12" type="stmt"/>
        <line num="156" count="13" type="stmt"/>
        <line num="157" count="13" type="cond" truecount="1" falsecount="1"/>
        <line num="158" count="13" type="cond" truecount="1" falsecount="1"/>
        <line num="160" count="13" type="stmt"/>
        <line num="164" count="12" type="stmt"/>
        <line num="166" count="12" type="cond" truecount="2" falsecount="0"/>
        <line num="167" count="2" type="cond" truecount="4" falsecount="0"/>
        <line num="168" count="2" type="stmt"/>
        <line num="171" count="10" type="cond" truecount="3" falsecount="1"/>
        <line num="172" count="10" type="stmt"/>
        <line num="173" count="10" type="stmt"/>
        <line num="174" count="10" type="stmt"/>
        <line num="176" count="10" type="stmt"/>
        <line num="187" count="10" type="stmt"/>
        <line num="188" count="10" type="stmt"/>
        <line num="189" count="10" type="stmt"/>
        <line num="190" count="10" type="stmt"/>
        <line num="191" count="10" type="stmt"/>
        <line num="192" count="10" type="stmt"/>
        <line num="194" count="1" type="stmt"/>
        <line num="196" count="13" type="stmt"/>
        <line num="200" count="230" type="stmt"/>
        <line num="201" count="15" type="cond" truecount="4" falsecount="0"/>
        <line num="202" count="3" type="stmt"/>
        <line num="203" count="3" type="stmt"/>
        <line num="205" count="12" type="stmt"/>
        <line num="208" count="230" type="stmt"/>
        <line num="209" count="4" type="stmt"/>
        <line num="210" count="4" type="stmt"/>
        <line num="211" count="4" type="stmt"/>
        <line num="212" count="4" type="stmt"/>
        <line num="213" count="4" type="stmt"/>
        <line num="214" count="4" type="stmt"/>
        <line num="215" count="4" type="stmt"/>
        <line num="217" count="4" type="stmt"/>
        <line num="221" count="3" type="stmt"/>
        <line num="223" count="3" type="cond" truecount="2" falsecount="0"/>
        <line num="224" count="1" type="cond" truecount="3" falsecount="1"/>
        <line num="225" count="1" type="stmt"/>
        <line num="228" count="2" type="stmt"/>
        <line num="229" count="2" type="stmt"/>
        <line num="230" count="2" type="stmt"/>
        <line num="232" count="2" type="stmt"/>
        <line num="239" count="1" type="stmt"/>
        <line num="241" count="4" type="stmt"/>
        <line num="245" count="230" type="stmt"/>
        <line num="246" count="217" type="cond" truecount="4" falsecount="0"/>
        <line num="247" count="66" type="cond" truecount="2" falsecount="0"/>
        <line num="248" count="28" type="stmt"/>
        <line num="251" count="230" type="stmt"/>
        <line num="252" count="899" type="cond" truecount="2" falsecount="0"/>
        <line num="253" count="663" type="stmt"/>
        <line num="254" count="663" type="cond" truecount="2" falsecount="0"/>
        <line num="255" count="661" type="cond" truecount="2" falsecount="0"/>
        <line num="256" count="424" type="stmt"/>
        <line num="259" count="230" type="stmt"/>
        <line num="272" count="1" type="stmt"/>
        <line num="280" count="2" type="stmt"/>
        <line num="292" count="682" type="stmt"/>
        <line num="293" count="682" type="stmt"/>
        <line num="294" count="682" type="stmt"/>
        <line num="297" count="6" type="stmt"/>
        <line num="337" count="217" type="stmt"/>
        <line num="338" count="217" type="stmt"/>
        <line num="339" count="217" type="stmt"/>
        <line num="342" count="651" type="stmt"/>
        <line num="343" count="651" type="stmt"/>
        <line num="344" count="651" type="stmt"/>
        <line num="345" count="651" type="stmt"/>
        <line num="424" count="18" type="stmt"/>
        <line num="425" count="18" type="stmt"/>
        <line num="428" count="1" type="stmt"/>
        <line num="429" count="1" type="stmt"/>
        <line num="449" count="1" type="stmt"/>
        <line num="496" count="4" type="stmt"/>
      </file>
    </package>
    <package name="lib.actions">
      <metrics statements="181" coveredstatements="181" conditionals="233" coveredconditionals="209" methods="22" coveredmethods="22"/>
      <file name="rondas.ts" path="/Users/ftorresbaeza/Codelco/PERSONAL/CBSecurity/lib/actions/rondas.ts">
        <metrics statements="181" coveredstatements="181" conditionals="233" coveredconditionals="209" methods="22" coveredmethods="22"/>
        <line num="3" count="1" type="stmt"/>
        <line num="4" count="1" type="stmt"/>
        <line num="5" count="1" type="stmt"/>
        <line num="6" count="1" type="stmt"/>
        <line num="7" count="1" type="stmt"/>
        <line num="8" count="1" type="stmt"/>
        <line num="20" count="1" type="stmt"/>
        <line num="33" count="7" type="cond" truecount="4" falsecount="0"/>
        <line num="34" count="1" type="stmt"/>
        <line num="36" count="6" type="stmt"/>
        <line num="39" count="1" type="stmt"/>
        <line num="42" count="9" type="stmt"/>
        <line num="43" count="9" type="cond" truecount="6" falsecount="0"/>
        <line num="45" count="8" type="stmt"/>
        <line num="46" count="8" type="cond" truecount="2" falsecount="0"/>
        <line num="48" count="7" type="stmt"/>
        <line num="49" count="7" type="cond" truecount="2" falsecount="0"/>
        <line num="51" count="5" type="cond" truecount="2" falsecount="0"/>
        <line num="55" count="5" type="cond" truecount="2" falsecount="0"/>
        <line num="57" count="4" type="stmt"/>
        <line num="58" count="4" type="stmt"/>
        <line num="61" count="4" type="cond" truecount="2" falsecount="0"/>
        <line num="62" count="1" type="stmt"/>
        <line num="67" count="1" type="stmt"/>
        <line num="70" count="4" type="stmt"/>
        <line num="71" count="4" type="stmt"/>
        <line num="81" count="3" type="cond" truecount="2" falsecount="0"/>
        <line num="82" count="1" type="stmt"/>
        <line num="87" count="1" type="stmt"/>
        <line num="88" count="1" type="stmt"/>
        <line num="94" count="3" type="stmt"/>
        <line num="103" count="3" type="stmt"/>
        <line num="105" count="1" type="stmt"/>
        <line num="106" count="1" type="stmt"/>
        <line num="110" count="1" type="stmt"/>
        <line num="114" count="6" type="stmt"/>
        <line num="115" count="6" type="cond" truecount="6" falsecount="0"/>
        <line num="117" count="5" type="stmt"/>
        <line num="118" count="5" type="cond" truecount="2" falsecount="0"/>
        <line num="120" count="4" type="stmt"/>
        <line num="127" count="4" type="cond" truecount="2" falsecount="0"/>
        <line num="129" count="3" type="cond" truecount="4" falsecount="0"/>
        <line num="130" count="1" type="stmt"/>
        <line num="133" count="2" type="stmt"/>
        <line num="134" count="2" type="stmt"/>
        <line num="139" count="1" type="stmt"/>
        <line num="148" count="1" type="stmt"/>
        <line num="150" count="1" type="stmt"/>
        <line num="151" count="1" type="stmt"/>
        <line num="155" count="1" type="stmt"/>
        <line num="156" count="6" type="stmt"/>
        <line num="157" count="6" type="cond" truecount="6" falsecount="0"/>
        <line num="159" count="5" type="stmt"/>
        <line num="160" count="5" type="cond" truecount="2" falsecount="0"/>
        <line num="162" count="4" type="stmt"/>
        <line num="169" count="4" type="cond" truecount="2" falsecount="0"/>
        <line num="171" count="3" type="stmt"/>
        <line num="172" count="3" type="cond" truecount="2" falsecount="0"/>
        <line num="173" count="1" type="stmt"/>
        <line num="178" count="2" type="stmt"/>
        <line num="181" count="2" type="stmt"/>
        <line num="190" count="2" type="stmt"/>
        <line num="192" count="1" type="stmt"/>
        <line num="193" count="1" type="stmt"/>
        <line num="197" count="1" type="stmt"/>
        <line num="198" count="2" type="stmt"/>
        <line num="199" count="2" type="cond" truecount="4" falsecount="2"/>
        <line num="201" count="2" type="cond" truecount="2" falsecount="0"/>
        <line num="205" count="2" type="stmt"/>
        <line num="231" count="2" type="stmt"/>
        <line num="236" count="1" type="cond" truecount="1" falsecount="0"/>
        <line num="237" count="8" type="stmt"/>
        <line num="238" count="8" type="cond" truecount="4" falsecount="2"/>
        <line num="240" count="8" type="stmt"/>
        <line num="241" count="8" type="cond" truecount="2" falsecount="0"/>
        <line num="243" count="7" type="stmt"/>
        <line num="244" count="7" type="cond" truecount="2" falsecount="0"/>
        <line num="246" count="6" type="stmt"/>
        <line num="255" count="6" type="cond" truecount="2" falsecount="0"/>
        <line num="257" count="5" type="stmt"/>
        <line num="261" count="5" type="cond" truecount="2" falsecount="0"/>
        <line num="263" count="4" type="stmt"/>
        <line num="264" count="4" type="cond" truecount="5" falsecount="0"/>
        <line num="265" count="1" type="stmt"/>
        <line num="266" count="2" type="cond" truecount="6" falsecount="2"/>
        <line num="267" count="3" type="stmt"/>
        <line num="268" count="1" type="stmt"/>
        <line num="269" count="2" type="stmt"/>
        <line num="270" count="2" type="stmt"/>
        <line num="272" count="1" type="stmt"/>
        <line num="275" count="4" type="stmt"/>
        <line num="276" count="4" type="stmt"/>
        <line num="286" count="3" type="stmt"/>
        <line num="294" count="3" type="stmt"/>
        <line num="296" count="1" type="stmt"/>
        <line num="297" count="1" type="stmt"/>
        <line num="301" count="1" type="stmt"/>
        <line num="302" count="4" type="stmt"/>
        <line num="303" count="4" type="cond" truecount="6" falsecount="0"/>
        <line num="305" count="3" type="stmt"/>
        <line num="315" count="3" type="cond" truecount="2" falsecount="0"/>
        <line num="317" count="2" type="stmt"/>
        <line num="322" count="3" type="stmt"/>
        <line num="323" count="4" type="stmt"/>
        <line num="325" count="2" type="stmt"/>
        <line num="326" count="2" type="stmt"/>
        <line num="331" count="1" type="stmt"/>
        <line num="340" count="1" type="stmt"/>
        <line num="342" count="1" type="stmt"/>
        <line num="343" count="1" type="stmt"/>
        <line num="347" count="1" type="stmt"/>
        <line num="348" count="3" type="stmt"/>
        <line num="349" count="3" type="cond" truecount="6" falsecount="0"/>
        <line num="351" count="2" type="stmt"/>
        <line num="362" count="1" type="stmt"/>
        <line num="363" count="3" type="stmt"/>
        <line num="364" count="3" type="cond" truecount="6" falsecount="0"/>
        <line num="366" count="2" type="stmt"/>
        <line num="381" count="1" type="stmt"/>
        <line num="382" count="2" type="stmt"/>
        <line num="383" count="2" type="cond" truecount="4" falsecount="2"/>
        <line num="385" count="2" type="stmt"/>
        <line num="386" count="2" type="cond" truecount="3" falsecount="1"/>
        <line num="388" count="2" type="stmt"/>
        <line num="389" count="2" type="stmt"/>
        <line num="391" count="2" type="stmt"/>
        <line num="404" count="2" type="stmt"/>
        <line num="409" count="1" type="stmt"/>
        <line num="410" count="4" type="stmt"/>
        <line num="411" count="4" type="cond" truecount="6" falsecount="0"/>
        <line num="413" count="3" type="cond" truecount="2" falsecount="0"/>
        <line num="417" count="3" type="stmt"/>
        <line num="427" count="3" type="stmt"/>
        <line num="430" count="1" type="stmt"/>
        <line num="437" count="8" type="stmt"/>
        <line num="438" count="8" type="cond" truecount="6" falsecount="0"/>
        <line num="440" count="7" type="stmt"/>
        <line num="441" count="7" type="cond" truecount="2" falsecount="0"/>
        <line num="443" count="6" type="cond" truecount="2" falsecount="0"/>
        <line num="446" count="6" type="cond" truecount="2" falsecount="0"/>
        <line num="448" count="5" type="cond" truecount="2" falsecount="0"/>
        <line num="449" count="4" type="cond" truecount="2" falsecount="0"/>
        <line num="451" count="3" type="stmt"/>
        <line num="452" count="3" type="stmt"/>
        <line num="459" count="4" type="stmt"/>
        <line num="463" count="2" type="stmt"/>
        <line num="465" count="1" type="stmt"/>
        <line num="466" count="1" type="stmt"/>
        <line num="470" count="1" type="stmt"/>
        <line num="474" count="6" type="stmt"/>
        <line num="475" count="6" type="cond" truecount="6" falsecount="0"/>
        <line num="477" count="5" type="stmt"/>
        <line num="478" count="5" type="cond" truecount="2" falsecount="0"/>
        <line num="480" count="4" type="stmt"/>
        <line num="486" count="4" type="cond" truecount="2" falsecount="0"/>
        <line num="488" count="3" type="stmt"/>
        <line num="489" count="3" type="stmt"/>
        <line num="490" count="2" type="cond" truecount="2" falsecount="0"/>
        <line num="491" count="1" type="stmt"/>
        <line num="492" count="1" type="stmt"/>
        <line num="493" count="2" type="stmt"/>
        <line num="496" count="2" type="stmt"/>
        <line num="506" count="2" type="stmt"/>
        <line num="508" count="1" type="stmt"/>
        <line num="509" count="1" type="stmt"/>
        <line num="513" count="1" type="cond" truecount="0" falsecount="2"/>
        <line num="514" count="2" type="stmt"/>
        <line num="515" count="2" type="cond" truecount="4" falsecount="2"/>
        <line num="517" count="2" type="stmt"/>
        <line num="518" count="2" type="cond" truecount="1" falsecount="1"/>
        <line num="520" count="2" type="cond" truecount="1" falsecount="1"/>
        <line num="524" count="2" type="stmt"/>
        <line num="525" count="2" type="cond" truecount="2" falsecount="0"/>
        <line num="529" count="2" type="stmt"/>
        <line num="545" count="2" type="stmt"/>
        <line num="548" count="1" type="stmt"/>
        <line num="549" count="3" type="stmt"/>
        <line num="550" count="3" type="cond" truecount="8" falsecount="0"/>
        <line num="551" count="2" type="stmt"/>
        <line num="553" count="1" type="stmt"/>
        <line num="558" count="1" type="stmt"/>
      </file>
    </package>
    <package name="lib.utils">
      <metrics statements="48" coveredstatements="48" conditionals="21" coveredconditionals="18" methods="8" coveredmethods="8"/>
      <file name="geofence.ts" path="/Users/ftorresbaeza/Codelco/PERSONAL/CBSecurity/lib/utils/geofence.ts">
        <metrics statements="6" coveredstatements="6" conditionals="0" coveredconditionals="0" methods="1" coveredmethods="1"/>
        <line num="1" count="1" type="stmt"/>
        <line num="2" count="6" type="stmt"/>
        <line num="3" count="6" type="stmt"/>
        <line num="4" count="6" type="stmt"/>
        <line num="6" count="6" type="stmt"/>
        <line num="10" count="6" type="stmt"/>
      </file>
      <file name="rut.ts" path="/Users/ftorresbaeza/Codelco/PERSONAL/CBSecurity/lib/utils/rut.ts">
        <metrics statements="42" coveredstatements="42" conditionals="21" coveredconditionals="18" methods="7" coveredmethods="7"/>
        <line num="1" count="1" type="stmt"/>
        <line num="2" count="24" type="stmt"/>
        <line num="6" count="1" type="stmt"/>
        <line num="7" count="8" type="stmt"/>
        <line num="8" count="8" type="cond" truecount="2" falsecount="0"/>
        <line num="9" count="5" type="stmt"/>
        <line num="12" count="1" type="stmt"/>
        <line num="13" count="4" type="stmt"/>
        <line num="14" count="4" type="cond" truecount="1" falsecount="1"/>
        <line num="15" count="4" type="stmt"/>
        <line num="16" count="4" type="stmt"/>
        <line num="17" count="4" type="stmt"/>
        <line num="18" count="4" type="stmt"/>
        <line num="21" count="1" type="stmt"/>
        <line num="22" count="7" type="stmt"/>
        <line num="23" count="7" type="cond" truecount="1" falsecount="1"/>
        <line num="24" count="7" type="stmt"/>
        <line num="27" count="1" type="stmt"/>
        <line num="28" count="13" type="stmt"/>
        <line num="29" count="13" type="cond" truecount="2" falsecount="0"/>
        <line num="31" count="11" type="stmt"/>
        <line num="32" count="11" type="stmt"/>
        <line num="34" count="11" type="cond" truecount="2" falsecount="0"/>
        <line num="36" count="10" type="stmt"/>
        <line num="37" count="10" type="stmt"/>
        <line num="39" count="10" type="stmt"/>
        <line num="40" count="49" type="stmt"/>
        <line num="41" count="49" type="cond" truecount="2" falsecount="0"/>
        <line num="44" count="10" type="stmt"/>
        <line num="47" count="10" type="cond" truecount="1" falsecount="1"/>
        <line num="48" count="10" type="cond" truecount="2" falsecount="0"/>
        <line num="49" count="6" type="stmt"/>
        <line num="51" count="10" type="stmt"/>
        <line num="54" count="1" type="stmt"/>
        <line num="55" count="5" type="stmt"/>
        <line num="61" count="1" type="stmt"/>
        <line num="62" count="4" type="stmt"/>
        <line num="63" count="4" type="stmt"/>
        <line num="64" count="3" type="stmt"/>
        <line num="65" count="3" type="cond" truecount="2" falsecount="0"/>
        <line num="66" count="2" type="stmt"/>
        <line num="68" count="1" type="stmt"/>
      </file>
    </package>
  </project>
</coverage>
