{"/Users/ftorresbaeza/Codelco/PERSONAL/CBSecurity/app/api/rondas/route.ts": {"path":"/Users/ftorresbaeza/Codelco/PERSONAL/CBSecurity/app/api/rondas/route.ts","statementMap":{"0":{"start":{"line":5,"column":0},"end":{"line":5,"column":7}},"1":{"start":{"line":1,"column":0},"end":{"line":1,"column":56}},"2":{"start":{"line":2,"column":0},"end":{"line":2,"column":39}},"3":{"start":{"line":3,"column":0},"end":{"line":3,"column":50}},"4":{"start":{"line":6,"column":18},"end":{"line":6,"column":30}},"5":{"start":{"line":7,"column":2},"end":{"line":9,"column":3}},"6":{"start":{"line":8,"column":4},"end":{"line":8,"column":74}},"7":{"start":{"line":11,"column":15},"end":{"line":11,"column":49}},"8":{"start":{"line":11,"column":45},"end":{"line":11,"column":47}},"9":{"start":{"line":12,"column":35},"end":{"line":12,"column":39}},"10":{"start":{"line":14,"column":2},"end":{"line":16,"column":3}},"11":{"start":{"line":15,"column":4},"end":{"line":15,"column":84}},"12":{"start":{"line":18,"column":17},"end":{"line":18,"column":57}},"13":{"start":{"line":20,"column":2},"end":{"line":22,"column":3}},"14":{"start":{"line":21,"column":4},"end":{"line":21,"column":102}},"15":{"start":{"line":24,"column":2},"end":{"line":24,"column":79}}},"fnMap":{"0":{"name":"POST","decl":{"start":{"line":5,"column":22},"end":{"line":5,"column":26}},"loc":{"start":{"line":5,"column":43},"end":{"line":25,"column":1}}},"1":{"name":"(anonymous_1)","decl":{"start":{"line":11,"column":38},"end":{"line":11,"column":41}},"loc":{"start":{"line":11,"column":45},"end":{"line":11,"column":47}}}},"branchMap":{"0":{"loc":{"start":{"line":7,"column":2},"end":{"line":9,"column":3}},"type":"if","locations":[{"start":{"line":7,"column":2},"end":{"line":9,"column":3}},{"start":{},"end":{}}]},"1":{"loc":{"start":{"line":7,"column":7},"end":{"line":7,"column":20}},"type":"cond-expr","locations":[{"start":{"line":7,"column":14},"end":{"line":7,"column":16}},{"start":{"line":7,"column":7},"end":{"line":7,"column":20}}]},"2":{"loc":{"start":{"line":7,"column":7},"end":{"line":7,"column":16}},"type":"binary-expr","locations":[{"start":{"line":7,"column":7},"end":{"line":7,"column":16}},{"start":{"line":7,"column":7},"end":{"line":7,"column":16}}]},"3":{"loc":{"start":{"line":14,"column":2},"end":{"line":16,"column":3}},"type":"if","locations":[{"start":{"line":14,"column":2},"end":{"line":16,"column":3}},{"start":{},"end":{}}]},"4":{"loc":{"start":{"line":20,"column":2},"end":{"line":22,"column":3}},"type":"if","locations":[{"start":{"line":20,"column":2},"end":{"line":22,"column":3}},{"start":{},"end":{}}]},"5":{"loc":{"start":{"line":21,"column":61},"end":{"line":21,"column":81}},"type":"cond-expr","locations":[{"start":{"line":21,"column":72},"end":{"line":21,"column":74}},{"start":{"line":21,"column":72},"end":{"line":21,"column":81}}]},"6":{"loc":{"start":{"line":21,"column":61},"end":{"line":21,"column":74}},"type":"binary-expr","locations":[{"start":{"line":21,"column":61},"end":{"line":21,"column":74}},{"start":{"line":21,"column":72},"end":{"line":21,"column":74}}]}},"s":{"0":1,"1":1,"2":1,"3":1,"4":3,"5":3,"6":1,"7":2,"8":0,"9":2,"10":2,"11":0,"12":2,"13":2,"14":1,"15":1},"f":{"0":3,"1":0},"b":{"0":[1,2],"1":[1,2],"2":[3,2],"3":[0,2],"4":[1,1],"5":[0,1],"6":[1,1]}}
,"/Users/ftorresbaeza/Codelco/PERSONAL/CBSecurity/app/api/rondas/[id]/complete/route.ts": {"path":"/Users/ftorresbaeza/Codelco/PERSONAL/CBSecurity/app/api/rondas/[id]/complete/route.ts","statementMap":{"0":{"start":{"line":5,"column":0},"end":{"line":5,"column":7}},"1":{"start":{"line":1,"column":0},"end":{"line":1,"column":56}},"2":{"start":{"line":2,"column":0},"end":{"line":2,"column":39}},"3":{"start":{"line":3,"column":0},"end":{"line":3,"column":53}},"4":{"start":{"line":9,"column":17},"end":{"line":9,"column":29}},"5":{"start":{"line":10,"column":18},"end":{"line":10,"column":30}},"6":{"start":{"line":11,"column":2},"end":{"line":13,"column":3}},"7":{"start":{"line":12,"column":4},"end":{"line":12,"column":74}},"8":{"start":{"line":15,"column":17},"end":{"line":15,"column":40}},"9":{"start":{"line":16,"column":2},"end":{"line":18,"column":3}},"10":{"start":{"line":17,"column":4},"end":{"line":17,"column":71}},"11":{"start":{"line":20,"column":2},"end":{"line":20,"column":40}}},"fnMap":{"0":{"name":"PATCH","decl":{"start":{"line":5,"column":22},"end":{"line":5,"column":27}},"loc":{"start":{"line":7,"column":49},"end":{"line":21,"column":1}}}},"branchMap":{"0":{"loc":{"start":{"line":11,"column":2},"end":{"line":13,"column":3}},"type":"if","locations":[{"start":{"line":11,"column":2},"end":{"line":13,"column":3}},{"start":{},"end":{}}]},"1":{"loc":{"start":{"line":11,"column":7},"end":{"line":11,"column":20}},"type":"cond-expr","locations":[{"start":{"line":11,"column":14},"end":{"line":11,"column":16}},{"start":{"line":11,"column":7},"end":{"line":11,"column":20}}]},"2":{"loc":{"start":{"line":11,"column":7},"end":{"line":11,"column":16}},"type":"binary-expr","locations":[{"start":{"line":11,"column":7},"end":{"line":11,"column":16}},{"start":{"line":11,"column":7},"end":{"line":11,"column":16}}]},"3":{"loc":{"start":{"line":16,"column":2},"end":{"line":18,"column":3}},"type":"if","locations":[{"start":{"line":16,"column":2},"end":{"line":18,"column":3}},{"start":{},"end":{}}]}},"s":{"0":1,"1":1,"2":1,"3":1,"4":3,"5":3,"6":3,"7":1,"8":2,"9":2,"10":1,"11":1},"f":{"0":3},"b":{"0":[1,2],"1":[1,2],"2":[3,2],"3":[1,1]}}
,"/Users/ftorresbaeza/Codelco/PERSONAL/CBSecurity/app/api/rondas/[id]/manual-checkin/route.ts": {"path":"/Users/ftorresbaeza/Codelco/PERSONAL/CBSecurity/app/api/rondas/[id]/manual-checkin/route.ts","statementMap":{"0":{"start":{"line":10,"column":0},"end":{"line":10,"column":7}},"1":{"start":{"line":1,"column":0},"end":{"line":1,"column":56}},"2":{"start":{"line":2,"column":0},"end":{"line":2,"column":39}},"3":{"start":{"line":3,"column":0},"end":{"line":3,"column":41}},"4":{"start":{"line":4,"column":0},"end":{"line":4,"column":40}},"5":{"start":{"line":5,"column":0},"end":{"line":5,"column":57}},"6":{"start":{"line":6,"column":0},"end":{"line":6,"column":35}},"7":{"start":{"line":14,"column":26},"end":{"line":14,"column":38}},"8":{"start":{"line":15,"column":18},"end":{"line":15,"column":30}},"9":{"start":{"line":16,"column":2},"end":{"line":18,"column":3}},"10":{"start":{"line":17,"column":4},"end":{"line":17,"column":74}},"11":{"start":{"line":20,"column":19},"end":{"line":20,"column":39}},"12":{"start":{"line":21,"column":23},"end":{"line":21,"column":68}},"13":{"start":{"line":22,"column":17},"end":{"line":22,"column":36}},"14":{"start":{"line":23,"column":17},"end":{"line":23,"column":36}},"15":{"start":{"line":24,"column":25},"end":{"line":24,"column":52}},"16":{"start":{"line":25,"column":19},"end":{"line":25,"column":60}},"17":{"start":{"line":26,"column":18},"end":{"line":26,"column":58}},"18":{"start":{"line":27,"column":16},"end":{"line":27,"column":52}},"19":{"start":{"line":29,"column":2},"end":{"line":31,"column":3}},"20":{"start":{"line":30,"column":4},"end":{"line":30,"column":83}},"21":{"start":{"line":32,"column":2},"end":{"line":34,"column":3}},"22":{"start":{"line":33,"column":4},"end":{"line":33,"column":88}},"23":{"start":{"line":36,"column":14},"end":{"line":36,"column":72}},"24":{"start":{"line":37,"column":14},"end":{"line":37,"column":72}},"25":{"start":{"line":38,"column":22},"end":{"line":38,"column":96}},"26":{"start":{"line":41,"column":2},"end":{"line":43,"column":3}},"27":{"start":{"line":42,"column":4},"end":{"line":42,"column":91}},"28":{"start":{"line":44,"column":2},"end":{"line":46,"column":3}},"29":{"start":{"line":45,"column":4},"end":{"line":45,"column":89}},"30":{"start":{"line":49,"column":2},"end":{"line":51,"column":3}},"31":{"start":{"line":50,"column":4},"end":{"line":50,"column":106}},"32":{"start":{"line":54,"column":16},"end":{"line":57,"column":4}},"33":{"start":{"line":58,"column":2},"end":{"line":60,"column":3}},"34":{"start":{"line":59,"column":4},"end":{"line":59,"column":92}},"35":{"start":{"line":63,"column":26},"end":{"line":63,"column":31}},"36":{"start":{"line":64,"column":2},"end":{"line":75,"column":3}},"37":{"start":{"line":65,"column":17},"end":{"line":67,"column":6}},"38":{"start":{"line":68,"column":4},"end":{"line":68,"column":31}},"39":{"start":{"line":71,"column":15},"end":{"line":73,"column":6}},"40":{"start":{"line":74,"column":4},"end":{"line":74,"column":29}},"41":{"start":{"line":76,"column":2},"end":{"line":78,"column":3}},"42":{"start":{"line":77,"column":4},"end":{"line":77,"column":103}},"43":{"start":{"line":81,"column":21},"end":{"line":84,"column":4}},"44":{"start":{"line":85,"column":2},"end":{"line":87,"column":3}},"45":{"start":{"line":86,"column":4},"end":{"line":86,"column":91}},"46":{"start":{"line":89,"column":33},"end":{"line":89,"column":35}},"47":{"start":{"line":90,"column":29},"end":{"line":90,"column":31}},"48":{"start":{"line":93,"column":33},"end":{"line":93,"column":37}},"49":{"start":{"line":94,"column":32},"end":{"line":94,"column":36}},"50":{"start":{"line":95,"column":2},"end":{"line":112,"column":3}},"51":{"start":{"line":96,"column":4},"end":{"line":109,"column":5}},"52":{"start":{"line":97,"column":6},"end":{"line":97,"column":35}},"53":{"start":{"line":98,"column":6},"end":{"line":98,"column":47}},"54":{"start":{"line":99,"column":11},"end":{"line":109,"column":5}},"55":{"start":{"line":100,"column":6},"end":{"line":100,"column":42}},"56":{"start":{"line":101,"column":6},"end":{"line":101,"column":65}},"57":{"start":{"line":102,"column":11},"end":{"line":109,"column":5}},"58":{"start":{"line":103,"column":6},"end":{"line":103,"column":79}},"59":{"start":{"line":104,"column":6},"end":{"line":104,"column":50}},"60":{"start":{"line":105,"column":6},"end":{"line":108,"column":7}},"61":{"start":{"line":106,"column":8},"end":{"line":106,"column":40}},"62":{"start":{"line":107,"column":8},"end":{"line":107,"column":103}},"63":{"start":{"line":110,"column":9},"end":{"line":112,"column":3}},"64":{"start":{"line":111,"column":4},"end":{"line":111,"column":20}},"65":{"start":{"line":115,"column":14},"end":{"line":115,"column":71}},"66":{"start":{"line":116,"column":19},"end":{"line":116,"column":68}},"67":{"start":{"line":117,"column":15},"end":{"line":117,"column":87}},"68":{"start":{"line":120,"column":36},"end":{"line":120,"column":40}},"69":{"start":{"line":121,"column":15},"end":{"line":124,"column":4}},"70":{"start":{"line":125,"column":2},"end":{"line":155,"column":3}},"71":{"start":{"line":126,"column":4},"end":{"line":154,"column":5}},"72":{"start":{"line":127,"column":6},"end":{"line":130,"column":9}},"73":{"start":{"line":131,"column":6},"end":{"line":131,"column":25}},"74":{"start":{"line":132,"column":6},"end":{"line":139,"column":9}},"75":{"start":{"line":140,"column":11},"end":{"line":154,"column":5}},"76":{"start":{"line":141,"column":6},"end":{"line":141,"column":39}},"77":{"start":{"line":142,"column":6},"end":{"line":142,"column":26}},"78":{"start":{"line":143,"column":6},"end":{"line":143,"column":51}},"79":{"start":{"line":144,"column":6},"end":{"line":151,"column":9}},"80":{"start":{"line":153,"column":6},"end":{"line":153,"column":25}},"81":{"start":{"line":158,"column":24},"end":{"line":161,"column":4}},"82":{"start":{"line":162,"column":19},"end":{"line":162,"column":34}},"83":{"start":{"line":165,"column":16},"end":{"line":182,"column":4}},"84":{"start":{"line":184,"column":19},"end":{"line":184,"column":53}},"85":{"start":{"line":185,"column":2},"end":{"line":199,"column":5}},"86":{"start":{"line":201,"column":2},"end":{"line":213,"column":5}}},"fnMap":{"0":{"name":"POST","decl":{"start":{"line":10,"column":22},"end":{"line":10,"column":26}},"loc":{"start":{"line":12,"column":49},"end":{"line":214,"column":1}}}},"branchMap":{"0":{"loc":{"start":{"line":16,"column":2},"end":{"line":18,"column":3}},"type":"if","locations":[{"start":{"line":16,"column":2},"end":{"line":18,"column":3}},{"start":{},"end":{}}]},"1":{"loc":{"start":{"line":16,"column":7},"end":{"line":16,"column":20}},"type":"cond-expr","locations":[{"start":{"line":16,"column":14},"end":{"line":16,"column":16}},{"start":{"line":16,"column":7},"end":{"line":16,"column":20}}]},"2":{"loc":{"start":{"line":16,"column":7},"end":{"line":16,"column":16}},"type":"binary-expr","locations":[{"start":{"line":16,"column":7},"end":{"line":16,"column":16}},{"start":{"line":16,"column":7},"end":{"line":16,"column":16}}]},"3":{"loc":{"start":{"line":29,"column":2},"end":{"line":31,"column":3}},"type":"if","locations":[{"start":{"line":29,"column":2},"end":{"line":31,"column":3}},{"start":{},"end":{}}]},"4":{"loc":{"start":{"line":32,"column":2},"end":{"line":34,"column":3}},"type":"if","locations":[{"start":{"line":32,"column":2},"end":{"line":34,"column":3}},{"start":{},"end":{}}]},"5":{"loc":{"start":{"line":36,"column":14},"end":{"line":36,"column":72}},"type":"cond-expr","locations":[{"start":{"line":36,"column":32},"end":{"line":36,"column":60}},{"start":{"line":36,"column":63},"end":{"line":36,"column":72}}]},"6":{"loc":{"start":{"line":37,"column":14},"end":{"line":37,"column":72}},"type":"cond-expr","locations":[{"start":{"line":37,"column":32},"end":{"line":37,"column":60}},{"start":{"line":37,"column":63},"end":{"line":37,"column":72}}]},"7":{"loc":{"start":{"line":38,"column":22},"end":{"line":38,"column":96}},"type":"cond-expr","locations":[{"start":{"line":38,"column":48},"end":{"line":38,"column":84}},{"start":{"line":38,"column":87},"end":{"line":38,"column":96}}]},"8":{"loc":{"start":{"line":41,"column":2},"end":{"line":43,"column":3}},"type":"if","locations":[{"start":{"line":41,"column":2},"end":{"line":43,"column":3}},{"start":{},"end":{}}]},"9":{"loc":{"start":{"line":44,"column":2},"end":{"line":46,"column":3}},"type":"if","locations":[{"start":{"line":44,"column":2},"end":{"line":46,"column":3}},{"start":{},"end":{}}]},"10":{"loc":{"start":{"line":49,"column":2},"end":{"line":51,"column":3}},"type":"if","locations":[{"start":{"line":49,"column":2},"end":{"line":51,"column":3}},{"start":{},"end":{}}]},"11":{"loc":{"start":{"line":49,"column":6},"end":{"line":49,"column":37}},"type":"binary-expr","locations":[{"start":{"line":49,"column":6},"end":{"line":49,"column":13}},{"start":{"line":49,"column":17},"end":{"line":49,"column":37}}]},"12":{"loc":{"start":{"line":58,"column":2},"end":{"line":60,"column":3}},"type":"if","locations":[{"start":{"line":58,"column":2},"end":{"line":60,"column":3}},{"start":{},"end":{}}]},"13":{"loc":{"start":{"line":64,"column":2},"end":{"line":75,"column":3}},"type":"if","locations":[{"start":{"line":64,"column":2},"end":{"line":75,"column":3}},{"start":{"line":69,"column":9},"end":{"line":75,"column":3}}]},"14":{"loc":{"start":{"line":76,"column":2},"end":{"line":78,"column":3}},"type":"if","locations":[{"start":{"line":76,"column":2},"end":{"line":78,"column":3}},{"start":{},"end":{}}]},"15":{"loc":{"start":{"line":85,"column":2},"end":{"line":87,"column":3}},"type":"if","locations":[{"start":{"line":85,"column":2},"end":{"line":87,"column":3}},{"start":{},"end":{}}]},"16":{"loc":{"start":{"line":95,"column":2},"end":{"line":112,"column":3}},"type":"if","locations":[{"start":{"line":95,"column":2},"end":{"line":112,"column":3}},{"start":{"line":110,"column":9},"end":{"line":112,"column":3}}]},"17":{"loc":{"start":{"line":96,"column":4},"end":{"line":109,"column":5}},"type":"if","locations":[{"start":{"line":96,"column":4},"end":{"line":109,"column":5}},{"start":{"line":99,"column":11},"end":{"line":109,"column":5}}]},"18":{"loc":{"start":{"line":96,"column":8},"end":{"line":96,"column":74}},"type":"binary-expr","locations":[{"start":{"line":96,"column":8},"end":{"line":96,"column":25}},{"start":{"line":96,"column":29},"end":{"line":96,"column":46}},{"start":{"line":96,"column":50},"end":{"line":96,"column":60}},{"start":{"line":96,"column":64},"end":{"line":96,"column":74}}]},"19":{"loc":{"start":{"line":99,"column":11},"end":{"line":109,"column":5}},"type":"if","locations":[{"start":{"line":99,"column":11},"end":{"line":109,"column":5}},{"start":{"line":102,"column":11},"end":{"line":109,"column":5}}]},"20":{"loc":{"start":{"line":99,"column":15},"end":{"line":99,"column":61}},"type":"binary-expr","locations":[{"start":{"line":99,"column":15},"end":{"line":99,"column":40}},{"start":{"line":99,"column":44},"end":{"line":99,"column":61}}]},"21":{"loc":{"start":{"line":102,"column":11},"end":{"line":109,"column":5}},"type":"if","locations":[{"start":{"line":102,"column":11},"end":{"line":109,"column":5}},{"start":{},"end":{}}]},"22":{"loc":{"start":{"line":102,"column":15},"end":{"line":102,"column":65}},"type":"binary-expr","locations":[{"start":{"line":102,"column":15},"end":{"line":102,"column":38}},{"start":{"line":102,"column":42},"end":{"line":102,"column":65}}]},"23":{"loc":{"start":{"line":105,"column":6},"end":{"line":108,"column":7}},"type":"if","locations":[{"start":{"line":105,"column":6},"end":{"line":108,"column":7}},{"start":{},"end":{}}]},"24":{"loc":{"start":{"line":110,"column":9},"end":{"line":112,"column":3}},"type":"if","locations":[{"start":{"line":110,"column":9},"end":{"line":112,"column":3}},{"start":{},"end":{}}]},"25":{"loc":{"start":{"line":110,"column":13},"end":{"line":110,"column":81}},"type":"binary-expr","locations":[{"start":{"line":110,"column":13},"end":{"line":110,"column":30}},{"start":{"line":110,"column":34},"end":{"line":110,"column":51}},{"start":{"line":110,"column":55},"end":{"line":110,"column":66}},{"start":{"line":110,"column":70},"end":{"line":110,"column":81}}]},"26":{"loc":{"start":{"line":115,"column":14},"end":{"line":115,"column":71}},"type":"cond-expr","locations":[{"start":{"line":115,"column":62},"end":{"line":115,"column":66}},{"start":{"line":115,"column":66},"end":{"line":115,"column":71}}]},"27":{"loc":{"start":{"line":115,"column":14},"end":{"line":115,"column":66}},"type":"binary-expr","locations":[{"start":{"line":115,"column":14},"end":{"line":115,"column":66}},{"start":{"line":115,"column":62},"end":{"line":115,"column":66}}]},"28":{"loc":{"start":{"line":115,"column":14},"end":{"line":115,"column":62}},"type":"cond-expr","locations":[{"start":{"line":115,"column":38},"end":{"line":115,"column":40}},{"start":{"line":115,"column":38},"end":{"line":115,"column":62}}]},"29":{"loc":{"start":{"line":115,"column":14},"end":{"line":115,"column":40}},"type":"binary-expr","locations":[{"start":{"line":115,"column":14},"end":{"line":115,"column":40}},{"start":{"line":115,"column":38},"end":{"line":115,"column":40}}]},"30":{"loc":{"start":{"line":125,"column":2},"end":{"line":155,"column":3}},"type":"if","locations":[{"start":{"line":125,"column":2},"end":{"line":155,"column":3}},{"start":{},"end":{}}]},"31":{"loc":{"start":{"line":126,"column":4},"end":{"line":154,"column":5}},"type":"if","locations":[{"start":{"line":126,"column":4},"end":{"line":154,"column":5}},{"start":{"line":140,"column":11},"end":{"line":154,"column":5}}]},"32":{"loc":{"start":{"line":126,"column":9},"end":{"line":126,"column":33}},"type":"cond-expr","locations":[{"start":{"line":126,"column":13},"end":{"line":126,"column":15}},{"start":{"line":126,"column":9},"end":{"line":126,"column":33}}]},"33":{"loc":{"start":{"line":126,"column":9},"end":{"line":126,"column":15}},"type":"binary-expr","locations":[{"start":{"line":126,"column":9},"end":{"line":126,"column":15}},{"start":{"line":126,"column":9},"end":{"line":126,"column":15}}]},"34":{"loc":{"start":{"line":140,"column":11},"end":{"line":154,"column":5}},"type":"if","locations":[{"start":{"line":140,"column":11},"end":{"line":154,"column":5}},{"start":{"line":152,"column":11},"end":{"line":154,"column":5}}]},"35":{"loc":{"start":{"line":179,"column":15},"end":{"line":179,"column":30}},"type":"cond-expr","locations":[{"start":{"line":179,"column":15},"end":{"line":179,"column":22}},{"start":{"line":179,"column":26},"end":{"line":179,"column":30}}]},"36":{"loc":{"start":{"line":179,"column":15},"end":{"line":179,"column":26}},"type":"binary-expr","locations":[{"start":{"line":179,"column":15},"end":{"line":179,"column":26}},{"start":{"line":179,"column":15},"end":{"line":179,"column":26}}]},"37":{"loc":{"start":{"line":180,"column":18},"end":{"line":180,"column":83}},"type":"cond-expr","locations":[{"start":{"line":180,"column":55},"end":{"line":180,"column":65}},{"start":{"line":180,"column":68},"end":{"line":180,"column":83}}]},"38":{"loc":{"start":{"line":187,"column":17},"end":{"line":187,"column":115}},"type":"cond-expr","locations":[{"start":{"line":187,"column":28},"end":{"line":187,"column":55}},{"start":{"line":187,"column":59},"end":{"line":187,"column":114}}]},"39":{"loc":{"start":{"line":187,"column":59},"end":{"line":187,"column":114}},"type":"cond-expr","locations":[{"start":{"line":187,"column":70},"end":{"line":187,"column":95}},{"start":{"line":187,"column":98},"end":{"line":187,"column":114}}]},"40":{"loc":{"start":{"line":208,"column":14},"end":{"line":208,"column":61}},"type":"cond-expr","locations":[{"start":{"line":208,"column":34},"end":{"line":208,"column":54}},{"start":{"line":208,"column":57},"end":{"line":208,"column":61}}]}},"s":{"0":1,"1":1,"2":1,"3":1,"4":1,"5":1,"6":1,"7":30,"8":30,"9":30,"10":1,"11":29,"12":29,"13":29,"14":29,"15":29,"16":29,"17":29,"18":29,"19":29,"20":1,"21":28,"22":1,"23":27,"24":27,"25":27,"26":27,"27":1,"28":26,"29":1,"30":25,"31":1,"32":24,"33":24,"34":1,"35":23,"36":23,"37":22,"38":22,"39":1,"40":1,"41":23,"42":2,"43":21,"44":21,"45":1,"46":20,"47":20,"48":20,"49":20,"50":20,"51":19,"52":1,"53":1,"54":18,"55":1,"56":1,"57":17,"58":17,"59":17,"60":17,"61":2,"62":2,"63":1,"64":1,"65":20,"66":20,"67":20,"68":20,"69":20,"70":20,"71":20,"72":12,"73":12,"74":12,"75":8,"76":1,"77":1,"78":1,"79":1,"80":7,"81":20,"82":20,"83":20,"84":20,"85":20,"86":20},"f":{"0":30},"b":{"0":[1,29],"1":[1,29],"2":[30,29],"3":[1,28],"4":[1,27],"5":[19,8],"6":[19,8],"7":[19,8],"8":[1,26],"9":[1,25],"10":[1,24],"11":[25,2],"12":[1,23],"13":[22,1],"14":[2,21],"15":[1,20],"16":[19,1],"17":[1,18],"18":[19,18,18,18],"19":[1,17],"20":[18,18],"21":[17,0],"22":[17,17],"23":[2,15],"24":[1,0],"25":[1,1,1,1],"26":[20,0],"27":[20,20],"28":[0,20],"29":[20,20],"30":[20,0],"31":[12,8],"32":[0,20],"33":[20,20],"34":[1,7],"35":[1,19],"36":[20,1],"37":[5,15],"38":[5,15],"39":[1,14],"40":[17,3]}}
,"/Users/ftorresbaeza/Codelco/PERSONAL/CBSecurity/app/api/rondas/[id]/visit/route.ts": {"path":"/Users/ftorresbaeza/Codelco/PERSONAL/CBSecurity/app/api/rondas/[id]/visit/route.ts","statementMap":{"0":{"start":{"line":10,"column":0},"end":{"line":10,"column":7}},"1":{"start":{"line":1,"column":0},"end":{"line":1,"column":56}},"2":{"start":{"line":2,"column":0},"end":{"line":2,"column":39}},"3":{"start":{"line":3,"column":0},"end":{"line":3,"column":41}},"4":{"start":{"line":4,"column":0},"end":{"line":4,"column":40}},"5":{"start":{"line":5,"column":0},"end":{"line":5,"column":102}},"6":{"start":{"line":6,"column":0},"end":{"line":6,"column":57}},"7":{"start":{"line":14,"column":26},"end":{"line":14,"column":38}},"8":{"start":{"line":15,"column":18},"end":{"line":15,"column":30}},"9":{"start":{"line":16,"column":2},"end":{"line":18,"column":3}},"10":{"start":{"line":17,"column":4},"end":{"line":17,"column":74}},"11":{"start":{"line":20,"column":15},"end":{"line":20,"column":31}},"12":{"start":{"line":21,"column":53},"end":{"line":21,"column":null}},"13":{"start":{"line":29,"column":2},"end":{"line":31,"column":3}},"14":{"start":{"line":30,"column":4},"end":{"line":30,"column":76}},"15":{"start":{"line":33,"column":16},"end":{"line":36,"column":4}},"16":{"start":{"line":37,"column":2},"end":{"line":39,"column":3}},"17":{"start":{"line":38,"column":4},"end":{"line":38,"column":92}},"18":{"start":{"line":42,"column":24},"end":{"line":42,"column":58}},"19":{"start":{"line":43,"column":2},"end":{"line":45,"column":3}},"20":{"start":{"line":44,"column":4},"end":{"line":44,"column":100}},"21":{"start":{"line":48,"column":21},"end":{"line":60,"column":4}},"22":{"start":{"line":61,"column":2},"end":{"line":63,"column":3}},"23":{"start":{"line":62,"column":4},"end":{"line":62,"column":111}},"24":{"start":{"line":66,"column":18},"end":{"line":66,"column":71}},"25":{"start":{"line":67,"column":2},"end":{"line":69,"column":3}},"26":{"start":{"line":68,"column":4},"end":{"line":68,"column":85}},"27":{"start":{"line":71,"column":33},"end":{"line":71,"column":35}},"28":{"start":{"line":72,"column":29},"end":{"line":72,"column":31}},"29":{"start":{"line":75,"column":14},"end":{"line":75,"column":25}},"30":{"start":{"line":76,"column":2},"end":{"line":90,"column":3}},"31":{"start":{"line":77,"column":4},"end":{"line":89,"column":5}},"32":{"start":{"line":78,"column":6},"end":{"line":83,"column":9}},"33":{"start":{"line":85,"column":6},"end":{"line":87,"column":7}},"34":{"start":{"line":86,"column":8},"end":{"line":86,"column":128}},"35":{"start":{"line":88,"column":6},"end":{"line":88,"column":14}},"36":{"start":{"line":93,"column":21},"end":{"line":93,"column":54}},"37":{"start":{"line":94,"column":2},"end":{"line":98,"column":3}},"38":{"start":{"line":95,"column":4},"end":{"line":97,"column":5}},"39":{"start":{"line":96,"column":6},"end":{"line":96,"column":126}},"40":{"start":{"line":101,"column":33},"end":{"line":101,"column":37}},"41":{"start":{"line":102,"column":2},"end":{"line":104,"column":3}},"42":{"start":{"line":103,"column":4},"end":{"line":103,"column":108}},"43":{"start":{"line":105,"column":2},"end":{"line":121,"column":3}},"44":{"start":{"line":106,"column":4},"end":{"line":120,"column":5}},"45":{"start":{"line":108,"column":6},"end":{"line":108,"column":35}},"46":{"start":{"line":109,"column":6},"end":{"line":109,"column":73}},"47":{"start":{"line":110,"column":11},"end":{"line":120,"column":5}},"48":{"start":{"line":111,"column":6},"end":{"line":111,"column":42}},"49":{"start":{"line":112,"column":6},"end":{"line":112,"column":65}},"50":{"start":{"line":113,"column":11},"end":{"line":120,"column":5}},"51":{"start":{"line":114,"column":23},"end":{"line":114,"column":82}},"52":{"start":{"line":115,"column":6},"end":{"line":115,"column":50}},"53":{"start":{"line":116,"column":6},"end":{"line":119,"column":7}},"54":{"start":{"line":117,"column":8},"end":{"line":117,"column":40}},"55":{"start":{"line":118,"column":8},"end":{"line":118,"column":51}},"56":{"start":{"line":124,"column":36},"end":{"line":124,"column":40}},"57":{"start":{"line":125,"column":15},"end":{"line":128,"column":4}},"58":{"start":{"line":130,"column":2},"end":{"line":160,"column":3}},"59":{"start":{"line":131,"column":4},"end":{"line":159,"column":5}},"60":{"start":{"line":132,"column":6},"end":{"line":135,"column":9}},"61":{"start":{"line":136,"column":6},"end":{"line":136,"column":25}},"62":{"start":{"line":137,"column":6},"end":{"line":144,"column":9}},"63":{"start":{"line":145,"column":11},"end":{"line":159,"column":5}},"64":{"start":{"line":146,"column":6},"end":{"line":146,"column":39}},"65":{"start":{"line":147,"column":6},"end":{"line":147,"column":26}},"66":{"start":{"line":148,"column":6},"end":{"line":148,"column":51}},"67":{"start":{"line":149,"column":6},"end":{"line":156,"column":9}},"68":{"start":{"line":158,"column":6},"end":{"line":158,"column":25}},"69":{"start":{"line":163,"column":24},"end":{"line":166,"column":4}},"70":{"start":{"line":167,"column":19},"end":{"line":167,"column":34}},"71":{"start":{"line":170,"column":16},"end":{"line":185,"column":4}},"72":{"start":{"line":188,"column":19},"end":{"line":188,"column":53}},"73":{"start":{"line":189,"column":2},"end":{"line":196,"column":5}},"74":{"start":{"line":198,"column":2},"end":{"line":205,"column":5}}},"fnMap":{"0":{"name":"POST","decl":{"start":{"line":10,"column":22},"end":{"line":10,"column":26}},"loc":{"start":{"line":12,"column":49},"end":{"line":206,"column":1}}}},"branchMap":{"0":{"loc":{"start":{"line":16,"column":2},"end":{"line":18,"column":3}},"type":"if","locations":[{"start":{"line":16,"column":2},"end":{"line":18,"column":3}},{"start":{},"end":{}}]},"1":{"loc":{"start":{"line":16,"column":7},"end":{"line":16,"column":20}},"type":"cond-expr","locations":[{"start":{"line":16,"column":14},"end":{"line":16,"column":16}},{"start":{"line":16,"column":7},"end":{"line":16,"column":20}}]},"2":{"loc":{"start":{"line":16,"column":7},"end":{"line":16,"column":16}},"type":"binary-expr","locations":[{"start":{"line":16,"column":7},"end":{"line":16,"column":16}},{"start":{"line":16,"column":7},"end":{"line":16,"column":16}}]},"3":{"loc":{"start":{"line":29,"column":2},"end":{"line":31,"column":3}},"type":"if","locations":[{"start":{"line":29,"column":2},"end":{"line":31,"column":3}},{"start":{},"end":{}}]},"4":{"loc":{"start":{"line":37,"column":2},"end":{"line":39,"column":3}},"type":"if","locations":[{"start":{"line":37,"column":2},"end":{"line":39,"column":3}},{"start":{},"end":{}}]},"5":{"loc":{"start":{"line":43,"column":2},"end":{"line":45,"column":3}},"type":"if","locations":[{"start":{"line":43,"column":2},"end":{"line":45,"column":3}},{"start":{},"end":{}}]},"6":{"loc":{"start":{"line":43,"column":7},"end":{"line":43,"column":34}},"type":"cond-expr","locations":[{"start":{"line":43,"column":20},"end":{"line":43,"column":22}},{"start":{"line":43,"column":7},"end":{"line":43,"column":34}}]},"7":{"loc":{"start":{"line":43,"column":7},"end":{"line":43,"column":22}},"type":"binary-expr","locations":[{"start":{"line":43,"column":7},"end":{"line":43,"column":22}},{"start":{"line":43,"column":7},"end":{"line":43,"column":22}}]},"8":{"loc":{"start":{"line":61,"column":2},"end":{"line":63,"column":3}},"type":"if","locations":[{"start":{"line":61,"column":2},"end":{"line":63,"column":3}},{"start":{},"end":{}}]},"9":{"loc":{"start":{"line":67,"column":2},"end":{"line":69,"column":3}},"type":"if","locations":[{"start":{"line":67,"column":2},"end":{"line":69,"column":3}},{"start":{},"end":{}}]},"10":{"loc":{"start":{"line":76,"column":2},"end":{"line":90,"column":3}},"type":"if","locations":[{"start":{"line":76,"column":2},"end":{"line":90,"column":3}},{"start":{},"end":{}}]},"11":{"loc":{"start":{"line":85,"column":6},"end":{"line":87,"column":7}},"type":"if","locations":[{"start":{"line":85,"column":6},"end":{"line":87,"column":7}},{"start":{},"end":{}}]},"12":{"loc":{"start":{"line":85,"column":10},"end":{"line":85,"column":81}},"type":"binary-expr","locations":[{"start":{"line":85,"column":10},"end":{"line":85,"column":59}},{"start":{"line":85,"column":63},"end":{"line":85,"column":81}}]},"13":{"loc":{"start":{"line":94,"column":2},"end":{"line":98,"column":3}},"type":"if","locations":[{"start":{"line":94,"column":2},"end":{"line":98,"column":3}},{"start":{},"end":{}}]},"14":{"loc":{"start":{"line":95,"column":4},"end":{"line":97,"column":5}},"type":"if","locations":[{"start":{"line":95,"column":4},"end":{"line":97,"column":5}},{"start":{},"end":{}}]},"15":{"loc":{"start":{"line":102,"column":2},"end":{"line":104,"column":3}},"type":"if","locations":[{"start":{"line":102,"column":2},"end":{"line":104,"column":3}},{"start":{},"end":{}}]},"16":{"loc":{"start":{"line":102,"column":6},"end":{"line":102,"column":61}},"type":"binary-expr","locations":[{"start":{"line":102,"column":6},"end":{"line":102,"column":36}},{"start":{"line":102,"column":40},"end":{"line":102,"column":61}}]},"17":{"loc":{"start":{"line":105,"column":2},"end":{"line":121,"column":3}},"type":"if","locations":[{"start":{"line":105,"column":2},"end":{"line":121,"column":3}},{"start":{},"end":{}}]},"18":{"loc":{"start":{"line":106,"column":4},"end":{"line":120,"column":5}},"type":"if","locations":[{"start":{"line":106,"column":4},"end":{"line":120,"column":5}},{"start":{"line":110,"column":11},"end":{"line":120,"column":5}}]},"19":{"loc":{"start":{"line":106,"column":8},"end":{"line":106,"column":20}},"type":"binary-expr","locations":[{"start":{"line":106,"column":8},"end":{"line":106,"column":12}},{"start":{"line":106,"column":16},"end":{"line":106,"column":20}}]},"20":{"loc":{"start":{"line":110,"column":11},"end":{"line":120,"column":5}},"type":"if","locations":[{"start":{"line":110,"column":11},"end":{"line":120,"column":5}},{"start":{"line":113,"column":11},"end":{"line":120,"column":5}}]},"21":{"loc":{"start":{"line":110,"column":15},"end":{"line":110,"column":47}},"type":"binary-expr","locations":[{"start":{"line":110,"column":15},"end":{"line":110,"column":26}},{"start":{"line":110,"column":30},"end":{"line":110,"column":47}}]},"22":{"loc":{"start":{"line":113,"column":11},"end":{"line":120,"column":5}},"type":"if","locations":[{"start":{"line":113,"column":11},"end":{"line":120,"column":5}},{"start":{},"end":{}}]},"23":{"loc":{"start":{"line":113,"column":15},"end":{"line":113,"column":47}},"type":"binary-expr","locations":[{"start":{"line":113,"column":15},"end":{"line":113,"column":29}},{"start":{"line":113,"column":33},"end":{"line":113,"column":47}}]},"24":{"loc":{"start":{"line":116,"column":6},"end":{"line":119,"column":7}},"type":"if","locations":[{"start":{"line":116,"column":6},"end":{"line":119,"column":7}},{"start":{},"end":{}}]},"25":{"loc":{"start":{"line":130,"column":2},"end":{"line":160,"column":3}},"type":"if","locations":[{"start":{"line":130,"column":2},"end":{"line":160,"column":3}},{"start":{},"end":{}}]},"26":{"loc":{"start":{"line":131,"column":4},"end":{"line":159,"column":5}},"type":"if","locations":[{"start":{"line":131,"column":4},"end":{"line":159,"column":5}},{"start":{"line":145,"column":11},"end":{"line":159,"column":5}}]},"27":{"loc":{"start":{"line":131,"column":9},"end":{"line":131,"column":33}},"type":"cond-expr","locations":[{"start":{"line":131,"column":13},"end":{"line":131,"column":15}},{"start":{"line":131,"column":9},"end":{"line":131,"column":33}}]},"28":{"loc":{"start":{"line":131,"column":9},"end":{"line":131,"column":15}},"type":"binary-expr","locations":[{"start":{"line":131,"column":9},"end":{"line":131,"column":15}},{"start":{"line":131,"column":9},"end":{"line":131,"column":15}}]},"29":{"loc":{"start":{"line":145,"column":11},"end":{"line":159,"column":5}},"type":"if","locations":[{"start":{"line":145,"column":11},"end":{"line":159,"column":5}},{"start":{"line":157,"column":11},"end":{"line":159,"column":5}}]},"30":{"loc":{"start":{"line":183,"column":18},"end":{"line":183,"column":83}},"type":"cond-expr","locations":[{"start":{"line":183,"column":55},"end":{"line":183,"column":65}},{"start":{"line":183,"column":68},"end":{"line":183,"column":83}}]},"31":{"loc":{"start":{"line":191,"column":17},"end":{"line":191,"column":117}},"type":"cond-expr","locations":[{"start":{"line":191,"column":28},"end":{"line":191,"column":55}},{"start":{"line":191,"column":59},"end":{"line":191,"column":116}}]},"32":{"loc":{"start":{"line":191,"column":59},"end":{"line":191,"column":116}},"type":"cond-expr","locations":[{"start":{"line":191,"column":70},"end":{"line":191,"column":95}},{"start":{"line":191,"column":98},"end":{"line":191,"column":116}}]}},"s":{"0":1,"1":1,"2":1,"3":1,"4":1,"5":1,"6":1,"7":20,"8":20,"9":20,"10":1,"11":19,"12":19,"13":19,"14":1,"15":18,"16":18,"17":1,"18":17,"19":17,"20":1,"21":16,"22":16,"23":1,"24":15,"25":15,"26":1,"27":14,"28":14,"29":14,"30":14,"31":13,"32":13,"33":2,"34":1,"35":1,"36":12,"37":12,"38":11,"39":1,"40":11,"41":11,"42":1,"43":10,"44":8,"45":1,"46":1,"47":7,"48":1,"49":1,"50":6,"51":5,"52":5,"53":5,"54":1,"55":1,"56":10,"57":10,"58":10,"59":7,"60":3,"61":3,"62":3,"63":4,"64":1,"65":1,"66":1,"67":1,"68":3,"69":10,"70":10,"71":10,"72":10,"73":10,"74":10},"f":{"0":20},"b":{"0":[1,19],"1":[1,19],"2":[20,19],"3":[1,18],"4":[1,17],"5":[1,16],"6":[1,16],"7":[17,16],"8":[1,15],"9":[1,14],"10":[13,1],"11":[1,1],"12":[2,1],"13":[11,1],"14":[1,10],"15":[1,10],"16":[11,1],"17":[8,2],"18":[1,7],"19":[8,7],"20":[1,6],"21":[7,7],"22":[5,1],"23":[6,5],"24":[1,4],"25":[7,3],"26":[3,4],"27":[0,7],"28":[7,7],"29":[1,3],"30":[4,6],"31":[4,6],"32":[1,5]}}
,"/Users/ftorresbaeza/Codelco/PERSONAL/CBSecurity/components/admin/CheckpointMapView.tsx": {"path":"/Users/ftorresbaeza/Codelco/PERSONAL/CBSecurity/components/admin/CheckpointMapView.tsx","statementMap":{"0":{"start":{"line":64,"column":0},"end":{"line":64,"column":16}},"1":{"start":{"line":3,"column":0},"end":{"line":3,"column":75}},"2":{"start":{"line":4,"column":0},"end":{"line":4,"column":87}},"3":{"start":{"line":37,"column":26},"end":{"line":37,"column":73}},"4":{"start":{"line":37,"column":47},"end":{"line":37,"column":72}},"5":{"start":{"line":40,"column":2},"end":{"line":54,"column":3}},"6":{"start":{"line":41,"column":19},"end":{"line":41,"column":21}},"7":{"start":{"line":42,"column":20},"end":{"line":42,"column":80}},"8":{"start":{"line":43,"column":4},"end":{"line":53,"column":8}},"9":{"start":{"line":55,"column":2},"end":{"line":61,"column":6}},"10":{"start":{"line":78,"column":17},"end":{"line":78,"column":66}},"11":{"start":{"line":79,"column":23},"end":{"line":79,"column":67}},"12":{"start":{"line":80,"column":38},"end":{"line":80,"column":71}},"13":{"start":{"line":81,"column":17},"end":{"line":81,"column":53}},"14":{"start":{"line":82,"column":40},"end":{"line":82,"column":78}},"15":{"start":{"line":83,"column":21},"end":{"line":83,"column":71}},"16":{"start":{"line":85,"column":27},"end":{"line":86,"column":null}},"17":{"start":{"line":86,"column":61},"end":{"line":86,"column":95}},"18":{"start":{"line":89,"column":24},"end":{"line":93,"column":null}},"19":{"start":{"line":96,"column":2},"end":{"line":101,"column":14}},"20":{"start":{"line":97,"column":4},"end":{"line":100,"column":5}},"21":{"start":{"line":98,"column":6},"end":{"line":98,"column":34}},"22":{"start":{"line":99,"column":6},"end":{"line":99,"column":33}},"23":{"start":{"line":104,"column":2},"end":{"line":137,"column":38}},"24":{"start":{"line":105,"column":4},"end":{"line":105,"column":29}},"25":{"start":{"line":105,"column":22},"end":{"line":105,"column":29}},"26":{"start":{"line":106,"column":22},"end":{"line":107,"column":null}},"27":{"start":{"line":107,"column":36},"end":{"line":107,"column":68}},"28":{"start":{"line":107,"column":80},"end":{"line":107,"column":85}},"29":{"start":{"line":110,"column":4},"end":{"line":115,"column":5}},"30":{"start":{"line":111,"column":6},"end":{"line":114,"column":7}},"31":{"start":{"line":112,"column":8},"end":{"line":112,"column":28}},"32":{"start":{"line":113,"column":8},"end":{"line":113,"column":38}},"33":{"start":{"line":117,"column":4},"end":{"line":136,"column":5}},"34":{"start":{"line":118,"column":6},"end":{"line":118,"column":55}},"35":{"start":{"line":118,"column":46},"end":{"line":118,"column":55}},"36":{"start":{"line":119,"column":23},"end":{"line":119,"column":52}},"37":{"start":{"line":120,"column":6},"end":{"line":135,"column":7}},"38":{"start":{"line":121,"column":8},"end":{"line":121,"column":57}},"39":{"start":{"line":122,"column":8},"end":{"line":122,"column":41}},"40":{"start":{"line":124,"column":23},"end":{"line":133,"column":10}},"41":{"start":{"line":134,"column":8},"end":{"line":134,"column":46}},"42":{"start":{"line":140,"column":2},"end":{"line":145,"column":9}},"43":{"start":{"line":141,"column":4},"end":{"line":144,"column":6}},"44":{"start":{"line":142,"column":6},"end":{"line":142,"column":76}},"45":{"start":{"line":142,"column":56},"end":{"line":142,"column":76}},"46":{"start":{"line":143,"column":6},"end":{"line":143,"column":33}},"47":{"start":{"line":148,"column":25},"end":{"line":152,"column":null}},"48":{"start":{"line":150,"column":6},"end":{"line":150,"column":77}},"49":{"start":{"line":150,"column":34},"end":{"line":150,"column":77}},"50":{"start":{"line":155,"column":2},"end":{"line":161,"column":3}},"51":{"start":{"line":156,"column":4},"end":{"line":160,"column":6}},"52":{"start":{"line":163,"column":2},"end":{"line":252,"column":4}},"53":{"start":{"line":179,"column":8},"end":{"line":179,"column":29}},"54":{"start":{"line":180,"column":8},"end":{"line":180,"column":28}},"55":{"start":{"line":181,"column":8},"end":{"line":181,"column":71}},"56":{"start":{"line":181,"column":25},"end":{"line":181,"column":65}},"57":{"start":{"line":185,"column":22},"end":{"line":185,"column":43}},"58":{"start":{"line":186,"column":8},"end":{"line":206,"column":10}},"59":{"start":{"line":197,"column":16},"end":{"line":197,"column":34}},"60":{"start":{"line":198,"column":16},"end":{"line":198,"column":40}},"61":{"start":{"line":201,"column":16},"end":{"line":201,"column":104}},"62":{"start":{"line":201,"column":49},"end":{"line":201,"column":104}},"63":{"start":{"line":219,"column":12},"end":{"line":219,"column":101}},"64":{"start":{"line":219,"column":49},"end":{"line":219,"column":101}},"65":{"start":{"line":228,"column":30},"end":{"line":228,"column":49}}},"fnMap":{"0":{"name":"(anonymous_0)","decl":{"start":{"line":37,"column":26},"end":{"line":37,"column":27}},"loc":{"start":{"line":37,"column":47},"end":{"line":37,"column":72}}},"1":{"name":"getPinSvg","decl":{"start":{"line":39,"column":9},"end":{"line":39,"column":18}},"loc":{"start":{"line":39,"column":68},"end":{"line":62,"column":1}}},"2":{"name":"CheckpointMapView","decl":{"start":{"line":64,"column":16},"end":{"line":64,"column":33}},"loc":{"start":{"line":77,"column":8},"end":{"line":253,"column":1}}},"3":{"name":"(anonymous_3)","decl":{"start":{"line":86,"column":4},"end":{"line":86,"column":5}},"loc":{"start":{"line":86,"column":61},"end":{"line":86,"column":95}}},"4":{"name":"(anonymous_4)","decl":{"start":{"line":96,"column":12},"end":{"line":96,"column":15}},"loc":{"start":{"line":96,"column":17},"end":{"line":101,"column":3}}},"5":{"name":"(anonymous_5)","decl":{"start":{"line":104,"column":12},"end":{"line":104,"column":15}},"loc":{"start":{"line":104,"column":17},"end":{"line":137,"column":3}}},"6":{"name":"(anonymous_6)","decl":{"start":{"line":107,"column":30},"end":{"line":107,"column":32}},"loc":{"start":{"line":107,"column":36},"end":{"line":107,"column":68}}},"7":{"name":"(anonymous_7)","decl":{"start":{"line":107,"column":74},"end":{"line":107,"column":76}},"loc":{"start":{"line":107,"column":80},"end":{"line":107,"column":85}}},"8":{"name":"(anonymous_8)","decl":{"start":{"line":140,"column":12},"end":{"line":140,"column":15}},"loc":{"start":{"line":140,"column":17},"end":{"line":145,"column":3}}},"9":{"name":"(anonymous_9)","decl":{"start":{"line":141,"column":11},"end":{"line":141,"column":14}},"loc":{"start":{"line":141,"column":16},"end":{"line":144,"column":5}}},"10":{"name":"(anonymous_10)","decl":{"start":{"line":149,"column":4},"end":{"line":149,"column":5}},"loc":{"start":{"line":149,"column":37},"end":{"line":151,"column":5}}},"11":{"name":"(anonymous_11)","decl":{"start":{"line":178,"column":14},"end":{"line":178,"column":15}},"loc":{"start":{"line":178,"column":22},"end":{"line":182,"column":7}}},"12":{"name":"(anonymous_12)","decl":{"start":{"line":181,"column":19},"end":{"line":181,"column":22}},"loc":{"start":{"line":181,"column":25},"end":{"line":181,"column":65}}},"13":{"name":"(anonymous_13)","decl":{"start":{"line":184,"column":28},"end":{"line":184,"column":29}},"loc":{"start":{"line":184,"column":42},"end":{"line":207,"column":7}}},"14":{"name":"(anonymous_14)","decl":{"start":{"line":196,"column":23},"end":{"line":196,"column":26}},"loc":{"start":{"line":196,"column":28},"end":{"line":199,"column":15}}},"15":{"name":"(anonymous_15)","decl":{"start":{"line":200,"column":25},"end":{"line":200,"column":26}},"loc":{"start":{"line":200,"column":31},"end":{"line":202,"column":15}}},"16":{"name":"(anonymous_16)","decl":{"start":{"line":218,"column":21},"end":{"line":218,"column":22}},"loc":{"start":{"line":218,"column":27},"end":{"line":220,"column":11}}},"17":{"name":"(anonymous_17)","decl":{"start":{"line":228,"column":24},"end":{"line":228,"column":27}},"loc":{"start":{"line":228,"column":30},"end":{"line":228,"column":49}}}},"branchMap":{"0":{"loc":{"start":{"line":39,"column":51},"end":{"line":39,"column":68}},"type":"default-arg","locations":[{"start":{"line":39,"column":59},"end":{"line":39,"column":68}}]},"1":{"loc":{"start":{"line":40,"column":2},"end":{"line":54,"column":3}},"type":"if","locations":[{"start":{"line":40,"column":2},"end":{"line":54,"column":3}},{"start":{},"end":{}}]},"2":{"loc":{"start":{"line":42,"column":20},"end":{"line":42,"column":80}},"type":"cond-expr","locations":[{"start":{"line":42,"column":44},"end":{"line":42,"column":72}},{"start":{"line":42,"column":75},"end":{"line":42,"column":80}}]},"3":{"loc":{"start":{"line":71,"column":2},"end":{"line":71,"column":18}},"type":"default-arg","locations":[{"start":{"line":71,"column":17},"end":{"line":71,"column":18}}]},"4":{"loc":{"start":{"line":72,"column":2},"end":{"line":72,"column":17}},"type":"default-arg","locations":[{"start":{"line":72,"column":12},"end":{"line":72,"column":17}}]},"5":{"loc":{"start":{"line":76,"column":2},"end":{"line":76,"column":17}},"type":"default-arg","locations":[{"start":{"line":76,"column":11},"end":{"line":76,"column":17}}]},"6":{"loc":{"start":{"line":78,"column":17},"end":{"line":78,"column":66}},"type":"cond-expr","locations":[{"start":{"line":78,"column":60},"end":{"line":78,"column":64}},{"start":{"line":78,"column":64},"end":{"line":78,"column":66}}]},"7":{"loc":{"start":{"line":78,"column":17},"end":{"line":78,"column":64}},"type":"binary-expr","locations":[{"start":{"line":78,"column":17},"end":{"line":78,"column":64}},{"start":{"line":78,"column":60},"end":{"line":78,"column":64}}]},"8":{"loc":{"start":{"line":86,"column":61},"end":{"line":86,"column":95}},"type":"binary-expr","locations":[{"start":{"line":86,"column":61},"end":{"line":86,"column":76}},{"start":{"line":86,"column":80},"end":{"line":86,"column":95}}]},"9":{"loc":{"start":{"line":90,"column":4},"end":{"line":93,"column":41}},"type":"cond-expr","locations":[{"start":{"line":90,"column":4},"end":{"line":90,"column":10}},{"start":{"line":91,"column":5},"end":{"line":93,"column":40}}]},"10":{"loc":{"start":{"line":90,"column":4},"end":{"line":90,"column":null}},"type":"binary-expr","locations":[{"start":{"line":90,"column":4},"end":{"line":90,"column":null}},{"start":{"line":90,"column":4},"end":{"line":90,"column":null}}]},"11":{"loc":{"start":{"line":91,"column":5},"end":{"line":93,"column":40}},"type":"cond-expr","locations":[{"start":{"line":92,"column":8},"end":{"line":92,"column":70}},{"start":{"line":93,"column":8},"end":{"line":93,"column":40}}]},"12":{"loc":{"start":{"line":97,"column":4},"end":{"line":100,"column":5}},"type":"if","locations":[{"start":{"line":97,"column":4},"end":{"line":100,"column":5}},{"start":{},"end":{}}]},"13":{"loc":{"start":{"line":97,"column":8},"end":{"line":97,"column":31}},"type":"binary-expr","locations":[{"start":{"line":97,"column":8},"end":{"line":97,"column":13}},{"start":{"line":97,"column":17},"end":{"line":97,"column":31}}]},"14":{"loc":{"start":{"line":105,"column":4},"end":{"line":105,"column":29}},"type":"if","locations":[{"start":{"line":105,"column":4},"end":{"line":105,"column":29}},{"start":{},"end":{}}]},"15":{"loc":{"start":{"line":107,"column":36},"end":{"line":107,"column":68}},"type":"binary-expr","locations":[{"start":{"line":107,"column":36},"end":{"line":107,"column":48}},{"start":{"line":107,"column":52},"end":{"line":107,"column":68}}]},"16":{"loc":{"start":{"line":111,"column":6},"end":{"line":114,"column":7}},"type":"if","locations":[{"start":{"line":111,"column":6},"end":{"line":114,"column":7}},{"start":{},"end":{}}]},"17":{"loc":{"start":{"line":118,"column":6},"end":{"line":118,"column":55}},"type":"if","locations":[{"start":{"line":118,"column":6},"end":{"line":118,"column":55}},{"start":{},"end":{}}]},"18":{"loc":{"start":{"line":118,"column":10},"end":{"line":118,"column":44}},"type":"binary-expr","locations":[{"start":{"line":118,"column":10},"end":{"line":118,"column":23}},{"start":{"line":118,"column":27},"end":{"line":118,"column":44}}]},"19":{"loc":{"start":{"line":120,"column":6},"end":{"line":135,"column":7}},"type":"if","locations":[{"start":{"line":120,"column":6},"end":{"line":135,"column":7}},{"start":{"line":123,"column":13},"end":{"line":135,"column":7}}]},"20":{"loc":{"start":{"line":150,"column":6},"end":{"line":150,"column":77}},"type":"if","locations":[{"start":{"line":150,"column":6},"end":{"line":150,"column":77}},{"start":{},"end":{}}]},"21":{"loc":{"start":{"line":150,"column":10},"end":{"line":150,"column":32}},"type":"binary-expr","locations":[{"start":{"line":150,"column":10},"end":{"line":150,"column":18}},{"start":{"line":150,"column":22},"end":{"line":150,"column":32}}]},"22":{"loc":{"start":{"line":155,"column":2},"end":{"line":161,"column":3}},"type":"if","locations":[{"start":{"line":155,"column":2},"end":{"line":161,"column":3}},{"start":{},"end":{}}]},"23":{"loc":{"start":{"line":155,"column":6},"end":{"line":155,"column":48}},"type":"binary-expr","locations":[{"start":{"line":155,"column":6},"end":{"line":155,"column":15}},{"start":{"line":155,"column":19},"end":{"line":155,"column":48}}]},"24":{"loc":{"start":{"line":174,"column":25},"end":{"line":174,"column":58}},"type":"cond-expr","locations":[{"start":{"line":174,"column":35},"end":{"line":174,"column":46}},{"start":{"line":174,"column":49},"end":{"line":174,"column":58}}]},"25":{"loc":{"start":{"line":185,"column":22},"end":{"line":185,"column":43}},"type":"cond-expr","locations":[{"start":{"line":185,"column":30},"end":{"line":185,"column":34}},{"start":{"line":185,"column":34},"end":{"line":185,"column":43}}]},"26":{"loc":{"start":{"line":185,"column":22},"end":{"line":185,"column":34}},"type":"binary-expr","locations":[{"start":{"line":185,"column":22},"end":{"line":185,"column":34}},{"start":{"line":185,"column":30},"end":{"line":185,"column":34}}]},"27":{"loc":{"start":{"line":195,"column":25},"end":{"line":195,"column":65}},"type":"binary-expr","locations":[{"start":{"line":195,"column":25},"end":{"line":195,"column":42}},{"start":{"line":195,"column":46},"end":{"line":195,"column":65}}]},"28":{"loc":{"start":{"line":198,"column":16},"end":{"line":198,"column":39}},"type":"cond-expr","locations":[{"start":{"line":198,"column":33},"end":{"line":198,"column":36}},{"start":{"line":198,"column":16},"end":{"line":198,"column":39}}]},"29":{"loc":{"start":{"line":198,"column":16},"end":{"line":198,"column":36}},"type":"binary-expr","locations":[{"start":{"line":198,"column":16},"end":{"line":198,"column":36}},{"start":{"line":198,"column":16},"end":{"line":198,"column":36}}]},"30":{"loc":{"start":{"line":201,"column":16},"end":{"line":201,"column":104}},"type":"if","locations":[{"start":{"line":201,"column":16},"end":{"line":201,"column":104}},{"start":{},"end":{}}]},"31":{"loc":{"start":{"line":201,"column":20},"end":{"line":201,"column":47}},"type":"binary-expr","locations":[{"start":{"line":201,"column":20},"end":{"line":201,"column":28}},{"start":{"line":201,"column":32},"end":{"line":201,"column":47}}]},"32":{"loc":{"start":{"line":209,"column":7},"end":{"line":222,"column":null}},"type":"binary-expr","locations":[{"start":{"line":209,"column":7},"end":{"line":209,"column":17}},{"start":{"line":210,"column":8},"end":{"line":221,"column":null}}]},"33":{"loc":{"start":{"line":219,"column":12},"end":{"line":219,"column":101}},"type":"if","locations":[{"start":{"line":219,"column":12},"end":{"line":219,"column":101}},{"start":{},"end":{}}]},"34":{"loc":{"start":{"line":219,"column":16},"end":{"line":219,"column":47}},"type":"binary-expr","locations":[{"start":{"line":219,"column":16},"end":{"line":219,"column":24}},{"start":{"line":219,"column":28},"end":{"line":219,"column":47}}]},"35":{"loc":{"start":{"line":225,"column":7},"end":{"line":249,"column":null}},"type":"binary-expr","locations":[{"start":{"line":225,"column":7},"end":{"line":225,"column":17}},{"start":{"line":225,"column":21},"end":{"line":225,"column":35}},{"start":{"line":225,"column":39},"end":{"line":225,"column":53}},{"start":{"line":226,"column":8},"end":{"line":248,"column":null}}]},"36":{"loc":{"start":{"line":232,"column":13},"end":{"line":237,"column":null}},"type":"binary-expr","locations":[{"start":{"line":232,"column":14},"end":{"line":232,"column":33}},{"start":{"line":232,"column":37},"end":{"line":232,"column":53}},{"start":{"line":232,"column":57},"end":{"line":232,"column":74}},{"start":{"line":233,"column":14},"end":{"line":236,"column":null}}]},"37":{"loc":{"start":{"line":234,"column":39},"end":{"line":234,"column":85}},"type":"binary-expr","locations":[{"start":{"line":234,"column":39},"end":{"line":234,"column":55}},{"start":{"line":234,"column":59},"end":{"line":234,"column":85}}]},"38":{"loc":{"start":{"line":242,"column":13},"end":{"line":243,"column":null}},"type":"binary-expr","locations":[{"start":{"line":242,"column":13},"end":{"line":242,"column":33}},{"start":{"line":243,"column":14},"end":{"line":243,"column":95}}]},"39":{"loc":{"start":{"line":246,"column":15},"end":{"line":246,"column":78}},"type":"cond-expr","locations":[{"start":{"line":246,"column":49},"end":{"line":246,"column":62}},{"start":{"line":246,"column":65},"end":{"line":246,"column":78}}]}},"s":{"0":1,"1":1,"2":1,"3":1,"4":16,"5":32,"6":32,"7":32,"8":32,"9":0,"10":16,"11":16,"12":16,"13":16,"14":16,"15":16,"16":16,"17":34,"18":16,"19":16,"20":7,"21":0,"22":0,"23":16,"24":16,"25":7,"26":9,"27":18,"28":18,"29":9,"30":4,"31":0,"32":0,"33":9,"34":18,"35":0,"36":18,"37":18,"38":4,"39":4,"40":14,"41":14,"42":16,"43":7,"44":7,"45":14,"46":7,"47":16,"48":1,"49":1,"50":16,"51":0,"52":16,"53":7,"54":7,"55":7,"56":0,"57":32,"58":32,"59":2,"60":2,"61":0,"62":0,"63":0,"64":0,"65":0},"f":{"0":16,"1":32,"2":16,"3":34,"4":7,"5":16,"6":18,"7":18,"8":7,"9":7,"10":1,"11":7,"12":0,"13":32,"14":2,"15":0,"16":0,"17":0},"b":{"0":[0],"1":[32,0],"2":[0,32],"3":[16],"4":[16],"5":[16],"6":[0,16],"7":[16,16],"8":[34,32],"9":[0,16],"10":[16,16],"11":[16,0],"12":[0,7],"13":[7,0],"14":[7,9],"15":[18,18],"16":[0,4],"17":[0,18],"18":[18,18],"19":[4,14],"20":[1,0],"21":[1,1],"22":[0,16],"23":[16,16],"24":[0,16],"25":[32,0],"26":[32,32],"27":[32,0],"28":[1,1],"29":[2,2],"30":[0,0],"31":[0,0],"32":[16,0],"33":[0,0],"34":[0,0],"35":[16,2,2,2],"36":[2,0,0,2],"37":[2,2],"38":[2,2],"39":[2,0]}}
,"/Users/ftorresbaeza/Codelco/PERSONAL/CBSecurity/components/admin/GoogleMapPicker.tsx": {"path":"/Users/ftorresbaeza/Codelco/PERSONAL/CBSecurity/components/admin/GoogleMapPicker.tsx","statementMap":{"0":{"start":{"line":24,"column":0},"end":{"line":24,"column":16}},"1":{"start":{"line":3,"column":0},"end":{"line":3,"column":65}},"2":{"start":{"line":4,"column":0},"end":{"line":4,"column":75}},"3":{"start":{"line":12,"column":26},"end":{"line":15,"column":2}},"4":{"start":{"line":17,"column":19},"end":{"line":22,"column":2}},"5":{"start":{"line":25,"column":17},"end":{"line":25,"column":66}},"6":{"start":{"line":26,"column":23},"end":{"line":26,"column":67}},"7":{"start":{"line":27,"column":46},"end":{"line":27,"column":68}},"8":{"start":{"line":28,"column":17},"end":{"line":28,"column":53}},"9":{"start":{"line":31,"column":2},"end":{"line":37,"column":17}},"10":{"start":{"line":32,"column":4},"end":{"line":35,"column":5}},"11":{"start":{"line":33,"column":6},"end":{"line":33,"column":38}},"12":{"start":{"line":34,"column":6},"end":{"line":34,"column":42}},"13":{"start":{"line":39,"column":25},"end":{"line":48,"column":null}},"14":{"start":{"line":41,"column":6},"end":{"line":46,"column":7}},"15":{"start":{"line":42,"column":23},"end":{"line":42,"column":37}},"16":{"start":{"line":43,"column":23},"end":{"line":43,"column":37}},"17":{"start":{"line":44,"column":8},"end":{"line":44,"column":56}},"18":{"start":{"line":45,"column":8},"end":{"line":45,"column":31}},"19":{"start":{"line":51,"column":30},"end":{"line":60,"column":null}},"20":{"start":{"line":53,"column":6},"end":{"line":58,"column":7}},"21":{"start":{"line":54,"column":23},"end":{"line":54,"column":37}},"22":{"start":{"line":55,"column":23},"end":{"line":55,"column":37}},"23":{"start":{"line":56,"column":8},"end":{"line":56,"column":56}},"24":{"start":{"line":57,"column":8},"end":{"line":57,"column":31}},"25":{"start":{"line":63,"column":2},"end":{"line":69,"column":3}},"26":{"start":{"line":64,"column":4},"end":{"line":68,"column":6}},"27":{"start":{"line":71,"column":2},"end":{"line":86,"column":4}},"28":{"start":{"line":78,"column":25},"end":{"line":78,"column":46}}},"fnMap":{"0":{"name":"GoogleMapPicker","decl":{"start":{"line":24,"column":16},"end":{"line":24,"column":31}},"loc":{"start":{"line":24,"column":59},"end":{"line":87,"column":1}}},"1":{"name":"(anonymous_1)","decl":{"start":{"line":31,"column":12},"end":{"line":31,"column":15}},"loc":{"start":{"line":31,"column":17},"end":{"line":37,"column":3}}},"2":{"name":"(anonymous_2)","decl":{"start":{"line":40,"column":4},"end":{"line":40,"column":5}},"loc":{"start":{"line":40,"column":37},"end":{"line":47,"column":5}}},"3":{"name":"(anonymous_3)","decl":{"start":{"line":52,"column":4},"end":{"line":52,"column":5}},"loc":{"start":{"line":52,"column":37},"end":{"line":59,"column":5}}},"4":{"name":"(anonymous_4)","decl":{"start":{"line":78,"column":14},"end":{"line":78,"column":15}},"loc":{"start":{"line":78,"column":22},"end":{"line":78,"column":48}}}},"branchMap":{"0":{"loc":{"start":{"line":25,"column":17},"end":{"line":25,"column":66}},"type":"cond-expr","locations":[{"start":{"line":25,"column":60},"end":{"line":25,"column":64}},{"start":{"line":25,"column":64},"end":{"line":25,"column":66}}]},"1":{"loc":{"start":{"line":25,"column":17},"end":{"line":25,"column":64}},"type":"binary-expr","locations":[{"start":{"line":25,"column":17},"end":{"line":25,"column":64}},{"start":{"line":25,"column":60},"end":{"line":25,"column":64}}]},"2":{"loc":{"start":{"line":32,"column":4},"end":{"line":35,"column":5}},"type":"if","locations":[{"start":{"line":32,"column":4},"end":{"line":35,"column":5}},{"start":{},"end":{}}]},"3":{"loc":{"start":{"line":32,"column":8},"end":{"line":32,"column":64}},"type":"binary-expr","locations":[{"start":{"line":32,"column":8},"end":{"line":32,"column":34}},{"start":{"line":32,"column":38},"end":{"line":32,"column":64}}]},"4":{"loc":{"start":{"line":34,"column":6},"end":{"line":34,"column":41}},"type":"cond-expr","locations":[{"start":{"line":34,"column":20},"end":{"line":34,"column":22}},{"start":{"line":34,"column":20},"end":{"line":34,"column":41}}]},"5":{"loc":{"start":{"line":34,"column":6},"end":{"line":34,"column":22}},"type":"binary-expr","locations":[{"start":{"line":34,"column":6},"end":{"line":34,"column":22}},{"start":{"line":34,"column":20},"end":{"line":34,"column":22}}]},"6":{"loc":{"start":{"line":41,"column":6},"end":{"line":46,"column":7}},"type":"if","locations":[{"start":{"line":41,"column":6},"end":{"line":46,"column":7}},{"start":{},"end":{}}]},"7":{"loc":{"start":{"line":53,"column":6},"end":{"line":58,"column":7}},"type":"if","locations":[{"start":{"line":53,"column":6},"end":{"line":58,"column":7}},{"start":{},"end":{}}]},"8":{"loc":{"start":{"line":63,"column":2},"end":{"line":69,"column":3}},"type":"if","locations":[{"start":{"line":63,"column":2},"end":{"line":69,"column":3}},{"start":{},"end":{}}]},"9":{"loc":{"start":{"line":63,"column":6},"end":{"line":63,"column":48}},"type":"binary-expr","locations":[{"start":{"line":63,"column":6},"end":{"line":63,"column":15}},{"start":{"line":63,"column":19},"end":{"line":63,"column":48}}]}},"s":{"0":1,"1":1,"2":1,"3":1,"4":1,"5":6,"6":6,"7":6,"8":6,"9":6,"10":4,"11":0,"12":0,"13":6,"14":1,"15":1,"16":1,"17":1,"18":1,"19":6,"20":1,"21":1,"22":1,"23":1,"24":1,"25":6,"26":0,"27":6,"28":4},"f":{"0":6,"1":4,"2":1,"3":1,"4":4},"b":{"0":[0,6],"1":[6,6],"2":[0,4],"3":[4,4],"4":[0,0],"5":[0,0],"6":[1,0],"7":[1,0],"8":[0,6],"9":[6,6]}}
,"/Users/ftorresbaeza/Codelco/PERSONAL/CBSecurity/components/admin/MapFallback.tsx": {"path":"/Users/ftorresbaeza/Codelco/PERSONAL/CBSecurity/components/admin/MapFallback.tsx","statementMap":{"0":{"start":{"line":49,"column":0},"end":{"line":49,"column":16}},"1":{"start":{"line":3,"column":0},"end":{"line":3,"column":35}},"2":{"start":{"line":4,"column":0},"end":{"line":4,"column":56}},"3":{"start":{"line":6,"column":28},"end":{"line":8,"column":null}},"4":{"start":{"line":7,"column":8},"end":{"line":7,"column":74}},"5":{"start":{"line":7,"column":8},"end":{"line":7,"column":40}},"6":{"start":{"line":7,"column":52},"end":{"line":7,"column":73}},"7":{"start":{"line":8,"column":31},"end":{"line":8,"column":101}},"8":{"start":{"line":11,"column":24},"end":{"line":20,"column":null}},"9":{"start":{"line":12,"column":8},"end":{"line":12,"column":66}},"10":{"start":{"line":12,"column":8},"end":{"line":12,"column":36}},"11":{"start":{"line":12,"column":48},"end":{"line":12,"column":65}},"12":{"start":{"line":16,"column":6},"end":{"line":17,"column":null}},"13":{"start":{"line":31,"column":17},"end":{"line":31,"column":66}},"14":{"start":{"line":32,"column":23},"end":{"line":32,"column":67}},"15":{"start":{"line":34,"column":2},"end":{"line":40,"column":3}},"16":{"start":{"line":35,"column":4},"end":{"line":39,"column":6}},"17":{"start":{"line":42,"column":2},"end":{"line":46,"column":4}},"18":{"start":{"line":50,"column":17},"end":{"line":50,"column":60}},"19":{"start":{"line":52,"column":2},"end":{"line":58,"column":3}},"20":{"start":{"line":53,"column":4},"end":{"line":57,"column":6}},"21":{"start":{"line":60,"column":2},"end":{"line":60,"column":66}}},"fnMap":{"0":{"name":"(anonymous_10)","decl":{"start":{"line":7,"column":2},"end":{"line":7,"column":5}},"loc":{"start":{"line":7,"column":8},"end":{"line":7,"column":74}}},"1":{"name":"(anonymous_11)","decl":{"start":{"line":7,"column":8},"end":{"line":7,"column":15}},"loc":{"start":{"line":7,"column":8},"end":{"line":7,"column":40}}},"2":{"name":"(anonymous_12)","decl":{"start":{"line":7,"column":45},"end":{"line":7,"column":46}},"loc":{"start":{"line":7,"column":52},"end":{"line":7,"column":73}}},"3":{"name":"(anonymous_13)","decl":{"start":{"line":8,"column":25},"end":{"line":8,"column":28}},"loc":{"start":{"line":8,"column":31},"end":{"line":8,"column":101}}},"4":{"name":"(anonymous_14)","decl":{"start":{"line":12,"column":2},"end":{"line":12,"column":5}},"loc":{"start":{"line":12,"column":8},"end":{"line":12,"column":66}}},"5":{"name":"(anonymous_15)","decl":{"start":{"line":12,"column":8},"end":{"line":12,"column":15}},"loc":{"start":{"line":12,"column":8},"end":{"line":12,"column":36}}},"6":{"name":"(anonymous_16)","decl":{"start":{"line":12,"column":41},"end":{"line":12,"column":42}},"loc":{"start":{"line":12,"column":48},"end":{"line":12,"column":65}}},"7":{"name":"(anonymous_17)","decl":{"start":{"line":15,"column":13},"end":{"line":15,"column":16}},"loc":{"start":{"line":16,"column":6},"end":{"line":17,"column":null}}},"8":{"name":"MapFallbackInner","decl":{"start":{"line":30,"column":9},"end":{"line":30,"column":25}},"loc":{"start":{"line":30,"column":70},"end":{"line":47,"column":1}}},"9":{"name":"MapFallback","decl":{"start":{"line":49,"column":16},"end":{"line":49,"column":27}},"loc":{"start":{"line":49,"column":75},"end":{"line":61,"column":1}}}},"branchMap":{"0":{"loc":{"start":{"line":31,"column":17},"end":{"line":31,"column":66}},"type":"cond-expr","locations":[{"start":{"line":31,"column":60},"end":{"line":31,"column":64}},{"start":{"line":31,"column":64},"end":{"line":31,"column":66}}]},"1":{"loc":{"start":{"line":31,"column":17},"end":{"line":31,"column":64}},"type":"binary-expr","locations":[{"start":{"line":31,"column":17},"end":{"line":31,"column":64}},{"start":{"line":31,"column":60},"end":{"line":31,"column":64}}]},"2":{"loc":{"start":{"line":34,"column":2},"end":{"line":40,"column":3}},"type":"if","locations":[{"start":{"line":34,"column":2},"end":{"line":40,"column":3}},{"start":{},"end":{}}]},"3":{"loc":{"start":{"line":49,"column":48},"end":{"line":49,"column":66}},"type":"default-arg","locations":[{"start":{"line":49,"column":58},"end":{"line":49,"column":66}}]},"4":{"loc":{"start":{"line":52,"column":2},"end":{"line":58,"column":3}},"type":"if","locations":[{"start":{"line":52,"column":2},"end":{"line":58,"column":3}},{"start":{},"end":{}}]},"5":{"loc":{"start":{"line":52,"column":6},"end":{"line":52,"column":38}},"type":"binary-expr","locations":[{"start":{"line":52,"column":6},"end":{"line":52,"column":27}},{"start":{"line":52,"column":31},"end":{"line":52,"column":38}}]}},"s":{"0":1,"1":1,"2":1,"3":1,"4":0,"5":0,"6":0,"7":0,"8":1,"9":0,"10":0,"11":0,"12":0,"13":0,"14":0,"15":0,"16":0,"17":0,"18":2,"19":2,"20":2,"21":0},"f":{"0":0,"1":0,"2":0,"3":0,"4":0,"5":0,"6":0,"7":0,"8":0,"9":2},"b":{"0":[0,0],"1":[0,0],"2":[0,0],"3":[0],"4":[2,0],"5":[2,1]}}
,"/Users/ftorresbaeza/Codelco/PERSONAL/CBSecurity/components/rondas/QuickCheckinPanel.tsx": {"path":"/Users/ftorresbaeza/Codelco/PERSONAL/CBSecurity/components/rondas/QuickCheckinPanel.tsx","statementMap":{"0":{"start":{"line":86,"column":0},"end":{"line":86,"column":16}},"1":{"start":{"line":3,"column":0},"end":{"line":3,"column":57}},"2":{"start":{"line":4,"column":0},"end":{"line":4,"column":83}},"3":{"start":{"line":5,"column":0},"end":{"line":5,"column":48}},"4":{"start":{"line":48,"column":14},"end":{"line":48,"column":36}},"5":{"start":{"line":49,"column":11},"end":{"line":49,"column":36}},"6":{"start":{"line":50,"column":2},"end":{"line":53,"column":3}},"7":{"start":{"line":51,"column":4},"end":{"line":51,"column":29}},"8":{"start":{"line":52,"column":4},"end":{"line":52,"column":34}},"9":{"start":{"line":54,"column":2},"end":{"line":54,"column":12}},"10":{"start":{"line":58,"column":2},"end":{"line":65,"column":5}},"11":{"start":{"line":59,"column":4},"end":{"line":59,"column":58}},"12":{"start":{"line":59,"column":34},"end":{"line":59,"column":48}},"13":{"start":{"line":59,"column":49},"end":{"line":59,"column":56}},"14":{"start":{"line":60,"column":4},"end":{"line":64,"column":6}},"15":{"start":{"line":61,"column":13},"end":{"line":61,"column":108}},"16":{"start":{"line":62,"column":12},"end":{"line":62,"column":25}},"17":{"start":{"line":69,"column":12},"end":{"line":69,"column":19}},"18":{"start":{"line":70,"column":15},"end":{"line":70,"column":46}},"19":{"start":{"line":71,"column":15},"end":{"line":71,"column":46}},"20":{"start":{"line":73,"column":4},"end":{"line":76,"column":29}},"21":{"start":{"line":77,"column":2},"end":{"line":77,"column":60}},"22":{"start":{"line":81,"column":2},"end":{"line":83,"column":3}},"23":{"start":{"line":82,"column":4},"end":{"line":82,"column":38}},"24":{"start":{"line":87,"column":26},"end":{"line":87,"column":65}},"25":{"start":{"line":88,"column":38},"end":{"line":88,"column":89}},"26":{"start":{"line":89,"column":36},"end":{"line":89,"column":74}},"27":{"start":{"line":90,"column":36},"end":{"line":90,"column":105}},"28":{"start":{"line":91,"column":28},"end":{"line":91,"column":55}},"29":{"start":{"line":92,"column":42},"end":{"line":92,"column":71}},"30":{"start":{"line":93,"column":32},"end":{"line":93,"column":44}},"31":{"start":{"line":94,"column":38},"end":{"line":94,"column":53}},"32":{"start":{"line":95,"column":52},"end":{"line":95,"column":67}},"33":{"start":{"line":96,"column":40},"end":{"line":96,"column":55}},"34":{"start":{"line":97,"column":21},"end":{"line":97,"column":86}},"35":{"start":{"line":97,"column":48},"end":{"line":97,"column":59}},"36":{"start":{"line":97,"column":70},"end":{"line":97,"column":84}},"37":{"start":{"line":98,"column":29},"end":{"line":98,"column":101}},"38":{"start":{"line":98,"column":65},"end":{"line":98,"column":85}},"39":{"start":{"line":100,"column":19},"end":{"line":118,"column":8}},"40":{"start":{"line":101,"column":4},"end":{"line":101,"column":39}},"41":{"start":{"line":102,"column":16},"end":{"line":102,"column":30}},"42":{"start":{"line":103,"column":4},"end":{"line":103,"column":22}},"43":{"start":{"line":104,"column":4},"end":{"line":107,"column":5}},"44":{"start":{"line":105,"column":6},"end":{"line":105,"column":45}},"45":{"start":{"line":106,"column":6},"end":{"line":106,"column":13}},"46":{"start":{"line":108,"column":4},"end":{"line":111,"column":5}},"47":{"start":{"line":109,"column":6},"end":{"line":109,"column":43}},"48":{"start":{"line":110,"column":6},"end":{"line":110,"column":13}},"49":{"start":{"line":112,"column":17},"end":{"line":112,"column":80}},"50":{"start":{"line":113,"column":4},"end":{"line":117,"column":5}},"51":{"start":{"line":114,"column":6},"end":{"line":114,"column":78}},"52":{"start":{"line":116,"column":6},"end":{"line":116,"column":79}},"53":{"start":{"line":120,"column":2},"end":{"line":124,"column":43}},"54":{"start":{"line":121,"column":4},"end":{"line":123,"column":5}},"55":{"start":{"line":122,"column":6},"end":{"line":122,"column":35}},"56":{"start":{"line":126,"column":2},"end":{"line":130,"column":35}},"57":{"start":{"line":127,"column":4},"end":{"line":129,"column":5}},"58":{"start":{"line":128,"column":6},"end":{"line":128,"column":39}},"59":{"start":{"line":132,"column":33},"end":{"line":141,"column":3}},"60":{"start":{"line":133,"column":4},"end":{"line":133,"column":60}},"61":{"start":{"line":133,"column":53},"end":{"line":133,"column":60}},"62":{"start":{"line":134,"column":4},"end":{"line":134,"column":25}},"63":{"start":{"line":135,"column":4},"end":{"line":135,"column":36}},"64":{"start":{"line":136,"column":4},"end":{"line":136,"column":23}},"65":{"start":{"line":137,"column":4},"end":{"line":137,"column":19}},"66":{"start":{"line":138,"column":4},"end":{"line":138,"column":26}},"67":{"start":{"line":139,"column":4},"end":{"line":139,"column":19}},"68":{"start":{"line":140,"column":4},"end":{"line":140,"column":32}},"69":{"start":{"line":143,"column":19},"end":{"line":198,"column":3}},"70":{"start":{"line":144,"column":4},"end":{"line":144,"column":36}},"71":{"start":{"line":144,"column":29},"end":{"line":144,"column":36}},"72":{"start":{"line":145,"column":4},"end":{"line":145,"column":24}},"73":{"start":{"line":146,"column":4},"end":{"line":146,"column":32}},"74":{"start":{"line":147,"column":4},"end":{"line":197,"column":5}},"75":{"start":{"line":148,"column":23},"end":{"line":148,"column":44}},"76":{"start":{"line":149,"column":17},"end":{"line":149,"column":31}},"77":{"start":{"line":150,"column":6},"end":{"line":150,"column":55}},"78":{"start":{"line":151,"column":6},"end":{"line":155,"column":7}},"79":{"start":{"line":152,"column":8},"end":{"line":152,"column":48}},"80":{"start":{"line":153,"column":8},"end":{"line":153,"column":48}},"81":{"start":{"line":154,"column":8},"end":{"line":154,"column":61}},"82":{"start":{"line":156,"column":6},"end":{"line":156,"column":38}},"83":{"start":{"line":157,"column":6},"end":{"line":157,"column":63}},"84":{"start":{"line":157,"column":26},"end":{"line":157,"column":63}},"85":{"start":{"line":158,"column":6},"end":{"line":158,"column":43}},"86":{"start":{"line":158,"column":17},"end":{"line":158,"column":43}},"87":{"start":{"line":160,"column":18},"end":{"line":163,"column":8}},"88":{"start":{"line":164,"column":19},"end":{"line":164,"column":35}},"89":{"start":{"line":166,"column":6},"end":{"line":169,"column":7}},"90":{"start":{"line":167,"column":8},"end":{"line":167,"column":97}},"91":{"start":{"line":168,"column":8},"end":{"line":168,"column":15}},"92":{"start":{"line":171,"column":26},"end":{"line":171,"column":51}},"93":{"start":{"line":172,"column":6},"end":{"line":172,"column":25}},"94":{"start":{"line":173,"column":6},"end":{"line":173,"column":27}},"95":{"start":{"line":174,"column":6},"end":{"line":174,"column":52}},"96":{"start":{"line":174,"column":23},"end":{"line":174,"column":44}},"97":{"start":{"line":176,"column":6},"end":{"line":185,"column":9}},"98":{"start":{"line":187,"column":6},"end":{"line":187,"column":26}},"99":{"start":{"line":188,"column":6},"end":{"line":188,"column":38}},"100":{"start":{"line":189,"column":6},"end":{"line":189,"column":25}},"101":{"start":{"line":190,"column":6},"end":{"line":190,"column":21}},"102":{"start":{"line":191,"column":6},"end":{"line":191,"column":28}},"103":{"start":{"line":192,"column":6},"end":{"line":192,"column":21}},"104":{"start":{"line":194,"column":6},"end":{"line":194,"column":73}},"105":{"start":{"line":196,"column":6},"end":{"line":196,"column":27}},"106":{"start":{"line":200,"column":23},"end":{"line":206,"column":3}},"107":{"start":{"line":201,"column":4},"end":{"line":204,"column":5}},"108":{"start":{"line":202,"column":6},"end":{"line":202,"column":33}},"109":{"start":{"line":203,"column":6},"end":{"line":203,"column":13}},"110":{"start":{"line":205,"column":4},"end":{"line":205,"column":21}},"111":{"start":{"line":208,"column":28},"end":{"line":243,"column":3}},"112":{"start":{"line":209,"column":4},"end":{"line":209,"column":24}},"113":{"start":{"line":210,"column":4},"end":{"line":242,"column":5}},"114":{"start":{"line":211,"column":23},"end":{"line":211,"column":44}},"115":{"start":{"line":212,"column":17},"end":{"line":212,"column":31}},"116":{"start":{"line":213,"column":6},"end":{"line":213,"column":39}},"117":{"start":{"line":214,"column":6},"end":{"line":214,"column":38}},"118":{"start":{"line":215,"column":6},"end":{"line":215,"column":36}},"119":{"start":{"line":217,"column":18},"end":{"line":220,"column":8}},"120":{"start":{"line":221,"column":19},"end":{"line":221,"column":35}},"121":{"start":{"line":223,"column":6},"end":{"line":226,"column":7}},"122":{"start":{"line":224,"column":8},"end":{"line":224,"column":97}},"123":{"start":{"line":225,"column":8},"end":{"line":225,"column":15}},"124":{"start":{"line":228,"column":6},"end":{"line":228,"column":25}},"125":{"start":{"line":229,"column":6},"end":{"line":229,"column":27}},"126":{"start":{"line":230,"column":6},"end":{"line":230,"column":52}},"127":{"start":{"line":230,"column":23},"end":{"line":230,"column":44}},"128":{"start":{"line":232,"column":6},"end":{"line":237,"column":9}},"129":{"start":{"line":239,"column":6},"end":{"line":239,"column":73}},"130":{"start":{"line":241,"column":6},"end":{"line":241,"column":27}},"131":{"start":{"line":245,"column":18},"end":{"line":249,"column":3}},"132":{"start":{"line":246,"column":4},"end":{"line":246,"column":76}},"133":{"start":{"line":246,"column":67},"end":{"line":246,"column":76}},"134":{"start":{"line":247,"column":4},"end":{"line":247,"column":28}},"135":{"start":{"line":247,"column":19},"end":{"line":247,"column":28}},"136":{"start":{"line":248,"column":4},"end":{"line":248,"column":13}},"137":{"start":{"line":251,"column":29},"end":{"line":257,"column":3}},"138":{"start":{"line":252,"column":4},"end":{"line":252,"column":39}},"139":{"start":{"line":252,"column":23},"end":{"line":252,"column":39}},"140":{"start":{"line":253,"column":21},"end":{"line":253,"column":65}},"141":{"start":{"line":253,"column":40},"end":{"line":253,"column":64}},"142":{"start":{"line":254,"column":4},"end":{"line":254,"column":56}},"143":{"start":{"line":254,"column":27},"end":{"line":254,"column":37}},"144":{"start":{"line":254,"column":40},"end":{"line":254,"column":56}},"145":{"start":{"line":255,"column":4},"end":{"line":255,"column":58}},"146":{"start":{"line":255,"column":27},"end":{"line":255,"column":38}},"147":{"start":{"line":255,"column":41},"end":{"line":255,"column":58}},"148":{"start":{"line":256,"column":4},"end":{"line":256,"column":21}},"149":{"start":{"line":259,"column":2},"end":{"line":505,"column":4}},"150":{"start":{"line":272,"column":25},"end":{"line":272,"column":44}},"151":{"start":{"line":280,"column":27},"end":{"line":280,"column":41}},"152":{"start":{"line":280,"column":42},"end":{"line":280,"column":53}},"153":{"start":{"line":292,"column":24},"end":{"line":292,"column":46}},"154":{"start":{"line":293,"column":29},"end":{"line":293,"column":49}},"155":{"start":{"line":294,"column":10},"end":{"line":315,"column":12}},"156":{"start":{"line":297,"column":29},"end":{"line":297,"column":55}},"157":{"start":{"line":337,"column":27},"end":{"line":337,"column":54}},"158":{"start":{"line":338,"column":28},"end":{"line":338,"column":74}},"159":{"start":{"line":339,"column":14},"end":{"line":366,"column":16}},"160":{"start":{"line":342,"column":37},"end":{"line":342,"column":42}},"161":{"start":{"line":343,"column":39},"end":{"line":343,"column":53}},"162":{"start":{"line":344,"column":37},"end":{"line":344,"column":53}},"163":{"start":{"line":345,"column":20},"end":{"line":363,"column":22}},"164":{"start":{"line":424,"column":18},"end":{"line":424,"column":33}},"165":{"start":{"line":425,"column":18},"end":{"line":425,"column":61}},"166":{"start":{"line":428,"column":18},"end":{"line":428,"column":33}},"167":{"start":{"line":429,"column":18},"end":{"line":429,"column":40}},"168":{"start":{"line":449,"column":35},"end":{"line":449,"column":62}},"169":{"start":{"line":496,"column":25},"end":{"line":496,"column":62}}},"fnMap":{"0":{"name":"getOrCreateDeviceId","decl":{"start":{"line":47,"column":9},"end":{"line":47,"column":28}},"loc":{"start":{"line":47,"column":28},"end":{"line":55,"column":1}}},"1":{"name":"getGPS","decl":{"start":{"line":57,"column":9},"end":{"line":57,"column":15}},"loc":{"start":{"line":57,"column":15},"end":{"line":66,"column":1}}},"2":{"name":"(anonymous_2)","decl":{"start":{"line":58,"column":21},"end":{"line":58,"column":28}},"loc":{"start":{"line":58,"column":31},"end":{"line":65,"column":3}}},"3":{"name":"(anonymous_3)","decl":{"start":{"line":61,"column":6},"end":{"line":61,"column":9}},"loc":{"start":{"line":61,"column":13},"end":{"line":61,"column":108}}},"4":{"name":"(anonymous_4)","decl":{"start":{"line":62,"column":6},"end":{"line":62,"column":9}},"loc":{"start":{"line":62,"column":12},"end":{"line":62,"column":25}}},"5":{"name":"haversineDistance","decl":{"start":{"line":68,"column":9},"end":{"line":68,"column":26}},"loc":{"start":{"line":68,"column":81},"end":{"line":78,"column":1}}},"6":{"name":"triggerVibration","decl":{"start":{"line":80,"column":9},"end":{"line":80,"column":25}},"loc":{"start":{"line":80,"column":25},"end":{"line":84,"column":1}}},"7":{"name":"QuickCheckinPanel","decl":{"start":{"line":86,"column":16},"end":{"line":86,"column":33}},"loc":{"start":{"line":86,"column":118},"end":{"line":506,"column":1}}},"8":{"name":"(anonymous_8)","decl":{"start":{"line":97,"column":43},"end":{"line":97,"column":44}},"loc":{"start":{"line":97,"column":48},"end":{"line":97,"column":59}}},"9":{"name":"(anonymous_9)","decl":{"start":{"line":97,"column":65},"end":{"line":97,"column":66}},"loc":{"start":{"line":97,"column":70},"end":{"line":97,"column":84}}},"10":{"name":"(anonymous_10)","decl":{"start":{"line":98,"column":59},"end":{"line":98,"column":61}},"loc":{"start":{"line":98,"column":65},"end":{"line":98,"column":85}}},"11":{"name":"(anonymous_11)","decl":{"start":{"line":100,"column":31},"end":{"line":100,"column":36}},"loc":{"start":{"line":100,"column":56},"end":{"line":118,"column":3}}},"12":{"name":"(anonymous_12)","decl":{"start":{"line":120,"column":12},"end":{"line":120,"column":15}},"loc":{"start":{"line":120,"column":17},"end":{"line":124,"column":3}}},"13":{"name":"(anonymous_13)","decl":{"start":{"line":126,"column":12},"end":{"line":126,"column":15}},"loc":{"start":{"line":126,"column":17},"end":{"line":130,"column":3}}},"14":{"name":"(anonymous_14)","decl":{"start":{"line":132,"column":33},"end":{"line":132,"column":34}},"loc":{"start":{"line":132,"column":52},"end":{"line":141,"column":3}}},"15":{"name":"(anonymous_15)","decl":{"start":{"line":143,"column":19},"end":{"line":143,"column":24}},"loc":{"start":{"line":143,"column":30},"end":{"line":198,"column":3}}},"16":{"name":"(anonymous_16)","decl":{"start":{"line":174,"column":17},"end":{"line":174,"column":20}},"loc":{"start":{"line":174,"column":23},"end":{"line":174,"column":44}}},"17":{"name":"(anonymous_17)","decl":{"start":{"line":200,"column":23},"end":{"line":200,"column":28}},"loc":{"start":{"line":200,"column":34},"end":{"line":206,"column":3}}},"18":{"name":"(anonymous_18)","decl":{"start":{"line":208,"column":28},"end":{"line":208,"column":33}},
[...]
ne":438,"column":7},"end":{"line":438,"column":20}}]},"79":{"loc":{"start":{"line":438,"column":7},"end":{"line":438,"column":16}},"type":"binary-expr","locations":[{"start":{"line":438,"column":7},"end":{"line":438,"column":16}},{"start":{"line":438,"column":7},"end":{"line":438,"column":16}}]},"80":{"loc":{"start":{"line":441,"column":2},"end":{"line":441,"column":65}},"type":"if","locations":[{"start":{"line":441,"column":2},"end":{"line":441,"column":65}},{"start":{},"end":{}}]},"81":{"loc":{"start":{"line":443,"column":24},"end":{"line":445,"column":32}},"type":"cond-expr","locations":[{"start":{"line":444,"column":6},"end":{"line":444,"column":25}},{"start":{"line":445,"column":6},"end":{"line":445,"column":32}}]},"82":{"loc":{"start":{"line":446,"column":2},"end":{"line":446,"column":80}},"type":"if","locations":[{"start":{"line":446,"column":2},"end":{"line":446,"column":80}},{"start":{},"end":{}}]},"83":{"loc":{"start":{"line":448,"column":2},"end":{"line":448,"column":87}},"type":"if","locations":[{"start":{"line":448,"column":2},"end":{"line":448,"column":87}},{"start":{},"end":{}}]},"84":{"loc":{"start":{"line":449,"column":2},"end":{"line":449,"column":116}},"type":"if","locations":[{"start":{"line":449,"column":2},"end":{"line":449,"column":116}},{"start":{},"end":{}}]},"85":{"loc":{"start":{"line":455,"column":21},"end":{"line":455,"column":59}},"type":"binary-expr","locations":[{"start":{"line":455,"column":21},"end":{"line":455,"column":46}},{"start":{"line":455,"column":50},"end":{"line":455,"column":59}}]},"86":{"loc":{"start":{"line":455,"column":21},"end":{"line":455,"column":46}},"type":"cond-expr","locations":[{"start":{"line":455,"column":38},"end":{"line":455,"column":40}},{"start":{"line":455,"column":38},"end":{"line":455,"column":46}}]},"87":{"loc":{"start":{"line":455,"column":21},"end":{"line":455,"column":40}},"type":"binary-expr","locations":[{"start":{"line":455,"column":21},"end":{"line":455,"column":40}},{"start":{"line":455,"column":38},"end":{"line":455,"column":40}}]},"88":{"loc":{"start":{"line":457,"column":21},"end":{"line":457,"column":47}},"type":"cond-expr","locations":[{"start":{"line":457,"column":38},"end":{"line":457,"column":42}},{"start":{"line":457,"column":42},"end":{"line":457,"column":47}}]},"89":{"loc":{"start":{"line":457,"column":21},"end":{"line":457,"column":42}},"type":"binary-expr","locations":[{"start":{"line":457,"column":21},"end":{"line":457,"column":42}},{"start":{"line":457,"column":38},"end":{"line":457,"column":42}}]},"90":{"loc":{"start":{"line":475,"column":2},"end":{"line":475,"column":72}},"type":"if","locations":[{"start":{"line":475,"column":2},"end":{"line":475,"column":72}},{"start":{},"end":{}}]},"91":{"loc":{"start":{"line":475,"column":7},"end":{"line":475,"column":20}},"type":"cond-expr","locations":[{"start":{"line":475,"column":14},"end":{"line":475,"column":16}},{"start":{"line":475,"column":7},"end":{"line":475,"column":20}}]},"92":{"loc":{"start":{"line":475,"column":7},"end":{"line":475,"column":16}},"type":"binary-expr","locations":[{"start":{"line":475,"column":7},"end":{"line":475,"column":16}},{"start":{"line":475,"column":7},"end":{"line":475,"column":16}}]},"93":{"loc":{"start":{"line":478,"column":2},"end":{"line":478,"column":65}},"type":"if","locations":[{"start":{"line":478,"column":2},"end":{"line":478,"column":65}},{"start":{},"end":{}}]},"94":{"loc":{"start":{"line":483,"column":10},"end":{"line":483,"column":95}},"type":"binary-expr","locations":[{"start":{"line":483,"column":10},"end":{"line":483,"column":45}},{"start":{"line":483,"column":49},"end":{"line":483,"column":95}}]},"95":{"loc":{"start":{"line":486,"column":2},"end":{"line":486,"column":73}},"type":"if","locations":[{"start":{"line":486,"column":2},"end":{"line":486,"column":73}},{"start":{},"end":{}}]},"96":{"loc":{"start":{"line":490,"column":6},"end":{"line":495,"column":7}},"type":"if","locations":[{"start":{"line":490,"column":6},"end":{"line":495,"column":7}},{"start":{},"end":{}}]},"97":{"loc":{"start":{"line":499,"column":14},"end":{"line":499,"column":55}},"type":"binary-expr","locations":[{"start":{"line":499,"column":14},"end":{"line":499,"column":24}},{"start":{"line":499,"column":28},"end":{"line":499,"column":55}}]},"98":{"loc":{"start":{"line":500,"column":14},"end":{"line":500,"column":98}},"type":"binary-expr","locations":[{"start":{"line":500,"column":14},"end":{"line":500,"column":45}},{"start":{"line":500,"column":49},"end":{"line":500,"column":98}}]},"99":{"loc":{"start":{"line":500,"column":64},"end":{"line":500,"column":96}},"type":"binary-expr","locations":[{"start":{"line":500,"column":64},"end":{"line":500,"column":88}},{"start":{"line":500,"column":92},"end":{"line":500,"column":96}}]},"100":{"loc":{"start":{"line":501,"column":14},"end":{"line":501,"column":74}},"type":"binary-expr","locations":[{"start":{"line":501,"column":14},"end":{"line":501,"column":42}},{"start":{"line":501,"column":46},"end":{"line":501,"column":74}}]},"101":{"loc":{"start":{"line":502,"column":14},"end":{"line":502,"column":83}},"type":"binary-expr","locations":[{"start":{"line":502,"column":14},"end":{"line":502,"column":45}},{"start":{"line":502,"column":49},"end":{"line":502,"column":83}}]},"102":{"loc":{"start":{"line":513,"column":38},"end":{"line":513,"column":46}},"type":"default-arg","locations":[{"start":{"line":513,"column":45},"end":{"line":513,"column":46}}]},"103":{"loc":{"start":{"line":513,"column":48},"end":{"line":513,"column":58}},"type":"default-arg","locations":[{"start":{"line":513,"column":56},"end":{"line":513,"column":58}}]},"104":{"loc":{"start":{"line":515,"column":2},"end":{"line":515,"column":81}},"type":"if","locations":[{"start":{"line":515,"column":2},"end":{"line":515,"column":81}},{"start":{},"end":{}}]},"105":{"loc":{"start":{"line":515,"column":7},"end":{"line":515,"column":20}},"type":"cond-expr","locations":[{"start":{"line":515,"column":14},"end":{"line":515,"column":16}},{"start":{"line":515,"column":7},"end":{"line":515,"column":20}}]},"106":{"loc":{"start":{"line":515,"column":7},"end":{"line":515,"column":16}},"type":"binary-expr","locations":[{"start":{"line":515,"column":7},"end":{"line":515,"column":16}},{"start":{"line":515,"column":7},"end":{"line":515,"column":16}}]},"107":{"loc":{"start":{"line":518,"column":2},"end":{"line":518,"column":74}},"type":"if","locations":[{"start":{"line":518,"column":2},"end":{"line":518,"column":74}},{"start":{},"end":{}}]},"108":{"loc":{"start":{"line":520,"column":19},"end":{"line":522,"column":45}},"type":"cond-expr","locations":[{"start":{"line":521,"column":6},"end":{"line":521,"column":19}},{"start":{"line":522,"column":6},"end":{"line":522,"column":45}}]},"109":{"loc":{"start":{"line":522,"column":6},"end":{"line":522,"column":45}},"type":"cond-expr","locations":[{"start":{"line":522,"column":32},"end":{"line":522,"column":36}},{"start":{"line":522,"column":36},"end":{"line":522,"column":45}}]},"110":{"loc":{"start":{"line":522,"column":6},"end":{"line":522,"column":36}},"type":"binary-expr","locations":[{"start":{"line":522,"column":6},"end":{"line":522,"column":36}},{"start":{"line":522,"column":32},"end":{"line":522,"column":36}}]},"111":{"loc":{"start":{"line":525,"column":16},"end":{"line":527,"column":34}},"type":"cond-expr","locations":[{"start":{"line":526,"column":5},"end":{"line":526,"column":null}},{"start":{"line":527,"column":6},"end":{"line":527,"column":34}}]},"112":{"loc":{"start":{"line":526,"column":12},"end":{"line":526,"column":51}},"type":"binary-expr","locations":[{"start":{"line":526,"column":12},"end":{"line":526,"column":20}},{"start":{"line":526,"column":24},"end":{"line":526,"column":51}}]},"113":{"loc":{"start":{"line":550,"column":2},"end":{"line":551,"column":66}},"type":"if","locations":[{"start":{"line":550,"column":2},"end":{"line":551,"column":66}},{"start":{},"end":{}}]},"114":{"loc":{"start":{"line":550,"column":6},"end":{"line":550,"column":59}},"type":"binary-expr","locations":[{"start":{"line":550,"column":6},"end":{"line":550,"column":24}},{"start":{"line":550,"column":24},"end":{"line":550,"column":59}}]},"115":{"loc":{"start":{"line":550,"column":7},"end":{"line":550,"column":20}},"type":"cond-expr","locations":[{"start":{"line":550,"column":14},"end":{"line":550,"column":16}},{"start":{"line":550,"column":7},"end":{"line":550,"column":20}}]},"116":{"loc":{"start":{"line":550,"column":7},"end":{"line":550,"column":16}},"type":"binary-expr","locations":[{"start":{"line":550,"column":7},"end":{"line":550,"column":16}},{"start":{"line":550,"column":7},"end":{"line":550,"column":16}}]}},"s":{"0":1,"1":1,"2":1,"3":1,"4":1,"5":1,"6":1,"7":1,"8":1,"9":1,"10":1,"11":1,"12":1,"13":1,"14":1,"15":1,"16":1,"17":1,"18":1,"19":1,"20":1,"21":7,"22":1,"23":6,"24":9,"25":9,"26":1,"27":8,"28":8,"29":1,"30":7,"31":7,"32":2,"33":5,"34":5,"35":1,"36":4,"37":4,"38":4,"39":1,"40":1,"41":4,"42":4,"43":3,"44":1,"45":1,"46":1,"47":3,"48":3,"49":1,"50":1,"51":6,"52":6,"53":1,"54":5,"55":5,"56":1,"57":4,"58":4,"59":1,"60":3,"61":1,"62":2,"63":2,"64":1,"65":1,"66":1,"67":1,"68":6,"69":6,"70":1,"71":5,"72":5,"73":1,"74":4,"75":4,"76":1,"77":3,"78":3,"79":1,"80":2,"81":2,"82":2,"83":1,"84":1,"85":2,"86":2,"87":0,"88":2,"89":2,"90":2,"91":8,"92":8,"93":0,"94":8,"95":8,"96":1,"97":7,"98":7,"99":1,"100":6,"101":6,"102":1,"103":5,"104":5,"105":1,"106":4,"107":4,"108":1,"109":2,"110":3,"111":1,"112":1,"113":2,"114":2,"115":1,"116":4,"117":4,"118":3,"119":3,"120":1,"121":1,"122":4,"123":4,"124":1,"125":3,"126":3,"127":1,"128":2,"129":2,"130":3,"131":2,"132":4,"133":2,"134":2,"135":1,"136":1,"137":1,"138":1,"139":3,"140":3,"141":1,"142":2,"143":3,"144":3,"145":1,"146":2,"147":2,"148":2,"149":0,"150":2,"151":2,"152":0,"153":2,"154":2,"155":2,"156":2,"157":4,"158":4,"159":1,"160":3,"161":3,"162":3,"163":8,"164":8,"165":1,"166":7,"167":7,"168":1,"169":6,"170":6,"171":1,"172":5,"173":1,"174":4,"175":1,"176":3,"177":3,"178":4,"179":2,"180":1,"181":1,"182":6,"183":6,"184":1,"185":5,"186":5,"187":1,"188":4,"189":4,"190":1,"191":3,"192":3,"193":2,"194":1,"195":1,"196":2,"197":2,"198":2,"199":1,"200":1,"201":2,"202":2,"203":0,"204":2,"205":2,"206":0,"207":2,"208":2,"209":2,"210":2,"211":2,"212":3,"213":3,"214":2,"215":1,"216":1},"f":{"0":7,"1":9,"2":6,"3":6,"4":2,"5":8,"6":2,"7":3,"8":4,"9":3,"10":4,"11":3,"12":3,"13":2,"14":4,"15":8,"16":4,"17":6,"18":2,"19":2,"20":2,"21":3},"b":{"0":[1,6],"1":[7,2],"2":[1,8],"3":[1,8],"4":[9,8],"5":[1,7],"6":[2,5],"7":[1,4],"8":[1,0],"9":[1,1],"10":[1,4],"11":[1,3],"12":[1,2],"13":[1,5],"14":[1,5],"15":[6,5],"16":[1,4],"17":[4,4],"18":[1,3],"19":[1,2],"20":[3,1],"21":[1,5],"22":[1,5],"23":[6,5],"24":[1,4],"25":[4,4],"26":[1,3],"27":[1,2],"28":[0,2],"29":[0,2],"30":[2,2],"31":[1,1],"32":[1,0],"33":[1,1],"34":[2,2],"35":[6],"36":[0,8],"37":[0,8],"38":[8,8],"39":[1,7],"40":[1,6],"41":[1,5],"42":[1,4],"43":[1,3],"44":[4,2,1],"45":[2,0],"46":[2,2],"47":[2,0],"48":[2,2],"49":[4,1],"50":[1,3],"51":[1,3],"52":[4,3],"53":[1,2],"54":[1,2],"55":[1,2],"56":[3,2],"57":[1,2],"58":[1,2],"59":[3,2],"60":[2,2,1],"61":[0,2],"62":[0,2],"63":[2,2],"64":[0,2],"65":[2,1],"66":[1,1],"67":[2,1],"68":[1,1],"69":[2,1],"70":[1,3],"71":[1,3],"72":[4,3],"73":[2,1],"74":[1,0],"75":[1,1],"76":[3,2],"77":[1,7],"78":[1,7],"79":[8,7],"80":[1,6],"81":[2,4],"82":[1,5],"83":[1,4],"84":[1,3],"85":[3,3],"86":[3,0],"87":[3,3],"88":[1,2],"89":[3,3],"90":[1,5],"91":[1,5],"92":[6,5],"93":[1,4],"94":[4,4],"95":[1,3],"96":[1,1],"97":[2,2],"98":[2,0],"99":[0,0],"100":[2,1],"101":[2,0],"102":[0],"103":[0],"104":[0,2],"105":[0,2],"106":[2,2],"107":[0,2],"108":[0,2],"109":[2,0],"110":[2,2],"111":[1,1],"112":[1,1],"113":[2,1],"114":[3,2],"115":[1,2],"116":[3,2]}}
,"/Users/ftorresbaeza/Codelco/PERSONAL/CBSecurity/lib/utils/geofence.ts": {"path":"/Users/ftorresbaeza/Codelco/PERSONAL/CBSecurity/lib/utils/geofence.ts","statementMap":{"0":{"start":{"line":1,"column":0},"end":{"line":1,"column":16}},"1":{"start":{"line":2,"column":12},"end":{"line":2,"column":19}},"2":{"start":{"line":3,"column":15},"end":{"line":3,"column":46}},"3":{"start":{"line":4,"column":15},"end":{"line":4,"column":46}},"4":{"start":{"line":6,"column":4},"end":{"line":9,"column":29}},"5":{"start":{"line":10,"column":2},"end":{"line":10,"column":60}}},"fnMap":{"0":{"name":"haversineDistance","decl":{"start":{"line":1,"column":16},"end":{"line":1,"column":33}},"loc":{"start":{"line":1,"column":88},"end":{"line":11,"column":1}}}},"branchMap":{},"s":{"0":1,"1":6,"2":6,"3":6,"4":6,"5":6},"f":{"0":6},"b":{}}
,"/Users/ftorresbaeza/Codelco/PERSONAL/CBSecurity/lib/utils/rut.ts": {"path":"/Users/ftorresbaeza/Codelco/PERSONAL/CBSecurity/lib/utils/rut.ts","statementMap":{"0":{"start":{"line":1,"column":0},"end":{"line":1,"column":16}},"1":{"start":{"line":6,"column":0},"end":{"line":6,"column":16}},"2":{"start":{"line":12,"column":0},"end":{"line":12,"column":16}},"3":{"start":{"line":21,"column":0},"end":{"line":21,"column":16}},"4":{"start":{"line":27,"column":0},"end":{"line":27,"column":16}},"5":{"start":{"line":54,"column":0},"end":{"line":54,"column":16}},"6":{"start":{"line":61,"column":0},"end":{"line":61,"column":16}},"7":{"start":{"line":2,"column":2},"end":{"line":2,"column":71}},"8":{"start":{"line":7,"column":16},"end":{"line":7,"column":60}},"9":{"start":{"line":8,"column":2},"end":{"line":8,"column":38}},"10":{"start":{"line":8,"column":25},"end":{"line":8,"column":38}},"11":{"start":{"line":9,"column":2},"end":{"line":9,"column":52}},"12":{"start":{"line":13,"column":16},"end":{"line":13,"column":29}},"13":{"start":{"line":14,"column":2},"end":{"line":14,"column":37}},"14":{"start":{"line":14,"column":24},"end":{"line":14,"column":37}},"15":{"start":{"line":15,"column":15},"end":{"line":15,"column":33}},"16":{"start":{"line":16,"column":13},"end":{"line":16,"column":28}},"17":{"start":{"line":17,"column":20},"end":{"line":17,"column":62}},"18":{"start":{"line":18,"column":2},"end":{"line":18,"column":30}},"19":{"start":{"line":22,"column":16},"end":{"line":22,"column":29}},"20":{"start":{"line":23,"column":2},"end":{"line":23,"column":37}},"21":{"start":{"line":23,"column":24},"end":{"line":23,"column":37}},"22":{"start":{"line":24,"column":2},"end":{"line":24,"column":52}},"23":{"start":{"line":28,"column":16},"end":{"line":28,"column":29}},"24":{"start":{"line":29,"column":2},"end":{"line":29,"column":37}},"25":{"start":{"line":29,"column":24},"end":{"line":29,"column":37}},"26":{"start":{"line":31,"column":15},"end":{"line":31,"column":33}},"27":{"start":{"line":32,"column":13},"end":{"line":32,"column":28}},"28":{"start":{"line":34,"column":2},"end":{"line":34,"column":40}},"29":{"start":{"line":34,"column":27},"end":{"line":34,"column":40}},"30":{"start":{"line":36,"column":12},"end":{"line":36,"column":13}},"31":{"start":{"line":37,"column":19},"end":{"line":37,"column":20}},"32":{"start":{"line":39,"column":2},"end":{"line":42,"column":3}},"33":{"start":{"line":39,"column":15},"end":{"line":39,"column":30}},"34":{"start":{"line":40,"column":4},"end":{"line":40,"column":42}},"35":{"start":{"line":41,"column":4},"end":{"line":41,"column":55}},"36":{"start":{"line":44,"column":20},"end":{"line":44,"column":35}},"37":{"start":{"line":47,"column":2},"end":{"line":49,"column":41}},"38":{"start":{"line":47,"column":24},"end":{"line":47,"column":41}},"39":{"start":{"line":48,"column":7},"end":{"line":49,"column":41}},"40":{"start":{"line":48,"column":29},"end":{"line":48,"column":46}},"41":{"start":{"line":49,"column":7},"end":{"line":49,"column":41}},"42":{"start":{"line":51,"column":2},"end":{"line":51,"column":27}},"43":{"start":{"line":55,"column":2},"end":{"line":58,"column":4}},"44":{"start":{"line":62,"column":2},"end":{"line":69,"column":3}},"45":{"start":{"line":63,"column":19},"end":{"line":63,"column":31}},"46":{"start":{"line":64,"column":16},"end":{"line":64,"column":46}},"47":{"start":{"line":65,"column":4},"end":{"line":65,"column":26}},"48":{"start":{"line":65,"column":14},"end":{"line":65,"column":26}},"49":{"start":{"line":66,"column":4},"end":{"line":66,"column":29}},"50":{"start":{"line":68,"column":4},"end":{"line":68,"column":16}}},"fnMap":{"0":{"name":"cleanRUT","decl":{"start":{"line":1,"column":16},"end":{"line":1,"column":24}},"loc":{"start":{"line":1,"column":36},"end":{"line":3,"column":1}}},"1":{"name":"autoFormatRUT","decl":{"start":{"line":6,"column":16},"end":{"line":6,"column":29}},"loc":{"start":{"line":6,"column":43},"end":{"line":10,"column":1}}},"2":{"name":"formatRUT","decl":{"start":{"line":12,"column":16},"end":{"line":12,"column":25}},"loc":{"start":{"line":12,"column":37},"end":{"line":19,"column":1}}},"3":{"name":"normalizeRUT","decl":{"start":{"line":21,"column":16},"end":{"line":21,"column":28}},"loc":{"start":{"line":21,"column":40},"end":{"line":25,"column":1}}},"4":{"name":"validateRUT","decl":{"start":{"line":27,"column":16},"end":{"line":27,"column":27}},"loc":{"start":{"line":27,"column":39},"end":{"line":52,"column":1}}},"5":{"name":"isCedulaURL","decl":{"start":{"line":54,"column":16},"end":{"line":54,"column":27}},"loc":{"start":{"line":54,"column":40},"end":{"line":59,"column":1}}},"6":{"name":"extractRUTFromCedulaURL","decl":{"start":{"line":61,"column":16},"end":{"line":61,"column":39}},"loc":{"start":{"line":61,"column":51},"end":{"line":70,"column":1}}}},"branchMap":{"0":{"loc":{"start":{"line":8,"column":2},"end":{"line":8,"column":38}},"type":"if","locations":[{"start":{"line":8,"column":2},"end":{"line":8,"column":38}},{"start":{},"end":{}}]},"1":{"loc":{"start":{"line":14,"column":2},"end":{"line":14,"column":37}},"type":"if","locations":[{"start":{"line":14,"column":2},"end":{"line":14,"column":37}},{"start":{},"end":{}}]},"2":{"loc":{"start":{"line":23,"column":2},"end":{"line":23,"column":37}},"type":"if","locations":[{"start":{"line":23,"column":2},"end":{"line":23,"column":37}},{"start":{},"end":{}}]},"3":{"loc":{"start":{"line":29,"column":2},"end":{"line":29,"column":37}},"type":"if","locations":[{"start":{"line":29,"column":2},"end":{"line":29,"column":37}},{"start":{},"end":{}}]},"4":{"loc":{"start":{"line":34,"column":2},"end":{"line":34,"column":40}},"type":"if","locations":[{"start":{"line":34,"column":2},"end":{"line":34,"column":40}},{"start":{},"end":{}}]},"5":{"loc":{"start":{"line":41,"column":17},"end":{"line":41,"column":54}},"type":"cond-expr","locations":[{"start":{"line":41,"column":36},"end":{"line":41,"column":37}},{"start":{"line":41,"column":40},"end":{"line":41,"column":54}}]},"6":{"loc":{"start":{"line":47,"column":2},"end":{"line":49,"column":41}},"type":"if","locations":[{"start":{"line":47,"column":2},"end":{"line":49,"column":41}},{"start":{"line":48,"column":7},"end":{"line":49,"column":41}}]},"7":{"loc":{"start":{"line":48,"column":7},"end":{"line":49,"column":41}},"type":"if","locations":[{"start":{"line":48,"column":7},"end":{"line":49,"column":41}},{"start":{"line":49,"column":7},"end":{"line":49,"column":41}}]},"8":{"loc":{"start":{"line":56,"column":4},"end":{"line":57,"column":64}},"type":"binary-expr","locations":[{"start":{"line":56,"column":4},"end":{"line":56,"column":73}},{"start":{"line":57,"column":5},"end":{"line":57,"column":38}},{"start":{"line":57,"column":42},"end":{"line":57,"column":63}}]},"9":{"loc":{"start":{"line":65,"column":4},"end":{"line":65,"column":26}},"type":"if","locations":[{"start":{"line":65,"column":4},"end":{"line":65,"column":26}},{"start":{},"end":{}}]}},"s":{"0":1,"1":1,"2":1,"3":1,"4":1,"5":1,"6":1,"7":24,"8":8,"9":8,"10":3,"11":5,"12":4,"13":4,"14":0,"15":4,"16":4,"17":4,"18":4,"19":7,"20":7,"21":0,"22":7,"23":13,"24":13,"25":2,"26":11,"27":11,"28":11,"29":1,"30":10,"31":10,"32":10,"33":10,"34":49,"35":49,"36":10,"37":10,"38":0,"39":10,"40":4,"41":6,"42":10,"43":5,"44":4,"45":4,"46":3,"47":3,"48":1,"49":2,"50":1},"f":{"0":24,"1":8,"2":4,"3":7,"4":13,"5":5,"6":4},"b":{"0":[3,5],"1":[0,4],"2":[0,7],"3":[2,11],"4":[1,10],"5":[6,43],"6":[0,10],"7":[4,6],"8":[5,4,1],"9":[1,2]}}
}
