TN:
SF:app/api/rondas/route.ts
FN:5,POST
FN:11,(anonymous_1)
FNF:2
FNH:1
FNDA:3,POST
FNDA:0,(anonymous_1)
DA:1,1
DA:2,1
DA:3,1
DA:5,1
DA:6,3
DA:7,3
DA:8,1
DA:11,2
DA:12,2
DA:14,2
DA:15,0
DA:18,2
DA:20,2
DA:21,1
DA:24,1
LF:15
LH:14
BRDA:7,0,0,1
BRDA:7,0,1,2
BRDA:7,1,0,1
BRDA:7,1,1,2
BRDA:7,2,0,3
BRDA:7,2,1,2
BRDA:14,3,0,0
BRDA:14,3,1,2
BRDA:20,4,0,1
BRDA:20,4,1,1
BRDA:21,5,0,0
BRDA:21,5,1,1
BRDA:21,6,0,1
BRDA:21,6,1,1
BRF:14
BRH:12
end_of_record
TN:
SF:app/api/rondas/[id]/complete/route.ts
FN:5,PATCH
FNF:1
FNH:1
FNDA:3,PATCH
DA:1,1
DA:2,1
DA:3,1
DA:5,1
DA:9,3
DA:10,3
DA:11,3
DA:12,1
DA:15,2
DA:16,2
DA:17,1
DA:20,1
LF:12
LH:12
BRDA:11,0,0,1
BRDA:11,0,1,2
BRDA:11,1,0,1
BRDA:11,1,1,2
BRDA:11,2,0,3
BRDA:11,2,1,2
BRDA:16,3,0,1
BRDA:16,3,1,1
BRF:8
BRH:8
end_of_record
TN:
SF:app/api/rondas/[id]/manual-checkin/route.ts
FN:10,POST
FNF:1
FNH:1
FNDA:30,POST
DA:1,1
DA:2,1
DA:3,1
DA:4,1
DA:5,1
DA:6,1
DA:10,1
DA:14,30
DA:15,30
DA:16,30
DA:17,1
DA:20,29
DA:21,29
DA:22,29
DA:23,29
DA:24,29
DA:25,29
DA:26,29
DA:27,29
DA:29,29
DA:30,1
DA:32,28
DA:33,1
DA:36,27
DA:37,27
DA:38,27
DA:41,27
DA:42,1
DA:44,26
DA:45,1
DA:49,25
DA:50,1
DA:54,24
DA:58,24
DA:59,1
DA:63,23
DA:64,23
DA:65,22
DA:68,22
DA:71,1
DA:74,1
DA:76,23
DA:77,2
DA:81,21
DA:85,21
DA:86,1
DA:89,20
DA:90,20
DA:93,20
DA:94,20
DA:95,20
DA:96,19
DA:97,1
DA:98,1
DA:99,18
DA:100,1
DA:101,1
DA:102,17
DA:103,17
DA:104,17
DA:105,17
DA:106,2
DA:107,2
DA:110,1
DA:111,1
DA:115,20
DA:116,20
DA:117,20
DA:120,20
DA:121,20
DA:125,20
DA:126,20
DA:127,12
DA:131,12
DA:132,12
DA:140,8
DA:141,1
DA:142,1
DA:143,1
DA:144,1
DA:153,7
DA:158,20
DA:162,20
DA:165,20
DA:184,20
DA:185,20
DA:201,20
LF:87
LH:87
BRDA:16,0,0,1
BRDA:16,0,1,29
BRDA:16,1,0,1
BRDA:16,1,1,29
BRDA:16,2,0,30
BRDA:16,2,1,29
BRDA:29,3,0,1
BRDA:29,3,1,28
BRDA:32,4,0,1
BRDA:32,4,1,27
BRDA:36,5,0,19
BRDA:36,5,1,8
BRDA:37,6,0,19
BRDA:37,6,1,8
BRDA:38,7,0,19
BRDA:38,7,1,8
BRDA:41,8,0,1
BRDA:41,8,1,26
BRDA:44,9,0,1
BRDA:44,9,1,25
BRDA:49,10,0,1
BRDA:49,10,1,24
BRDA:49,11,0,25
BRDA:49,11,1,2
BRDA:58,12,0,1
BRDA:58,12,1,23
BRDA:64,13,0,22
BRDA:64,13,1,1
BRDA:76,14,0,2
BRDA:76,14,1,21
BRDA:85,15,0,1
BRDA:85,15,1,20
BRDA:95,16,0,19
BRDA:95,16,1,1
BRDA:96,17,0,1
BRDA:96,17,1,18
BRDA:96,18,0,19
BRDA:96,18,1,18
BRDA:96,18,2,18
BRDA:96,18,3,18
BRDA:99,19,0,1
BRDA:99,19,1,17
BRDA:99,20,0,18
BRDA:99,20,1,18
BRDA:102,21,0,17
BRDA:102,21,1,0
BRDA:102,22,0,17
BRDA:102,22,1,17
BRDA:105,23,0,2
BRDA:105,23,1,15
BRDA:110,24,0,1
BRDA:110,24,1,0
BRDA:110,25,0,1
BRDA:110,25,1,1
BRDA:110,25,2,1
BRDA:110,25,3,1
BRDA:115,26,0,20
BRDA:115,26,1,0
BRDA:115,27,0,20
BRDA:115,27,1,20
BRDA:115,28,0,0
BRDA:115,28,1,20
BRDA:115,29,0,20
BRDA:115,29,1,20
BRDA:125,30,0,20
BRDA:125,30,1,0
BRDA:126,31,0,12
BRDA:126,31,1,8
BRDA:126,32,0,0
BRDA:126,32,1,20
BRDA:126,33,0,20
BRDA:126,33,1,20
BRDA:140,34,0,1
BRDA:140,34,1,7
BRDA:179,35,0,1
BRDA:179,35,1,19
BRDA:179,36,0,20
BRDA:179,36,1,1
BRDA:180,37,0,5
BRDA:180,37,1,15
BRDA:187,38,0,5
BRDA:187,38,1,15
BRDA:187,39,0,1
BRDA:187,39,1,14
BRDA:208,40,0,17
BRDA:208,40,1,3
BRF:86
BRH:80
end_of_record
TN:
SF:app/api/rondas/[id]/visit/route.ts
FN:10,POST
FNF:1
FNH:1
FNDA:20,POST
DA:1,1
DA:2,1
DA:3,1
DA:4,1
DA:5,1
DA:6,1
DA:10,1
DA:14,20
DA:15,20
DA:16,20
DA:17,1
DA:20,19
DA:21,19
DA:29,19
DA:30,1
DA:33,18
DA:37,18
DA:38,1
DA:42,17
DA:43,17
DA:44,1
DA:48,16
DA:61,16
DA:62,1
DA:66,15
DA:67,15
DA:68,1
DA:71,14
DA:72,14
DA:75,14
DA:76,14
DA:77,13
DA:78,13
DA:85,2
DA:86,1
DA:88,1
DA:93,12
DA:94,12
DA:95,11
DA:96,1
DA:101,11
DA:102,11
DA:103,1
DA:105,10
DA:106,8
DA:108,1
DA:109,1
DA:110,7
DA:111,1
DA:112,1
DA:113,6
DA:114,5
DA:115,5
DA:116,5
DA:117,1
DA:118,1
DA:124,10
DA:125,10
DA:130,10
DA:131,7
DA:132,3
DA:136,3
DA:137,3
DA:145,4
DA:146,1
DA:147,1
DA:148,1
DA:149,1
DA:158,3
DA:163,10
DA:167,10
DA:170,10
DA:188,10
DA:189,10
DA:198,10
LF:75
LH:75
BRDA:16,0,0,1
BRDA:16,0,1,19
BRDA:16,1,0,1
BRDA:16,1,1,19
BRDA:16,2,0,20
BRDA:16,2,1,19
BRDA:29,3,0,1
BRDA:29,3,1,18
BRDA:37,4,0,1
BRDA:37,4,1,17
BRDA:43,5,0,1
BRDA:43,5,1,16
BRDA:43,6,0,1
BRDA:43,6,1,16
BRDA:43,7,0,17
BRDA:43,7,1,16
BRDA:61,8,0,1
BRDA:61,8,1,15
BRDA:67,9,0,1
BRDA:67,9,1,14
BRDA:76,10,0,13
BRDA:76,10,1,1
BRDA:85,11,0,1
BRDA:85,11,1,1
BRDA:85,12,0,2
BRDA:85,12,1,1
BRDA:94,13,0,11
BRDA:94,13,1,1
BRDA:95,14,0,1
BRDA:95,14,1,10
BRDA:102,15,0,1
BRDA:102,15,1,10
BRDA:102,16,0,11
BRDA:102,16,1,1
BRDA:105,17,0,8
BRDA:105,17,1,2
BRDA:106,18,0,1
BRDA:106,18,1,7
BRDA:106,19,0,8
BRDA:106,19,1,7
BRDA:110,20,0,1
BRDA:110,20,1,6
BRDA:110,21,0,7
BRDA:110,21,1,7
BRDA:113,22,0,5
BRDA:113,22,1,1
BRDA:113,23,0,6
BRDA:113,23,1,5
BRDA:116,24,0,1
BRDA:116,24,1,4
BRDA:130,25,0,7
BRDA:130,25,1,3
BRDA:131,26,0,3
BRDA:131,26,1,4
BRDA:131,27,0,0
BRDA:131,27,1,7
BRDA:131,28,0,7
BRDA:131,28,1,7
BRDA:145,29,0,1
BRDA:145,29,1,3
BRDA:183,30,0,4
BRDA:183,30,1,6
BRDA:191,31,0,4
BRDA:191,31,1,6
BRDA:191,32,0,1
BRDA:191,32,1,5
BRF:66
BRH:65
end_of_record
TN:
SF:components/admin/CheckpointMapView.tsx
FN:37,(anonymous_0)
FN:39,getPinSvg
FN:64,CheckpointMapView
FN:86,(anonymous_3)
FN:96,(anonymous_4)
FN:104,(anonymous_5)
FN:107,(anonymous_6)
FN:107,(anonymous_7)
FN:140,(anonymous_8)
FN:141,(anonymous_9)
FN:149,(anonymous_10)
FN:178,(anonymous_11)
FN:181,(anonymous_12)
FN:184,(anonymous_13)
FN:196,(anonymous_14)
FN:200,(anonymous_15)
FN:218,(anonymous_16)
FN:228,(anonymous_17)
FNF:18
FNH:14
FNDA:16,(anonymous_0)
FNDA:32,getPinSvg
FNDA:16,CheckpointMapView
FNDA:34,(anonymous_3)
FNDA:7,(anonymous_4)
FNDA:16,(anonymous_5)
FNDA:18,(anonymous_6)
FNDA:18,(anonymous_7)
FNDA:7,(anonymous_8)
FNDA:7,(anonymous_9)
FNDA:1,(anonymous_10)
FNDA:7,(anonymous_11)
FNDA:0,(anonymous_12)
FNDA:32,(anonymous_13)
FNDA:2,(anonymous_14)
FNDA:0,(anonymous_15)
FNDA:0,(anonymous_16)
FNDA:0,(anonymous_17)
DA:3,1
DA:4,1
DA:37,16
DA:40,32
DA:41,32
DA:42,32
DA:43,32
DA:55,0
DA:64,1
DA:78,16
DA:79,16
DA:80,16
DA:81,16
DA:82,16
DA:83,16
DA:85,16
DA:86,34
DA:89,16
DA:96,16
DA:97,7
DA:98,0
DA:99,0
DA:104,16
DA:105,16
DA:106,9
DA:107,18
DA:110,9
DA:111,4
DA:112,0
DA:113,0
DA:117,9
DA:118,18
DA:119,18
DA:120,18
DA:121,4
DA:122,4
DA:124,14
DA:134,14
DA:140,16
DA:141,7
DA:142,14
DA:143,7
DA:148,16
DA:150,1
DA:155,16
DA:156,0
DA:163,16
DA:179,7
DA:180,7
DA:181,7
DA:185,32
DA:186,32
DA:197,2
DA:198,2
DA:201,0
DA:219,0
DA:228,0
LF:57
LH:48
BRDA:39,0,0,0
BRDA:40,1,0,32
BRDA:40,1,1,0
BRDA:42,2,0,0
BRDA:42,2,1,32
BRDA:71,3,0,16
BRDA:72,4,0,16
BRDA:76,5,0,16
BRDA:78,6,0,0
BRDA:78,6,1,16
BRDA:78,7,0,16
BRDA:78,7,1,16
BRDA:86,8,0,34
BRDA:86,8,1,32
BRDA:90,9,0,0
BRDA:90,9,1,16
BRDA:90,10,0,16
BRDA:90,10,1,16
BRDA:91,11,0,16
BRDA:91,11,1,0
BRDA:97,12,0,0
BRDA:97,12,1,7
BRDA:97,13,0,7
BRDA:97,13,1,0
BRDA:105,14,0,7
BRDA:105,14,1,9
BRDA:107,15,0,18
BRDA:107,15,1,18
BRDA:111,16,0,0
BRDA:111,16,1,4
BRDA:118,17,0,0
BRDA:118,17,1,18
BRDA:118,18,0,18
BRDA:118,18,1,18
BRDA:120,19,0,4
BRDA:120,19,1,14
BRDA:150,20,0,1
BRDA:150,20,1,0
BRDA:150,21,0,1
BRDA:150,21,1,1
BRDA:155,22,0,0
BRDA:155,22,1,16
BRDA:155,23,0,16
BRDA:155,23,1,16
BRDA:174,24,0,0
BRDA:174,24,1,16
BRDA:185,25,0,32
BRDA:185,25,1,0
BRDA:185,26,0,32
BRDA:185,26,1,32
BRDA:195,27,0,32
BRDA:195,27,1,0
BRDA:198,28,0,1
BRDA:198,28,1,1
BRDA:198,29,0,2
BRDA:198,29,1,2
BRDA:201,30,0,0
BRDA:201,30,1,0
BRDA:201,31,0,0
BRDA:201,31,1,0
BRDA:209,32,0,16
BRDA:209,32,1,0
BRDA:219,33,0,0
BRDA:219,33,1,0
BRDA:219,34,0,0
BRDA:219,34,1,0
BRDA:225,35,0,16
BRDA:225,35,1,2
BRDA:225,35,2,2
BRDA:225,35,3,2
BRDA:232,36,0,2
BRDA:232,36,1,0
BRDA:232,36,2,0
BRDA:232,36,3,2
BRDA:234,37,0,2
BRDA:234,37,1,2
BRDA:242,38,0,2
BRDA:242,38,1,2
BRDA:246,39,0,2
BRDA:246,39,1,0
BRF:80
BRH:53
end_of_record
TN:
SF:components/admin/GoogleMapPicker.tsx
FN:24,GoogleMapPicker
FN:31,(anonymous_1)
FN:40,(anonymous_2)
FN:52,(anonymous_3)
FN:78,(anonymous_4)
FNF:5
FNH:5
FNDA:6,GoogleMapPicker
FNDA:4,(anonymous_1)
FNDA:1,(anonymous_2)
FNDA:1,(anonymous_3)
FNDA:4,(anonymous_4)
DA:3,1
DA:4,1
DA:12,1
DA:17,1
DA:24,1
DA:25,6
DA:26,6
DA:27,6
DA:28,6
DA:31,6
DA:32,4
DA:33,0
DA:34,0
DA:39,6
DA:41,1
DA:42,1
DA:43,1
DA:44,1
DA:45,1
DA:51,6
DA:53,1
DA:54,1
DA:55,1
DA:56,1
DA:57,1
DA:63,6
DA:64,0
DA:71,6
DA:78,4
LF:29
LH:26
BRDA:25,0,0,0
BRDA:25,0,1,6
BRDA:25,1,0,6
BRDA:25,1,1,6
BRDA:32,2,0,0
BRDA:32,2,1,4
BRDA:32,3,0,4
BRDA:32,3,1,4
BRDA:34,4,0,0
BRDA:34,4,1,0
BRDA:34,5,0,0
BRDA:34,5,1,0
BRDA:41,6,0,1
BRDA:41,6,1,0
BRDA:53,7,0,1
BRDA:53,7,1,0
BRDA:63,8,0,0
BRDA:63,8,1,6
BRDA:63,9,0,6
BRDA:63,9,1,6
BRF:20
BRH:11
end_of_record
TN:
SF:components/admin/MapFallback.tsx
FN:7,(anonymous_10)
FN:7,(anonymous_11)
FN:7,(anonymous_12)
FN:8,(anonymous_13)
FN:12,(anonymous_14)
FN:12,(anonymous_15)
FN:12,(anonymous_16)
FN:15,(anonymous_17)
FN:30,MapFallbackInner
FN:49,MapFallback
FNF:10
FNH:1
FNDA:0,(anonymous_10)
FNDA:0,(anonymous_11)
FNDA:0,(anonymous_12)
FNDA:0,(anonymous_13)
FNDA:0,(anonymous_14)
FNDA:0,(anonymous_15)
FNDA:0,(anonymous_16)
FNDA:0,(anonymous_17)
FNDA:0,MapFallbackInner
FNDA:2,MapFallback
DA:3,1
DA:4,1
DA:6,1
DA:7,0
DA:8,0
DA:11,1
DA:12,0
DA:16,0
DA:31,0
DA:32,0
DA:34,0
DA:35,0
DA:42,0
DA:49,1
DA:50,2
DA:52,2
DA:53,2
DA:60,0
LF:18
LH:8
BRDA:31,0,0,0
BRDA:31,0,1,0
BRDA:31,1,0,0
BRDA:31,1,1,0
BRDA:34,2,0,0
BRDA:34,2,1,0
BRDA:49,3,0,0
BRDA:52,4,0,2
BRDA:52,4,1,0
BRDA:52,5,0,2
BRDA:52,5,1,1
BRF:11
BRH:3
end_of_record
TN:
SF:components/rondas/QuickCheckinPanel.tsx
FN:47,getOrCreateDeviceId
FN:57,getGPS
FN:58,(anonymous_2)
FN:61,(anonymous_3)
FN:62,(anonymous_4)
FN:68,haversineDistance
FN:80,triggerVibration
FN:86,QuickCheckinPanel
FN:97,(anonymous_8)
FN:97,(anonymous_9)
FN:98,(anonymous_10)
FN:100,(anonymous_11)
FN:120,(anonymous_12)
FN:126,(anonymous_13)
FN:132,(anonymous_14)
FN:143,(anonymous_15)
FN:174,(anonymous_16)
FN:200,(anonymous_17)
FN:208,(anonymous_18)
FN:230,(anonymous_19)
FN:245,(anonymous_20)
FN:251,(anonymous_21)
FN:253,(anonymous_22)
FN:254,(anonymous_23)
FN:255,(anonymous_24)
FN:272,(anonymous_25)
FN:280,(anonymous_26)
FN:291,(anonymous_27)
FN:297,(anonymous_28)
FN:336,(anonymous_29)
FN:341,(anonymous_30)
FN:423,(anonymous_31)
FN:427,(anonymous_32)
FN:449,(anonymous_33)
FN:496,(anonymous_34)
FNF:35
FNH:33
FNDA:17,getOrCreateDeviceId
FNDA:67,getGPS
FNDA:67,(anonymous_2)
FNDA:60,(anonymous_3)
FNDA:4,(anonymous_4)
FNDA:58,haversineDistance
FNDA:12,triggerVibration
FNDA:230,QuickCheckinPanel
FNDA:223,(anonymous_8)
FNDA:221,(anonymous_9)
FNDA:416,(anonymous_10)
FNDA:67,(anonymous_11)
FNDA:80,(anonymous_12)
FNDA:77,(anonymous_13)
FNDA:6,(anonymous_14)
FNDA:13,(anonymous_15)
FNDA:0,(anonymous_16)
FNDA:15,(anonymous_17)
FNDA:4,(anonymous_18)
FNDA:0,(anonymous_19)
FNDA:217,(anonymous_20)
FNDA:899,(anonymous_21)
FNDA:661,(anonymous_22)
FNDA:241,(anonymous_23)
FNDA:237,(anonymous_24)
FNDA:1,(anonymous_25)
FNDA:2,(anonymous_26)
FNDA:682,(anonymous_27)
FNDA:6,(anonymous_28)
FNDA:217,(anonymous_29)
FNDA:651,(anonymous_30)
FNDA:18,(anonymous_31)
FNDA:1,(anonymous_32)
FNDA:1,(anonymous_33)
FNDA:4,(anonymous_34)
DA:3,1
DA:4,1
DA:5,1
DA:48,17
DA:49,17
DA:50,17
DA:51,1
DA:52,1
DA:54,17
DA:58,67
DA:59,67
DA:60,66
DA:61,60
DA:62,4
DA:69,58
DA:70,58
DA:71,58
DA:73,58
DA:77,58
DA:81,12
DA:82,11
DA:86,1
DA:87,230
DA:88,230
DA:89,230
DA:90,230
DA:91,230
DA:92,230
DA:93,230
DA:94,230
DA:95,230
DA:96,230
DA:97,230
DA:98,416
DA:100,230
DA:101,67
DA:102,67
DA:103,65
DA:104,65
DA:105,5
DA:106,5
DA:108,60
DA:109,2
DA:110,2
DA:112,58
DA:113,58
DA:114,52
DA:116,6
DA:120,230
DA:121,80
DA:122,67
DA:126,230
DA:127,77
DA:128,10
DA:132,230
DA:133,6
DA:134,6
DA:135,6
DA:136,6
DA:137,6
DA:138,6
DA:139,6
DA:140,6
DA:143,230
DA:144,13
DA:145,13
DA:146,13
DA:147,13
DA:148,13
DA:149,13
DA:150,13
DA:151,13
DA:152,12
DA:153,12
DA:154,12
DA:156,13
DA:157,13
DA:158,13
DA:160,13
DA:164,12
DA:166,12
DA:167,2
DA:168,2
DA:171,10
DA:172,10
DA:173,10
DA:174,10
DA:176,10
DA:187,10
DA:188,10
DA:189,10
DA:190,10
DA:191,10
DA:192,10
DA:194,1
DA:196,13
DA:200,230
DA:201,15
DA:202,3
DA:203,3
DA:205,12
DA:208,230
DA:209,4
DA:210,4
DA:211,4
DA:212,4
DA:213,4
DA:214,4
DA:215,4
DA:217,4
DA:221,3
DA:223,3
DA:224,1
DA:225,1
DA:228,2
DA:229,2
DA:230,2
DA:232,2
DA:239,1
DA:241,4
DA:245,230
DA:246,217
DA:247,66
DA:248,28
DA:251,230
DA:252,899
DA:253,663
DA:254,663
DA:255,661
DA:256,424
DA:259,230
DA:272,1
DA:280,2
DA:292,682
DA:293,682
DA:294,682
DA:297,6
DA:337,217
DA:338,217
DA:339,217
DA:342,651
DA:343,651
DA:344,651
DA:345,651
DA:424,18
DA:425,18
DA:428,1
DA:429,1
DA:449,1
DA:496,4
LF:150
LH:150
BRDA:50,0,0,1
BRDA:50,0,1,16
BRDA:59,1,0,1
BRDA:59,1,1,66
BRDA:81,2,0,11
BRDA:81,2,1,1
BRDA:88,3,0,229
BRDA:88,3,1,1
BRDA:88,4,0,230
BRDA:88,4,1,230
BRDA:88,5,0,1
BRDA:88,5,1,229
BRDA:88,6,0,230
BRDA:88,6,1,229
BRDA:98,7,0,219
BRDA:98,7,1,11
BRDA:98,8,0,219
BRDA:98,8,1,0
BRDA:98,9,0,219
BRDA:98,9,1,219
BRDA:104,10,0,5
BRDA:104,10,1,60
BRDA:108,11,0,2
BRDA:108,11,1,58
BRDA:108,12,0,60
BRDA:108,12,1,58
BRDA:108,12,2,58
BRDA:113,13,0,52
BRDA:113,13,1,6
BRDA:121,14,0,67
BRDA:121,14,1,13
BRDA:121,15,0,80
BRDA:121,15,1,69
BRDA:127,16,0,10
BRDA:127,16,1,67
BRDA:127,17,0,77
BRDA:127,17,1,76
BRDA:133,18,0,0
BRDA:133,18,1,6
BRDA:133,19,0,6
BRDA:133,19,1,6
BRDA:144,20,0,0
BRDA:144,20,1,13
BRDA:151,21,0,12
BRDA:151,21,1,1
BRDA:157,22,0,0
BRDA:157,22,1,13
BRDA:158,23,0,13
BRDA:158,23,1,0
BRDA:166,24,0,2
BRDA:166,24,1,10
BRDA:167,25,0,1
BRDA:167,25,1,1
BRDA:167,26,0,2
BRDA:167,26,1,2
BRDA:171,27,0,0
BRDA:171,27,1,10
BRDA:171,28,0,10
BRDA:171,28,1,10
BRDA:177,29,0,2
BRDA:177,29,1,8
BRDA:178,30,0,1
BRDA:178,30,1,9
BRDA:180,31,0,2
BRDA:180,31,1,7
BRDA:201,32,0,3
BRDA:201,32,1,12
BRDA:201,33,0,15
BRDA:201,33,1,3
BRDA:223,34,0,1
BRDA:223,34,1,2
BRDA:224,35,0,1
BRDA:224,35,1,0
BRDA:224,36,0,1
BRDA:224,36,1,1
BRDA:246,37,0,151
BRDA:246,37,1,66
BRDA:246,38,0,217
BRDA:246,38,1,153
BRDA:247,39,0,38
BRDA:247,39,1,28
BRDA:252,40,0,236
BRDA:252,40,1,663
BRDA:254,41,0,2
BRDA:254,41,1,661
BRDA:255,42,0,237
BRDA:255,42,1,424
BRDA:261,43,0,230
BRDA:261,43,1,42
BRDA:274,44,0,228
BRDA:274,44,1,2
BRDA:282,45,0,2
BRDA:282,45,1,228
BRDA:300,46,0,219
BRDA:300,46,1,463
BRDA:302,47,0,2
BRDA:302,47,1,461
BRDA:304,48,0,230
BRDA:304,48,1,231
BRDA:306,49,0,195
BRDA:306,49,1,36
BRDA:311,50,0,682
BRDA:311,50,1,219
BRDA:312,51,0,682
BRDA:312,51,1,2
BRDA:313,52,0,224
BRDA:313,52,1,458
BRDA:320,53,0,230
BRDA:320,53,1,228
BRDA:320,53,2,217
BRDA:327,54,0,217
BRDA:327,54,1,211
BRDA:349,55,0,94
BRDA:349,55,1,557
BRDA:350,56,0,217
BRDA:350,56,1,340
BRDA:353,57,0,94
BRDA:353,57,1,557
BRDA:356,58,0,217
BRDA:356,58,1,434
BRDA:356,59,0,94
BRDA:356,59,1,340
BRDA:359,60,0,651
BRDA:359,60,1,434
BRDA:360,61,0,94
BRDA:360,61,1,340
BRDA:374,62,0,217
BRDA:374,62,1,151
BRDA:374,62,2,130
BRDA:377,63,0,217
BRDA:377,63,1,64
BRDA:383,64,0,217
BRDA:383,64,1,14
BRDA:389,65,0,217
BRDA:389,65,1,2
BRDA:392,66,0,217
BRDA:392,66,1,7
BRDA:397,67,0,217
BRDA:397,67,1,151
BRDA:397,67,2,130
BRDA:400,68,0,217
BRDA:400,68,1,64
BRDA:403,69,0,217
BRDA:403,69,1,14
BRDA:406,70,0,217
BRDA:406,70,1,2
BRDA:409,71,0,217
BRDA:409,71,1,7
BRDA:435,72,0,217
BRDA:435,72,1,3
BRDA:435,72,2,3
BRDA:459,73,0,217
BRDA:459,73,1,214
BRDA:462,74,0,214
BRDA:462,74,1,37
BRDA:465,75,0,17
BRDA:465,75,1,197
BRDA:480,76,0,217
BRDA:480,76,1,215
BRDA:480,76,2,9
BRDA:483,77,0,9
BRDA:483,77,1,2
BRDA:486,78,0,1
BRDA:486,78,1,8
BRDA:494,79,0,230
BRDA:494,79,1,228
BRDA:494,79,2,217
BRDA:494,79,3,18
BRDA:501,80,0,4
BRDA:501,80,1,14
BRF:170
BRH:163
end_of_record
TN:
SF:lib/actions/rondas.ts
FN:32,(anonymous_1)
FN:39,createCheckpoint
FN:110,updateCheckpoint
FN:155,deleteCheckpoint
FN:197,getCheckpoints
FN:236,startRonda
FN:266,(anonymous_7)
FN:267,(anonymous_8)
FN:301,completeRonda
FN:322,(anonymous_10)
FN:323,(anonymous_11)
FN:347,getActiveRonda
FN:362,getRondaById
FN:381,getRondaStats
FN:409,getRondaTemplates
FN:430,createRondaTemplate
FN:459,(anonymous_17)
FN:470,updateRondaTemplate
FN:489,(anonymous_19)
FN:493,(anonymous_20)
FN:513,getRondaHistory
FN:548,getInstitutions
FNF:22
FNH:22
FNDA:7,(anonymous_1)
FNDA:9,createCheckpoint
FNDA:6,updateCheckpoint
FNDA:6,deleteCheckpoint
FNDA:2,getCheckpoints
FNDA:8,startRonda
FNDA:2,(anonymous_7)
FNDA:3,(anonymous_8)
FNDA:4,completeRonda
FNDA:3,(anonymous_10)
FNDA:4,(anonymous_11)
FNDA:3,getActiveRonda
FNDA:3,getRondaById
FNDA:2,getRondaStats
FNDA:4,getRondaTemplates
FNDA:8,createRondaTemplate
FNDA:4,(anonymous_17)
FNDA:6,updateRondaTemplate
FNDA:2,(anonymous_19)
FNDA:2,(anonymous_20)
FNDA:2,getRondaHistory
FNDA:3,getInstitutions
DA:3,1
DA:4,1
DA:5,1
DA:6,1
DA:7,1
DA:8,1
DA:20,1
DA:33,7
DA:34,1
DA:36,6
DA:39,1
DA:42,9
DA:43,9
DA:45,8
DA:46,8
DA:48,7
DA:49,7
DA:51,5
DA:55,5
DA:57,4
DA:58,4
DA:61,4
DA:62,1
DA:67,1
DA:70,4
DA:71,4
DA:81,3
DA:82,1
DA:87,1
DA:88,1
DA:94,3
DA:103,3
DA:105,1
DA:106,1
DA:110,1
DA:114,6
DA:115,6
DA:117,5
DA:118,5
DA:120,4
DA:127,4
DA:129,3
DA:130,1
DA:133,2
DA:134,2
DA:139,1
DA:148,1
DA:150,1
DA:151,1
DA:155,1
DA:156,6
DA:157,6
DA:159,5
DA:160,5
DA:162,4
DA:169,4
DA:171,3
DA:172,3
DA:173,1
DA:178,2
DA:181,2
DA:190,2
DA:192,1
DA:193,1
DA:197,1
DA:198,2
DA:199,2
DA:201,2
DA:205,2
DA:231,2
DA:236,1
DA:237,8
DA:238,8
DA:240,8
DA:241,8
DA:243,7
DA:244,7
DA:246,6
DA:255,6
DA:257,5
DA:261,5
DA:263,4
DA:264,4
DA:265,1
DA:266,2
DA:267,3
DA:268,1
DA:269,2
DA:270,2
DA:272,1
DA:275,4
DA:276,4
DA:286,3
DA:294,3
DA:296,1
DA:297,1
DA:301,1
DA:302,4
DA:303,4
DA:305,3
DA:315,3
DA:317,2
DA:322,3
DA:323,4
DA:325,2
DA:326,2
DA:331,1
DA:340,1
DA:342,1
DA:343,1
DA:347,1
DA:348,3
DA:349,3
DA:351,2
DA:362,1
DA:363,3
DA:364,3
DA:366,2
DA:381,1
DA:382,2
DA:383,2
DA:385,2
DA:386,2
DA:388,2
DA:389,2
DA:391,2
DA:404,2
DA:409,1
DA:410,4
DA:411,4
DA:413,3
DA:417,3
DA:427,3
DA:430,1
DA:437,8
DA:438,8
DA:440,7
DA:441,7
DA:443,6
DA:446,6
DA:448,5
DA:449,4
DA:451,3
DA:452,3
DA:459,4
DA:463,2
DA:465,1
DA:466,1
DA:470,1
DA:474,6
DA:475,6
DA:477,5
DA:478,5
DA:480,4
DA:486,4
DA:488,3
DA:489,3
DA:490,2
DA:491,1
DA:492,1
DA:493,2
DA:496,2
DA:506,2
DA:508,1
DA:509,1
DA:513,1
DA:514,2
DA:515,2
DA:517,2
DA:518,2
DA:520,2
DA:524,2
DA:525,2
DA:529,2
DA:545,2
DA:548,1
DA:549,3
DA:550,3
DA:551,2
DA:553,1
DA:558,1
LF:181
LH:181
BRDA:33,0,0,1
BRDA:33,0,1,6
BRDA:33,1,0,7
BRDA:33,1,1,2
BRDA:43,2,0,1
BRDA:43,2,1,8
BRDA:43,3,0,1
BRDA:43,3,1,8
BRDA:43,4,0,9
BRDA:43,4,1,8
BRDA:46,5,0,1
BRDA:46,5,1,7
BRDA:49,6,0,2
BRDA:49,6,1,5
BRDA:51,7,0,1
BRDA:51,7,1,4
BRDA:52,8,0,1
BRDA:52,8,1,0
BRDA:52,9,0,1
BRDA:52,9,1,1
BRDA:55,10,0,1
BRDA:55,10,1,4
BRDA:61,11,0,1
BRDA:61,11,1,3
BRDA:81,12,0,1
BRDA:81,12,1,2
BRDA:115,13,0,1
BRDA:115,13,1,5
BRDA:115,14,0,1
BRDA:115,14,1,5
BRDA:115,15,0,6
BRDA:115,15,1,5
BRDA:118,16,0,1
BRDA:118,16,1,4
BRDA:123,17,0,4
BRDA:123,17,1,4
BRDA:127,18,0,1
BRDA:127,18,1,3
BRDA:129,19,0,1
BRDA:129,19,1,2
BRDA:129,20,0,3
BRDA:129,20,1,1
BRDA:157,21,0,1
BRDA:157,21,1,5
BRDA:157,22,0,1
BRDA:157,22,1,5
BRDA:157,23,0,6
BRDA:157,23,1,5
BRDA:160,24,0,1
BRDA:160,24,1,4
BRDA:165,25,0,4
BRDA:165,25,1,4
BRDA:169,26,0,1
BRDA:169,26,1,3
BRDA:172,27,0,1
BRDA:172,27,1,2
BRDA:199,28,0,0
BRDA:199,28,1,2
BRDA:199,29,0,0
BRDA:199,29,1,2
BRDA:199,30,0,2
BRDA:199,30,1,2
BRDA:201,31,0,1
BRDA:201,31,1,1
BRDA:203,32,0,1
BRDA:203,32,1,0
BRDA:203,33,0,1
BRDA:203,33,1,1
BRDA:207,34,0,2
BRDA:207,34,1,2
BRDA:236,35,0,6
BRDA:238,36,0,0
BRDA:238,36,1,8
BRDA:238,37,0,0
BRDA:238,37,1,8
BRDA:238,38,0,8
BRDA:238,38,1,8
BRDA:241,39,0,1
BRDA:241,39,1,7
BRDA:244,40,0,1
BRDA:244,40,1,6
BRDA:255,41,0,1
BRDA:255,41,1,5
BRDA:261,42,0,1
BRDA:261,42,1,4
BRDA:264,43,0,1
BRDA:264,43,1,3
BRDA:264,44,0,4
BRDA:264,44,1,2
BRDA:264,44,2,1
BRDA:266,45,0,2
BRDA:266,45,1,0
BRDA:266,46,0,2
BRDA:266,46,1,2
BRDA:266,47,0,2
BRDA:266,47,1,0
BRDA:266,48,0,2
BRDA:266,48,1,2
BRDA:283,49,0,4
BRDA:283,49,1,1
BRDA:303,50,0,1
BRDA:303,50,1,3
BRDA:303,51,0,1
BRDA:303,51,1,3
BRDA:303,52,0,4
BRDA:303,52,1,3
BRDA:315,53,0,1
BRDA:315,53,1,2
BRDA:349,54,0,1
BRDA:349,54,1,2
BRDA:349,55,0,1
BRDA:349,55,1,2
BRDA:349,56,0,3
BRDA:349,56,1,2
BRDA:364,57,0,1
BRDA:364,57,1,2
BRDA:364,58,0,1
BRDA:364,58,1,2
BRDA:364,59,0,3
BRDA:364,59,1,2
BRDA:369,60,0,2
BRDA:369,60,1,2
BRDA:369,60,2,1
BRDA:383,61,0,0
BRDA:383,61,1,2
BRDA:383,62,0,0
BRDA:383,62,1,2
BRDA:383,63,0,2
BRDA:383,63,1,2
BRDA:386,64,0,0
BRDA:386,64,1,2
BRDA:386,65,0,2
BRDA:386,65,1,1
BRDA:394,66,0,1
BRDA:394,66,1,1
BRDA:394,67,0,2
BRDA:394,67,1,1
BRDA:400,68,0,1
BRDA:400,68,1,1
BRDA:400,69,0,2
BRDA:400,69,1,1
BRDA:411,70,0,1
BRDA:411,70,1,3
BRDA:411,71,0,1
BRDA:411,71,1,3
BRDA:411,72,0,4
BRDA:411,72,1,3
BRDA:413,73,0,2
BRDA:413,73,1,1
BRDA:415,74,0,1
BRDA:415,74,1,0
BRDA:415,75,0,1
BRDA:415,75,1,1
BRDA:418,76,0,3
BRDA:418,76,1,2
BRDA:438,77,0,1
BRDA:438,77,1,7
BRDA:438,78,0,1
BRDA:438,78,1,7
BRDA:438,79,0,8
BRDA:438,79,1,7
BRDA:441,80,0,1
BRDA:441,80,1,6
BRDA:443,81,0,2
BRDA:443,81,1,4
BRDA:446,82,0,1
BRDA:446,82,1,5
BRDA:448,83,0,1
BRDA:448,83,1,4
BRDA:449,84,0,1
BRDA:449,84,1,3
BRDA:455,85,0,3
BRDA:455,85,1,3
BRDA:455,86,0,3
BRDA:455,86,1,0
BRDA:455,87,0,3
BRDA:455,87,1,3
BRDA:457,88,0,1
BRDA:457,88,1,2
BRDA:457,89,0,3
BRDA:457,89,1,3
BRDA:475,90,0,1
BRDA:475,90,1,5
BRDA:475,91,0,1
BRDA:475,91,1,5
BRDA:475,92,0,6
BRDA:475,92,1,5
BRDA:478,93,0,1
BRDA:478,93,1,4
BRDA:483,94,0,4
BRDA:483,94,1,4
BRDA:486,95,0,1
BRDA:486,95,1,3
BRDA:490,96,0,1
BRDA:490,96,1,1
BRDA:499,97,0,2
BRDA:499,97,1,2
BRDA:500,98,0,2
BRDA:500,98,1,0
BRDA:500,99,0,0
BRDA:500,99,1,0
BRDA:501,100,0,2
BRDA:501,100,1,1
BRDA:502,101,0,2
BRDA:502,101,1,0
BRDA:513,102,0,0
BRDA:513,103,0,0
BRDA:515,104,0,0
BRDA:515,104,1,2
BRDA:515,105,0,0
BRDA:515,105,1,2
BRDA:515,106,0,2
BRDA:515,106,1,2
BRDA:518,107,0,0
BRDA:518,107,1,2
BRDA:520,108,0,0
BRDA:520,108,1,2
BRDA:522,109,0,2
BRDA:522,109,1,0
BRDA:522,110,0,2
BRDA:522,110,1,2
BRDA:525,111,0,1
BRDA:525,111,1,1
BRDA:526,112,0,1
BRDA:526,112,1,1
BRDA:550,113,0,2
BRDA:550,113,1,1
BRDA:550,114,0,3
BRDA:550,114,1,2
BRDA:550,115,0,1
BRDA:550,115,1,2
BRDA:550,116,0,3
BRDA:550,116,1,2
BRF:233
BRH:209
end_of_record
TN:
SF:lib/utils/geofence.ts
FN:1,haversineDistance
FNF:1
FNH:1
FNDA:6,haversineDistance
DA:1,1
DA:2,6
DA:3,6
DA:4,6
DA:6,6
DA:10,6
LF:6
LH:6
BRF:0
BRH:0
end_of_record
TN:
SF:lib/utils/rut.ts
FN:1,cleanRUT
FN:6,autoFormatRUT
FN:12,formatRUT
FN:21,normalizeRUT
FN:27,validateRUT
FN:54,isCedulaURL
FN:61,extractRUTFromCedulaURL
FNF:7
FNH:7
FNDA:24,cleanRUT
FNDA:8,autoFormatRUT
FNDA:4,formatRUT
FNDA:7,normalizeRUT
FNDA:13,validateRUT
FNDA:5,isCedulaURL
FNDA:4,extractRUTFromCedulaURL
DA:1,1
DA:2,24
DA:6,1
DA:7,8
DA:8,8
DA:9,5
DA:12,1
DA:13,4
DA:14,4
DA:15,4
DA:16,4
DA:17,4
DA:18,4
DA:21,1
DA:22,7
DA:23,7
DA:24,7
DA:27,1
DA:28,13
DA:29,13
DA:31,11
DA:32,11
DA:34,11
DA:36,10
DA:37,10
DA:39,10
DA:40,49
DA:41,49
DA:44,10
DA:47,10
DA:48,10
DA:49,6
DA:51,10
DA:54,1
DA:55,5
DA:61,1
DA:62,4
DA:63,4
DA:64,3
DA:65,3
DA:66,2
DA:68,1
LF:42
LH:42
BRDA:8,0,0,3
BRDA:8,0,1,5
BRDA:14,1,0,0
BRDA:14,1,1,4
BRDA:23,2,0,0
BRDA:23,2,1,7
BRDA:29,3,0,2
BRDA:29,3,1,11
BRDA:34,4,0,1
BRDA:34,4,1,10
BRDA:41,5,0,6
BRDA:41,5,1,43
BRDA:47,6,0,0
BRDA:47,6,1,10
BRDA:48,7,0,4
BRDA:48,7,1,6
BRDA:56,8,0,5
BRDA:56,8,1,4
BRDA:56,8,2,1
BRDA:65,9,0,1
BRDA:65,9,1,2
BRF:21
BRH:18
end_of_record
